[0.072s] DEBUG:colcon:Command line arguments: ['/usr/bin/colcon', 'build', '--symlink-install', '--packages-up-to', 'object_tracker']
[0.072s] DEBUG:colcon:Parsed command line arguments: Namespace(log_base=None, log_level=None, verb_name='build', build_base='build', install_base='install', merge_install=False, symlink_install=True, test_result_base=None, continue_on_error=False, executor='parallel', parallel_workers=16, event_handlers=None, ignore_user_meta=False, metas=['./colcon.meta'], base_paths=['.'], packages_ignore=None, packages_ignore_regex=None, paths=None, packages_up_to=['object_tracker'], packages_up_to_regex=None, packages_above=None, packages_above_and_dependencies=None, packages_above_depth=None, packages_select_by_dep=None, packages_skip_by_dep=None, packages_skip_up_to=None, packages_select_build_failed=False, packages_skip_build_finished=False, packages_select_test_failures=False, packages_skip_test_passed=False, packages_select=None, packages_skip=None, packages_select_regex=None, packages_skip_regex=None, packages_start=None, packages_end=None, allow_overriding=[], cmake_args=None, cmake_target=None, cmake_target_skip_unavailable=False, cmake_clean_cache=False, cmake_clean_first=False, cmake_force_configure=False, ament_cmake_args=None, catkin_cmake_args=None, catkin_skip_building_tests=False, mixin_files=None, mixin=None, verb_parser=<colcon_mixin.mixin.mixin_argument.MixinArgumentDecorator object at 0x73ff921ac250>, verb_extension=<colcon_core.verb.build.BuildVerb object at 0x73ff9217bd60>, main=<bound method BuildVerb.main of <colcon_core.verb.build.BuildVerb object at 0x73ff9217bd60>>, mixin_verb=('build',))
[0.176s] Level 1:colcon.colcon_core.package_discovery:discover_packages(colcon_meta) check parameters
[0.176s] Level 1:colcon.colcon_core.package_discovery:discover_packages(recursive) check parameters
[0.176s] Level 1:colcon.colcon_core.package_discovery:discover_packages(ignore) check parameters
[0.176s] Level 1:colcon.colcon_core.package_discovery:discover_packages(path) check parameters
[0.176s] Level 1:colcon.colcon_core.package_discovery:discover_packages(colcon_meta) discover
[0.176s] Level 1:colcon.colcon_core.package_discovery:discover_packages(recursive) discover
[0.176s] INFO:colcon.colcon_core.package_discovery:Crawling recursively for packages in '/home/sadeep/mobile_receptionist_ws/src'
[0.176s] Level 1:colcon.colcon_core.package_identification:_identify(.) by extensions ['ignore', 'ignore_ament_install']
[0.177s] Level 1:colcon.colcon_core.package_identification:_identify(.) by extension 'ignore'
[0.177s] Level 1:colcon.colcon_core.package_identification:_identify(.) by extension 'ignore_ament_install'
[0.177s] Level 1:colcon.colcon_core.package_identification:_identify(.) by extensions ['colcon_pkg']
[0.177s] Level 1:colcon.colcon_core.package_identification:_identify(.) by extension 'colcon_pkg'
[0.177s] Level 1:colcon.colcon_core.package_identification:_identify(.) by extensions ['colcon_meta']
[0.177s] Level 1:colcon.colcon_core.package_identification:_identify(.) by extension 'colcon_meta'
[0.177s] Level 1:colcon.colcon_core.package_identification:_identify(.) by extensions ['ros']
[0.177s] Level 1:colcon.colcon_core.package_identification:_identify(.) by extension 'ros'
[0.190s] Level 1:colcon.colcon_core.package_identification:_identify(.) by extensions ['cmake', 'python']
[0.190s] Level 1:colcon.colcon_core.package_identification:_identify(.) by extension 'cmake'
[0.190s] Level 1:colcon.colcon_core.package_identification:_identify(.) by extension 'python'
[0.190s] Level 1:colcon.colcon_core.package_identification:_identify(.) by extensions ['python_setup_py']
[0.190s] Level 1:colcon.colcon_core.package_identification:_identify(.) by extension 'python_setup_py'
[0.190s] Level 1:colcon.colcon_core.package_identification:_identify(Python-RVO2-main) by extensions ['ignore', 'ignore_ament_install']
[0.190s] Level 1:colcon.colcon_core.package_identification:_identify(Python-RVO2-main) by extension 'ignore'
[0.190s] Level 1:colcon.colcon_core.package_identification:_identify(Python-RVO2-main) by extension 'ignore_ament_install'
[0.190s] Level 1:colcon.colcon_core.package_identification:_identify(Python-RVO2-main) by extensions ['colcon_pkg']
[0.190s] Level 1:colcon.colcon_core.package_identification:_identify(Python-RVO2-main) by extension 'colcon_pkg'
[0.190s] Level 1:colcon.colcon_core.package_identification:_identify(Python-RVO2-main) by extensions ['colcon_meta']
[0.190s] Level 1:colcon.colcon_core.package_identification:_identify(Python-RVO2-main) by extension 'colcon_meta'
[0.190s] Level 1:colcon.colcon_core.package_identification:_identify(Python-RVO2-main) by extensions ['ros']
[0.190s] Level 1:colcon.colcon_core.package_identification:_identify(Python-RVO2-main) by extension 'ros'
[0.190s] Level 1:colcon.colcon_core.package_identification:_identify(Python-RVO2-main) by extensions ['cmake', 'python']
[0.190s] Level 1:colcon.colcon_core.package_identification:_identify(Python-RVO2-main) by extension 'cmake'
[0.195s] Level 1:colcon.colcon_core.package_identification:_identify(Python-RVO2-main) by extension 'python'
[0.195s] DEBUG:colcon.colcon_core.package_identification:Package 'Python-RVO2-main' with type 'cmake' and name 'RVO'
[0.195s] Level 1:colcon.colcon_core.package_identification:_identify(build) by extensions ['ignore', 'ignore_ament_install']
[0.195s] Level 1:colcon.colcon_core.package_identification:_identify(build) by extension 'ignore'
[0.195s] Level 1:colcon.colcon_core.package_identification:_identify(build) ignored
[0.195s] Level 1:colcon.colcon_core.package_identification:_identify(button_localization) by extensions ['ignore', 'ignore_ament_install']
[0.195s] Level 1:colcon.colcon_core.package_identification:_identify(button_localization) by extension 'ignore'
[0.195s] Level 1:colcon.colcon_core.package_identification:_identify(button_localization) by extension 'ignore_ament_install'
[0.195s] Level 1:colcon.colcon_core.package_identification:_identify(button_localization) by extensions ['colcon_pkg']
[0.195s] Level 1:colcon.colcon_core.package_identification:_identify(button_localization) by extension 'colcon_pkg'
[0.196s] Level 1:colcon.colcon_core.package_identification:_identify(button_localization) by extensions ['colcon_meta']
[0.196s] Level 1:colcon.colcon_core.package_identification:_identify(button_localization) by extension 'colcon_meta'
[0.196s] Level 1:colcon.colcon_core.package_identification:_identify(button_localization) by extensions ['ros']
[0.196s] Level 1:colcon.colcon_core.package_identification:_identify(button_localization) by extension 'ros'
[0.197s] DEBUG:colcon.colcon_core.package_identification:Package 'button_localization' with type 'ros.ament_python' and name 'button_localization'
[0.197s] Level 1:colcon.colcon_core.package_identification:_identify(elevator) by extensions ['ignore', 'ignore_ament_install']
[0.197s] Level 1:colcon.colcon_core.package_identification:_identify(elevator) by extension 'ignore'
[0.197s] Level 1:colcon.colcon_core.package_identification:_identify(elevator) by extension 'ignore_ament_install'
[0.197s] Level 1:colcon.colcon_core.package_identification:_identify(elevator) by extensions ['colcon_pkg']
[0.197s] Level 1:colcon.colcon_core.package_identification:_identify(elevator) by extension 'colcon_pkg'
[0.197s] Level 1:colcon.colcon_core.package_identification:_identify(elevator) by extensions ['colcon_meta']
[0.197s] Level 1:colcon.colcon_core.package_identification:_identify(elevator) by extension 'colcon_meta'
[0.197s] Level 1:colcon.colcon_core.package_identification:_identify(elevator) by extensions ['ros']
[0.197s] Level 1:colcon.colcon_core.package_identification:_identify(elevator) by extension 'ros'
[0.197s] DEBUG:colcon.colcon_core.package_identification:Package 'elevator' with type 'ros.ament_cmake' and name 'elevator'
[0.198s] Level 1:colcon.colcon_core.package_identification:_identify(gazebo_plugins) by extensions ['ignore', 'ignore_ament_install']
[0.198s] Level 1:colcon.colcon_core.package_identification:_identify(gazebo_plugins) by extension 'ignore'
[0.198s] Level 1:colcon.colcon_core.package_identification:_identify(gazebo_plugins) by extension 'ignore_ament_install'
[0.198s] Level 1:colcon.colcon_core.package_identification:_identify(gazebo_plugins) by extensions ['colcon_pkg']
[0.198s] Level 1:colcon.colcon_core.package_identification:_identify(gazebo_plugins) by extension 'colcon_pkg'
[0.198s] Level 1:colcon.colcon_core.package_identification:_identify(gazebo_plugins) by extensions ['colcon_meta']
[0.198s] Level 1:colcon.colcon_core.package_identification:_identify(gazebo_plugins) by extension 'colcon_meta'
[0.198s] Level 1:colcon.colcon_core.package_identification:_identify(gazebo_plugins) by extensions ['ros']
[0.198s] Level 1:colcon.colcon_core.package_identification:_identify(gazebo_plugins) by extension 'ros'
[0.198s] Level 1:colcon.colcon_core.package_identification:_identify(gazebo_plugins) by extensions ['cmake', 'python']
[0.198s] Level 1:colcon.colcon_core.package_identification:_identify(gazebo_plugins) by extension 'cmake'
[0.198s] Level 1:colcon.colcon_core.package_identification:_identify(gazebo_plugins) by extension 'python'
[0.198s] Level 1:colcon.colcon_core.package_identification:_identify(gazebo_plugins) by extensions ['python_setup_py']
[0.198s] Level 1:colcon.colcon_core.package_identification:_identify(gazebo_plugins) by extension 'python_setup_py'
[0.198s] Level 1:colcon.colcon_core.package_identification:_identify(gazebo_sfm_plugin-galactic) by extensions ['ignore', 'ignore_ament_install']
[0.198s] Level 1:colcon.colcon_core.package_identification:_identify(gazebo_sfm_plugin-galactic) by extension 'ignore'
[0.198s] Level 1:colcon.colcon_core.package_identification:_identify(gazebo_sfm_plugin-galactic) by extension 'ignore_ament_install'
[0.198s] Level 1:colcon.colcon_core.package_identification:_identify(gazebo_sfm_plugin-galactic) by extensions ['colcon_pkg']
[0.198s] Level 1:colcon.colcon_core.package_identification:_identify(gazebo_sfm_plugin-galactic) by extension 'colcon_pkg'
[0.198s] Level 1:colcon.colcon_core.package_identification:_identify(gazebo_sfm_plugin-galactic) by extensions ['colcon_meta']
[0.198s] Level 1:colcon.colcon_core.package_identification:_identify(gazebo_sfm_plugin-galactic) by extension 'colcon_meta'
[0.198s] Level 1:colcon.colcon_core.package_identification:_identify(gazebo_sfm_plugin-galactic) by extensions ['ros']
[0.198s] Level 1:colcon.colcon_core.package_identification:_identify(gazebo_sfm_plugin-galactic) by extension 'ros'
[0.198s] DEBUG:colcon.colcon_core.package_identification:Package 'gazebo_sfm_plugin-galactic' with type 'ros.ament_cmake' and name 'gazebo_sfm_plugin'
[0.198s] Level 1:colcon.colcon_core.package_identification:_identify(gazebo_worlds) by extensions ['ignore', 'ignore_ament_install']
[0.199s] Level 1:colcon.colcon_core.package_identification:_identify(gazebo_worlds) by extension 'ignore'
[0.199s] Level 1:colcon.colcon_core.package_identification:_identify(gazebo_worlds) by extension 'ignore_ament_install'
[0.199s] Level 1:colcon.colcon_core.package_identification:_identify(gazebo_worlds) by extensions ['colcon_pkg']
[0.199s] Level 1:colcon.colcon_core.package_identification:_identify(gazebo_worlds) by extension 'colcon_pkg'
[0.199s] Level 1:colcon.colcon_core.package_identification:_identify(gazebo_worlds) by extensions ['colcon_meta']
[0.199s] Level 1:colcon.colcon_core.package_identification:_identify(gazebo_worlds) by extension 'colcon_meta'
[0.199s] Level 1:colcon.colcon_core.package_identification:_identify(gazebo_worlds) by extensions ['ros']
[0.199s] Level 1:colcon.colcon_core.package_identification:_identify(gazebo_worlds) by extension 'ros'
[0.199s] Level 1:colcon.colcon_core.package_identification:_identify(gazebo_worlds) by extensions ['cmake', 'python']
[0.199s] Level 1:colcon.colcon_core.package_identification:_identify(gazebo_worlds) by extension 'cmake'
[0.199s] Level 1:colcon.colcon_core.package_identification:_identify(gazebo_worlds) by extension 'python'
[0.199s] Level 1:colcon.colcon_core.package_identification:_identify(gazebo_worlds) by extensions ['python_setup_py']
[0.199s] Level 1:colcon.colcon_core.package_identification:_identify(gazebo_worlds) by extension 'python_setup_py'
[0.199s] Level 1:colcon.colcon_core.package_identification:_identify(goal_predictor) by extensions ['ignore', 'ignore_ament_install']
[0.199s] Level 1:colcon.colcon_core.package_identification:_identify(goal_predictor) by extension 'ignore'
[0.199s] Level 1:colcon.colcon_core.package_identification:_identify(goal_predictor) by extension 'ignore_ament_install'
[0.199s] Level 1:colcon.colcon_core.package_identification:_identify(goal_predictor) by extensions ['colcon_pkg']
[0.199s] Level 1:colcon.colcon_core.package_identification:_identify(goal_predictor) by extension 'colcon_pkg'
[0.199s] Level 1:colcon.colcon_core.package_identification:_identify(goal_predictor) by extensions ['colcon_meta']
[0.199s] Level 1:colcon.colcon_core.package_identification:_identify(goal_predictor) by extension 'colcon_meta'
[0.199s] Level 1:colcon.colcon_core.package_identification:_identify(goal_predictor) by extensions ['ros']
[0.199s] Level 1:colcon.colcon_core.package_identification:_identify(goal_predictor) by extension 'ros'
[0.199s] DEBUG:colcon.colcon_core.package_identification:Package 'goal_predictor' with type 'ros.ament_python' and name 'smrr_goal_predictor'
[0.199s] Level 1:colcon.colcon_core.package_identification:_identify(human_data_buffer) by extensions ['ignore', 'ignore_ament_install']
[0.199s] Level 1:colcon.colcon_core.package_identification:_identify(human_data_buffer) by extension 'ignore'
[0.199s] Level 1:colcon.colcon_core.package_identification:_identify(human_data_buffer) by extension 'ignore_ament_install'
[0.199s] Level 1:colcon.colcon_core.package_identification:_identify(human_data_buffer) by extensions ['colcon_pkg']
[0.199s] Level 1:colcon.colcon_core.package_identification:_identify(human_data_buffer) by extension 'colcon_pkg'
[0.199s] Level 1:colcon.colcon_core.package_identification:_identify(human_data_buffer) by extensions ['colcon_meta']
[0.199s] Level 1:colcon.colcon_core.package_identification:_identify(human_data_buffer) by extension 'colcon_meta'
[0.199s] Level 1:colcon.colcon_core.package_identification:_identify(human_data_buffer) by extensions ['ros']
[0.199s] Level 1:colcon.colcon_core.package_identification:_identify(human_data_buffer) by extension 'ros'
[0.200s] DEBUG:colcon.colcon_core.package_identification:Package 'human_data_buffer' with type 'ros.ament_python' and name 'human_data_buffer'
[0.200s] Level 1:colcon.colcon_core.package_identification:_identify(install) by extensions ['ignore', 'ignore_ament_install']
[0.200s] Level 1:colcon.colcon_core.package_identification:_identify(install) by extension 'ignore'
[0.200s] Level 1:colcon.colcon_core.package_identification:_identify(install) ignored
[0.200s] Level 1:colcon.colcon_core.package_identification:_identify(log) by extensions ['ignore', 'ignore_ament_install']
[0.200s] Level 1:colcon.colcon_core.package_identification:_identify(log) by extension 'ignore'
[0.200s] Level 1:colcon.colcon_core.package_identification:_identify(log) ignored
[0.200s] Level 1:colcon.colcon_core.package_identification:_identify(object_tracker) by extensions ['ignore', 'ignore_ament_install']
[0.200s] Level 1:colcon.colcon_core.package_identification:_identify(object_tracker) by extension 'ignore'
[0.200s] Level 1:colcon.colcon_core.package_identification:_identify(object_tracker) by extension 'ignore_ament_install'
[0.200s] Level 1:colcon.colcon_core.package_identification:_identify(object_tracker) by extensions ['colcon_pkg']
[0.200s] Level 1:colcon.colcon_core.package_identification:_identify(object_tracker) by extension 'colcon_pkg'
[0.200s] Level 1:colcon.colcon_core.package_identification:_identify(object_tracker) by extensions ['colcon_meta']
[0.200s] Level 1:colcon.colcon_core.package_identification:_identify(object_tracker) by extension 'colcon_meta'
[0.200s] Level 1:colcon.colcon_core.package_identification:_identify(object_tracker) by extensions ['ros']
[0.200s] Level 1:colcon.colcon_core.package_identification:_identify(object_tracker) by extension 'ros'
[0.201s] DEBUG:colcon.colcon_core.package_identification:Package 'object_tracker' with type 'ros.ament_python' and name 'object_tracker'
[0.201s] Level 1:colcon.colcon_core.package_identification:_identify(preffered_velocity_prediction) by extensions ['ignore', 'ignore_ament_install']
[0.201s] Level 1:colcon.colcon_core.package_identification:_identify(preffered_velocity_prediction) by extension 'ignore'
[0.201s] Level 1:colcon.colcon_core.package_identification:_identify(preffered_velocity_prediction) by extension 'ignore_ament_install'
[0.201s] Level 1:colcon.colcon_core.package_identification:_identify(preffered_velocity_prediction) by extensions ['colcon_pkg']
[0.201s] Level 1:colcon.colcon_core.package_identification:_identify(preffered_velocity_prediction) by extension 'colcon_pkg'
[0.201s] Level 1:colcon.colcon_core.package_identification:_identify(preffered_velocity_prediction) by extensions ['colcon_meta']
[0.201s] Level 1:colcon.colcon_core.package_identification:_identify(preffered_velocity_prediction) by extension 'colcon_meta'
[0.201s] Level 1:colcon.colcon_core.package_identification:_identify(preffered_velocity_prediction) by extensions ['ros']
[0.201s] Level 1:colcon.colcon_core.package_identification:_identify(preffered_velocity_prediction) by extension 'ros'
[0.202s] DEBUG:colcon.colcon_core.package_identification:Package 'preffered_velocity_prediction' with type 'ros.ament_python' and name 'preffered_velocity_prediction'
[0.202s] Level 1:colcon.colcon_core.package_identification:_identify(realsense_gazebo_plugin) by extensions ['ignore', 'ignore_ament_install']
[0.202s] Level 1:colcon.colcon_core.package_identification:_identify(realsense_gazebo_plugin) by extension 'ignore'
[0.202s] Level 1:colcon.colcon_core.package_identification:_identify(realsense_gazebo_plugin) by extension 'ignore_ament_install'
[0.202s] Level 1:colcon.colcon_core.package_identification:_identify(realsense_gazebo_plugin) by extensions ['colcon_pkg']
[0.202s] Level 1:colcon.colcon_core.package_identification:_identify(realsense_gazebo_plugin) by extension 'colcon_pkg'
[0.202s] Level 1:colcon.colcon_core.package_identification:_identify(realsense_gazebo_plugin) by extensions ['colcon_meta']
[0.202s] Level 1:colcon.colcon_core.package_identification:_identify(realsense_gazebo_plugin) by extension 'colcon_meta'
[0.202s] Level 1:colcon.colcon_core.package_identification:_identify(realsense_gazebo_plugin) by extensions ['ros']
[0.202s] Level 1:colcon.colcon_core.package_identification:_identify(realsense_gazebo_plugin) by extension 'ros'
[0.202s] DEBUG:colcon.colcon_core.package_identification:Package 'realsense_gazebo_plugin' with type 'ros.ament_cmake' and name 'realsense_gazebo_plugin'
[0.202s] Level 1:colcon.colcon_core.package_identification:_identify(rosbag2_2025_04_02-17_24_55) by extensions ['ignore', 'ignore_ament_install']
[0.202s] Level 1:colcon.colcon_core.package_identification:_identify(rosbag2_2025_04_02-17_24_55) by extension 'ignore'
[0.202s] Level 1:colcon.colcon_core.package_identification:_identify(rosbag2_2025_04_02-17_24_55) by extension 'ignore_ament_install'
[0.202s] Level 1:colcon.colcon_core.package_identification:_identify(rosbag2_2025_04_02-17_24_55) by extensions ['colcon_pkg']
[0.202s] Level 1:colcon.colcon_core.package_identification:_identify(rosbag2_2025_04_02-17_24_55) by extension 'colcon_pkg'
[0.202s] Level 1:colcon.colcon_core.package_identification:_identify(rosbag2_2025_04_02-17_24_55) by extensions ['colcon_meta']
[0.202s] Level 1:colcon.colcon_core.package_identification:_identify(rosbag2_2025_04_02-17_24_55) by extension 'colcon_meta'
[0.202s] Level 1:colcon.colcon_core.package_identification:_identify(rosbag2_2025_04_02-17_24_55) by extensions ['ros']
[0.202s] Level 1:colcon.colcon_core.package_identification:_identify(rosbag2_2025_04_02-17_24_55) by extension 'ros'
[0.202s] Level 1:colcon.colcon_core.package_identification:_identify(rosbag2_2025_04_02-17_24_55) by extensions ['cmake', 'python']
[0.202s] Level 1:colcon.colcon_core.package_identification:_identify(rosbag2_2025_04_02-17_24_55) by extension 'cmake'
[0.202s] Level 1:colcon.colcon_core.package_identification:_identify(rosbag2_2025_04_02-17_24_55) by extension 'python'
[0.202s] Level 1:colcon.colcon_core.package_identification:_identify(rosbag2_2025_04_02-17_24_55) by extensions ['python_setup_py']
[0.202s] Level 1:colcon.colcon_core.package_identification:_identify(rosbag2_2025_04_02-17_24_55) by extension 'python_setup_py'
[0.203s] Level 1:colcon.colcon_core.package_identification:_identify(smrr_controller) by extensions ['ignore', 'ignore_ament_install']
[0.203s] Level 1:colcon.colcon_core.package_identification:_identify(smrr_controller) by extension 'ignore'
[0.203s] Level 1:colcon.colcon_core.package_identification:_identify(smrr_controller) by extension 'ignore_ament_install'
[0.203s] Level 1:colcon.colcon_core.package_identification:_identify(smrr_controller) by extensions ['colcon_pkg']
[0.203s] Level 1:colcon.colcon_core.package_identification:_identify(smrr_controller) by extension 'colcon_pkg'
[0.203s] Level 1:colcon.colcon_core.package_identification:_identify(smrr_controller) by extensions ['colcon_meta']
[0.203s] Level 1:colcon.colcon_core.package_identification:_identify(smrr_controller) by extension 'colcon_meta'
[0.203s] Level 1:colcon.colcon_core.package_identification:_identify(smrr_controller) by extensions ['ros']
[0.203s] Level 1:colcon.colcon_core.package_identification:_identify(smrr_controller) by extension 'ros'
[0.203s] DEBUG:colcon.colcon_core.package_identification:Package 'smrr_controller' with type 'ros.ament_cmake' and name 'smrr_controller'
[0.203s] Level 1:colcon.colcon_core.package_identification:_identify(smrr_crowd_nav) by extensions ['ignore', 'ignore_ament_install']
[0.203s] Level 1:colcon.colcon_core.package_identification:_identify(smrr_crowd_nav) by extension 'ignore'
[0.203s] Level 1:colcon.colcon_core.package_identification:_identify(smrr_crowd_nav) by extension 'ignore_ament_install'
[0.203s] Level 1:colcon.colcon_core.package_identification:_identify(smrr_crowd_nav) by extensions ['colcon_pkg']
[0.203s] Level 1:colcon.colcon_core.package_identification:_identify(smrr_crowd_nav) by extension 'colcon_pkg'
[0.203s] Level 1:colcon.colcon_core.package_identification:_identify(smrr_crowd_nav) by extensions ['colcon_meta']
[0.203s] Level 1:colcon.colcon_core.package_identification:_identify(smrr_crowd_nav) by extension 'colcon_meta'
[0.203s] Level 1:colcon.colcon_core.package_identification:_identify(smrr_crowd_nav) by extensions ['ros']
[0.203s] Level 1:colcon.colcon_core.package_identification:_identify(smrr_crowd_nav) by extension 'ros'
[0.203s] DEBUG:colcon.colcon_core.package_identification:Package 'smrr_crowd_nav' with type 'ros.ament_python' and name 'smrr_crowd_nav'
[0.203s] Level 1:colcon.colcon_core.package_identification:_identify(smrr_crowdnav) by extensions ['ignore', 'ignore_ament_install']
[0.203s] Level 1:colcon.colcon_core.package_identification:_identify(smrr_crowdnav) by extension 'ignore'
[0.204s] Level 1:colcon.colcon_core.package_identification:_identify(smrr_crowdnav) by extension 'ignore_ament_install'
[0.204s] Level 1:colcon.colcon_core.package_identification:_identify(smrr_crowdnav) by extensions ['colcon_pkg']
[0.204s] Level 1:colcon.colcon_core.package_identification:_identify(smrr_crowdnav) by extension 'colcon_pkg'
[0.204s] Level 1:colcon.colcon_core.package_identification:_identify(smrr_crowdnav) by extensions ['colcon_meta']
[0.204s] Level 1:colcon.colcon_core.package_identification:_identify(smrr_crowdnav) by extension 'colcon_meta'
[0.204s] Level 1:colcon.colcon_core.package_identification:_identify(smrr_crowdnav) by extensions ['ros']
[0.204s] Level 1:colcon.colcon_core.package_identification:_identify(smrr_crowdnav) by extension 'ros'
[0.204s] DEBUG:colcon.colcon_core.package_identification:Package 'smrr_crowdnav' with type 'ros.ament_python' and name 'smrr_crowdnav'
[0.204s] Level 1:colcon.colcon_core.package_identification:_identify(smrr_description) by extensions ['ignore', 'ignore_ament_install']
[0.204s] Level 1:colcon.colcon_core.package_identification:_identify(smrr_description) by extension 'ignore'
[0.204s] Level 1:colcon.colcon_core.package_identification:_identify(smrr_description) by extension 'ignore_ament_install'
[0.204s] Level 1:colcon.colcon_core.package_identification:_identify(smrr_description) by extensions ['colcon_pkg']
[0.204s] Level 1:colcon.colcon_core.package_identification:_identify(smrr_description) by extension 'colcon_pkg'
[0.204s] Level 1:colcon.colcon_core.package_identification:_identify(smrr_description) by extensions ['colcon_meta']
[0.204s] Level 1:colcon.colcon_core.package_identification:_identify(smrr_description) by extension 'colcon_meta'
[0.204s] Level 1:colcon.colcon_core.package_identification:_identify(smrr_description) by extensions ['ros']
[0.204s] Level 1:colcon.colcon_core.package_identification:_identify(smrr_description) by extension 'ros'
[0.205s] DEBUG:colcon.colcon_core.package_identification:Package 'smrr_description' with type 'ros.ament_cmake' and name 'smrr_description'
[0.205s] Level 1:colcon.colcon_core.package_identification:_identify(smrr_executions) by extensions ['ignore', 'ignore_ament_install']
[0.205s] Level 1:colcon.colcon_core.package_identification:_identify(smrr_executions) by extension 'ignore'
[0.205s] Level 1:colcon.colcon_core.package_identification:_identify(smrr_executions) by extension 'ignore_ament_install'
[0.205s] Level 1:colcon.colcon_core.package_identification:_identify(smrr_executions) by extensions ['colcon_pkg']
[0.205s] Level 1:colcon.colcon_core.package_identification:_identify(smrr_executions) by extension 'colcon_pkg'
[0.205s] Level 1:colcon.colcon_core.package_identification:_identify(smrr_executions) by extensions ['colcon_meta']
[0.205s] Level 1:colcon.colcon_core.package_identification:_identify(smrr_executions) by extension 'colcon_meta'
[0.205s] Level 1:colcon.colcon_core.package_identification:_identify(smrr_executions) by extensions ['ros']
[0.205s] Level 1:colcon.colcon_core.package_identification:_identify(smrr_executions) by extension 'ros'
[0.205s] DEBUG:colcon.colcon_core.package_identification:Package 'smrr_executions' with type 'ros.ament_cmake' and name 'smrr_executions'
[0.205s] Level 1:colcon.colcon_core.package_identification:_identify(smrr_interfaces) by extensions ['ignore', 'ignore_ament_install']
[0.205s] Level 1:colcon.colcon_core.package_identification:_identify(smrr_interfaces) by extension 'ignore'
[0.205s] Level 1:colcon.colcon_core.package_identification:_identify(smrr_interfaces) by extension 'ignore_ament_install'
[0.205s] Level 1:colcon.colcon_core.package_identification:_identify(smrr_interfaces) by extensions ['colcon_pkg']
[0.205s] Level 1:colcon.colcon_core.package_identification:_identify(smrr_interfaces) by extension 'colcon_pkg'
[0.205s] Level 1:colcon.colcon_core.package_identification:_identify(smrr_interfaces) by extensions ['colcon_meta']
[0.206s] Level 1:colcon.colcon_core.package_identification:_identify(smrr_interfaces) by extension 'colcon_meta'
[0.206s] Level 1:colcon.colcon_core.package_identification:_identify(smrr_interfaces) by extensions ['ros']
[0.206s] Level 1:colcon.colcon_core.package_identification:_identify(smrr_interfaces) by extension 'ros'
[0.206s] DEBUG:colcon.colcon_core.package_identification:Package 'smrr_interfaces' with type 'ros.ament_cmake' and name 'smrr_interfaces'
[0.206s] Level 1:colcon.colcon_core.package_identification:_identify(smrr_localization) by extensions ['ignore', 'ignore_ament_install']
[0.206s] Level 1:colcon.colcon_core.package_identification:_identify(smrr_localization) by extension 'ignore'
[0.206s] Level 1:colcon.colcon_core.package_identification:_identify(smrr_localization) by extension 'ignore_ament_install'
[0.206s] Level 1:colcon.colcon_core.package_identification:_identify(smrr_localization) by extensions ['colcon_pkg']
[0.206s] Level 1:colcon.colcon_core.package_identification:_identify(smrr_localization) by extension 'colcon_pkg'
[0.206s] Level 1:colcon.colcon_core.package_identification:_identify(smrr_localization) by extensions ['colcon_meta']
[0.206s] Level 1:colcon.colcon_core.package_identification:_identify(smrr_localization) by extension 'colcon_meta'
[0.206s] Level 1:colcon.colcon_core.package_identification:_identify(smrr_localization) by extensions ['ros']
[0.206s] Level 1:colcon.colcon_core.package_identification:_identify(smrr_localization) by extension 'ros'
[0.206s] DEBUG:colcon.colcon_core.package_identification:Package 'smrr_localization' with type 'ros.ament_cmake' and name 'smrr_localization'
[0.206s] Level 1:colcon.colcon_core.package_identification:_identify(smrr_moveit) by extensions ['ignore', 'ignore_ament_install']
[0.206s] Level 1:colcon.colcon_core.package_identification:_identify(smrr_moveit) by extension 'ignore'
[0.206s] Level 1:colcon.colcon_core.package_identification:_identify(smrr_moveit) by extension 'ignore_ament_install'
[0.207s] Level 1:colcon.colcon_core.package_identification:_identify(smrr_moveit) by extensions ['colcon_pkg']
[0.207s] Level 1:colcon.colcon_core.package_identification:_identify(smrr_moveit) by extension 'colcon_pkg'
[0.207s] Level 1:colcon.colcon_core.package_identification:_identify(smrr_moveit) by extensions ['colcon_meta']
[0.207s] Level 1:colcon.colcon_core.package_identification:_identify(smrr_moveit) by extension 'colcon_meta'
[0.207s] Level 1:colcon.colcon_core.package_identification:_identify(smrr_moveit) by extensions ['ros']
[0.207s] Level 1:colcon.colcon_core.package_identification:_identify(smrr_moveit) by extension 'ros'
[0.207s] DEBUG:colcon.colcon_core.package_identification:Package 'smrr_moveit' with type 'ros.ament_cmake' and name 'smrr_moveit'
[0.207s] Level 1:colcon.colcon_core.package_identification:_identify(smrr_multinav) by extensions ['ignore', 'ignore_ament_install']
[0.207s] Level 1:colcon.colcon_core.package_identification:_identify(smrr_multinav) by extension 'ignore'
[0.207s] Level 1:colcon.colcon_core.package_identification:_identify(smrr_multinav) by extension 'ignore_ament_install'
[0.207s] Level 1:colcon.colcon_core.package_identification:_identify(smrr_multinav) by extensions ['colcon_pkg']
[0.207s] Level 1:colcon.colcon_core.package_identification:_identify(smrr_multinav) by extension 'colcon_pkg'
[0.207s] Level 1:colcon.colcon_core.package_identification:_identify(smrr_multinav) by extensions ['colcon_meta']
[0.207s] Level 1:colcon.colcon_core.package_identification:_identify(smrr_multinav) by extension 'colcon_meta'
[0.207s] Level 1:colcon.colcon_core.package_identification:_identify(smrr_multinav) by extensions ['ros']
[0.207s] Level 1:colcon.colcon_core.package_identification:_identify(smrr_multinav) by extension 'ros'
[0.207s] DEBUG:colcon.colcon_core.package_identification:Package 'smrr_multinav' with type 'ros.ament_cmake' and name 'smrr_multinav'
[0.208s] Level 1:colcon.colcon_core.package_identification:_identify(smrr_utilities) by extensions ['ignore', 'ignore_ament_install']
[0.208s] Level 1:colcon.colcon_core.package_identification:_identify(smrr_utilities) by extension 'ignore'
[0.208s] Level 1:colcon.colcon_core.package_identification:_identify(smrr_utilities) by extension 'ignore_ament_install'
[0.208s] Level 1:colcon.colcon_core.package_identification:_identify(smrr_utilities) by extensions ['colcon_pkg']
[0.208s] Level 1:colcon.colcon_core.package_identification:_identify(smrr_utilities) by extension 'colcon_pkg'
[0.208s] Level 1:colcon.colcon_core.package_identification:_identify(smrr_utilities) by extensions ['colcon_meta']
[0.208s] Level 1:colcon.colcon_core.package_identification:_identify(smrr_utilities) by extension 'colcon_meta'
[0.208s] Level 1:colcon.colcon_core.package_identification:_identify(smrr_utilities) by extensions ['ros']
[0.208s] Level 1:colcon.colcon_core.package_identification:_identify(smrr_utilities) by extension 'ros'
[0.208s] DEBUG:colcon.colcon_core.package_identification:Package 'smrr_utilities' with type 'ros.ament_python' and name 'smrr_utilities'
[0.208s] Level 1:colcon.colcon_core.package_discovery:discover_packages(recursive) using defaults
[0.208s] Level 1:colcon.colcon_core.package_discovery:discover_packages(ignore) discover
[0.208s] Level 1:colcon.colcon_core.package_discovery:discover_packages(ignore) using defaults
[0.208s] Level 1:colcon.colcon_core.package_discovery:discover_packages(path) discover
[0.208s] Level 1:colcon.colcon_core.package_discovery:discover_packages(path) using defaults
[0.229s] INFO:colcon.colcon_core.package_selection:Skipping package 'smrr_executions' in 'smrr_executions'
[0.229s] INFO:colcon.colcon_core.package_selection:Skipping package 'smrr_crowdnav' in 'smrr_crowdnav'
[0.229s] INFO:colcon.colcon_core.package_selection:Skipping package 'smrr_utilities' in 'smrr_utilities'
[0.229s] INFO:colcon.colcon_core.package_selection:Skipping package 'smrr_multinav' in 'smrr_multinav'
[0.229s] INFO:colcon.colcon_core.package_selection:Skipping package 'smrr_moveit' in 'smrr_moveit'
[0.229s] INFO:colcon.colcon_core.package_selection:Skipping package 'smrr_localization' in 'smrr_localization'
[0.229s] INFO:colcon.colcon_core.package_selection:Skipping package 'smrr_goal_predictor' in 'goal_predictor'
[0.229s] INFO:colcon.colcon_core.package_selection:Skipping package 'smrr_description' in 'smrr_description'
[0.229s] INFO:colcon.colcon_core.package_selection:Skipping package 'smrr_crowd_nav' in 'smrr_crowd_nav'
[0.229s] INFO:colcon.colcon_core.package_selection:Skipping package 'smrr_controller' in 'smrr_controller'
[0.229s] INFO:colcon.colcon_core.package_selection:Skipping package 'realsense_gazebo_plugin' in 'realsense_gazebo_plugin'
[0.229s] INFO:colcon.colcon_core.package_selection:Skipping package 'preffered_velocity_prediction' in 'preffered_velocity_prediction'
[0.229s] INFO:colcon.colcon_core.package_selection:Skipping package 'human_data_buffer' in 'human_data_buffer'
[0.229s] INFO:colcon.colcon_core.package_selection:Skipping package 'gazebo_sfm_plugin' in 'gazebo_sfm_plugin-galactic'
[0.229s] INFO:colcon.colcon_core.package_selection:Skipping package 'elevator' in 'elevator'
[0.229s] INFO:colcon.colcon_core.package_selection:Skipping package 'button_localization' in 'button_localization'
[0.229s] INFO:colcon.colcon_core.package_selection:Skipping package 'RVO' in 'Python-RVO2-main'
[0.229s] Level 1:colcon.colcon_core.package_discovery:discover_packages(prefix_path) check parameters
[0.229s] Level 1:colcon.colcon_core.package_discovery:discover_packages(prefix_path) discover
[0.237s] DEBUG:colcon.colcon_installed_package_information.package_discovery:Found 5 installed packages in /home/sadeep/sansar_arm_ws/install
[0.238s] DEBUG:colcon.colcon_installed_package_information.package_discovery:Found 4 installed packages in /home/sadeep/Projects/flexobot_ws/install
[0.238s] DEBUG:colcon.colcon_installed_package_information.package_discovery:Found 7 installed packages in /home/sadeep/Projects/turbobot_ws/install
[0.238s] DEBUG:colcon.colcon_installed_package_information.package_discovery:Found 3 installed packages in /home/sadeep/ekf_ws/install
[0.239s] DEBUG:colcon.colcon_installed_package_information.package_discovery:Found 19 installed packages in /home/sadeep/mobile_receptionist_ws/install
[0.240s] DEBUG:colcon.colcon_installed_package_information.package_discovery:Found 449 installed packages in /opt/ros/humble
[0.241s] Level 1:colcon.colcon_core.package_discovery:discover_packages(prefix_path) using defaults
[0.319s] WARNING:colcon.colcon_core.package_selection:Some selected packages are already built in one or more underlay workspaces:
	'smrr_interfaces' is in: /home/sadeep/mobile_receptionist_ws/install/smrr_interfaces
If a package in a merged underlay workspace is overridden and it installs headers, then all packages in the overlay must sort their include directories by workspace order. Failure to do so may result in build failures or undefined behavior at run time.
If the overridden package is used by another package in any underlay, then the overriding package in the overlay must be API and ABI compatible or undefined behavior at run time may occur.

If you understand the risks and want to override a package anyways, add the following to the command line:
	--allow-overriding smrr_interfaces

This may be promoted to an error in a future release of colcon-override-check.
[0.319s] Level 5:colcon.colcon_core.verb:set package 'smrr_interfaces' build argument 'cmake_args' from command line to 'None'
[0.319s] Level 5:colcon.colcon_core.verb:set package 'smrr_interfaces' build argument 'cmake_target' from command line to 'None'
[0.319s] Level 5:colcon.colcon_core.verb:set package 'smrr_interfaces' build argument 'cmake_target_skip_unavailable' from command line to 'False'
[0.319s] Level 5:colcon.colcon_core.verb:set package 'smrr_interfaces' build argument 'cmake_clean_cache' from command line to 'False'
[0.319s] Level 5:colcon.colcon_core.verb:set package 'smrr_interfaces' build argument 'cmake_clean_first' from command line to 'False'
[0.319s] Level 5:colcon.colcon_core.verb:set package 'smrr_interfaces' build argument 'cmake_force_configure' from command line to 'False'
[0.319s] Level 5:colcon.colcon_core.verb:set package 'smrr_interfaces' build argument 'ament_cmake_args' from command line to 'None'
[0.319s] Level 5:colcon.colcon_core.verb:set package 'smrr_interfaces' build argument 'catkin_cmake_args' from command line to 'None'
[0.319s] Level 5:colcon.colcon_core.verb:set package 'smrr_interfaces' build argument 'catkin_skip_building_tests' from command line to 'False'
[0.319s] DEBUG:colcon.colcon_core.verb:Building package 'smrr_interfaces' with the following arguments: {'ament_cmake_args': None, 'build_base': '/home/sadeep/mobile_receptionist_ws/src/build/smrr_interfaces', 'catkin_cmake_args': None, 'catkin_skip_building_tests': False, 'cmake_args': None, 'cmake_clean_cache': False, 'cmake_clean_first': False, 'cmake_force_configure': False, 'cmake_target': None, 'cmake_target_skip_unavailable': False, 'install_base': '/home/sadeep/mobile_receptionist_ws/src/install/smrr_interfaces', 'merge_install': False, 'path': '/home/sadeep/mobile_receptionist_ws/src/smrr_interfaces', 'symlink_install': True, 'test_result_base': None}
[0.320s] Level 5:colcon.colcon_core.verb:set package 'object_tracker' build argument 'cmake_args' from command line to 'None'
[0.320s] Level 5:colcon.colcon_core.verb:set package 'object_tracker' build argument 'cmake_target' from command line to 'None'
[0.320s] Level 5:colcon.colcon_core.verb:set package 'object_tracker' build argument 'cmake_target_skip_unavailable' from command line to 'False'
[0.320s] Level 5:colcon.colcon_core.verb:set package 'object_tracker' build argument 'cmake_clean_cache' from command line to 'False'
[0.320s] Level 5:colcon.colcon_core.verb:set package 'object_tracker' build argument 'cmake_clean_first' from command line to 'False'
[0.320s] Level 5:colcon.colcon_core.verb:set package 'object_tracker' build argument 'cmake_force_configure' from command line to 'False'
[0.320s] Level 5:colcon.colcon_core.verb:set package 'object_tracker' build argument 'ament_cmake_args' from command line to 'None'
[0.320s] Level 5:colcon.colcon_core.verb:set package 'object_tracker' build argument 'catkin_cmake_args' from command line to 'None'
[0.320s] Level 5:colcon.colcon_core.verb:set package 'object_tracker' build argument 'catkin_skip_building_tests' from command line to 'False'
[0.320s] DEBUG:colcon.colcon_core.verb:Building package 'object_tracker' with the following arguments: {'ament_cmake_args': None, 'build_base': '/home/sadeep/mobile_receptionist_ws/src/build/object_tracker', 'catkin_cmake_args': None, 'catkin_skip_building_tests': False, 'cmake_args': None, 'cmake_clean_cache': False, 'cmake_clean_first': False, 'cmake_force_configure': False, 'cmake_target': None, 'cmake_target_skip_unavailable': False, 'install_base': '/home/sadeep/mobile_receptionist_ws/src/install/object_tracker', 'merge_install': False, 'path': '/home/sadeep/mobile_receptionist_ws/src/object_tracker', 'symlink_install': True, 'test_result_base': None}
[0.320s] INFO:colcon.colcon_core.executor:Executing jobs using 'parallel' executor
[0.321s] DEBUG:colcon.colcon_parallel_executor.executor.parallel:run_until_complete
[0.321s] INFO:colcon.colcon_ros.task.ament_cmake.build:Building ROS package in '/home/sadeep/mobile_receptionist_ws/src/smrr_interfaces' with build type 'ament_cmake'
[0.321s] INFO:colcon.colcon_cmake.task.cmake.build:Building CMake package in '/home/sadeep/mobile_receptionist_ws/src/smrr_interfaces'
[0.326s] INFO:colcon.colcon_core.plugin_system:Skipping extension 'colcon_core.shell.bat': Not used on non-Windows systems
[0.326s] INFO:colcon.colcon_core.shell:Skip shell extension 'powershell' for command environment: Not usable outside of PowerShell
[0.326s] DEBUG:colcon.colcon_core.shell:Skip shell extension 'dsv' for command environment
[0.338s] DEBUG:colcon.colcon_core.event_handler.log_command:Invoking command in '/home/sadeep/mobile_receptionist_ws/src/build/smrr_interfaces': CMAKE_PREFIX_PATH=${CMAKE_PREFIX_PATH}:/home/sadeep/mobile_receptionist_ws/install/smrr_utilities:/home/sadeep/mobile_receptionist_ws/install/smrr_crowdnav:/home/sadeep/mobile_receptionist_ws/install/object_tracker:/home/sadeep/mobile_receptionist_ws/install/smrr_goal_predictor:/home/sadeep/mobile_receptionist_ws/install/smrr_crowd_nav:/home/sadeep/mobile_receptionist_ws/install/preffered_velocity_prediction:/home/sadeep/mobile_receptionist_ws/install/human_data_buffer:/home/sadeep/mobile_receptionist_ws/install/button_localization:/home/sadeep/ekf_ws/install/turtlebot_ekf:/opt/ros/humble /usr/bin/cmake /home/sadeep/mobile_receptionist_ws/src/smrr_interfaces -DAMENT_CMAKE_SYMLINK_INSTALL=1 -DCMAKE_INSTALL_PREFIX=/home/sadeep/mobile_receptionist_ws/src/install/smrr_interfaces
[2.674s] DEBUG:colcon.colcon_core.event_handler.log_command:Invoked command in '/home/sadeep/mobile_receptionist_ws/src/build/smrr_interfaces' returned '0': CMAKE_PREFIX_PATH=${CMAKE_PREFIX_PATH}:/home/sadeep/mobile_receptionist_ws/install/smrr_utilities:/home/sadeep/mobile_receptionist_ws/install/smrr_crowdnav:/home/sadeep/mobile_receptionist_ws/install/object_tracker:/home/sadeep/mobile_receptionist_ws/install/smrr_goal_predictor:/home/sadeep/mobile_receptionist_ws/install/smrr_crowd_nav:/home/sadeep/mobile_receptionist_ws/install/preffered_velocity_prediction:/home/sadeep/mobile_receptionist_ws/install/human_data_buffer:/home/sadeep/mobile_receptionist_ws/install/button_localization:/home/sadeep/ekf_ws/install/turtlebot_ekf:/opt/ros/humble /usr/bin/cmake /home/sadeep/mobile_receptionist_ws/src/smrr_interfaces -DAMENT_CMAKE_SYMLINK_INSTALL=1 -DCMAKE_INSTALL_PREFIX=/home/sadeep/mobile_receptionist_ws/src/install/smrr_interfaces
[2.675s] DEBUG:colcon.colcon_core.event_handler.log_command:Invoking command in '/home/sadeep/mobile_receptionist_ws/src/build/smrr_interfaces': CMAKE_PREFIX_PATH=${CMAKE_PREFIX_PATH}:/home/sadeep/mobile_receptionist_ws/install/smrr_utilities:/home/sadeep/mobile_receptionist_ws/install/smrr_crowdnav:/home/sadeep/mobile_receptionist_ws/install/object_tracker:/home/sadeep/mobile_receptionist_ws/install/smrr_goal_predictor:/home/sadeep/mobile_receptionist_ws/install/smrr_crowd_nav:/home/sadeep/mobile_receptionist_ws/install/preffered_velocity_prediction:/home/sadeep/mobile_receptionist_ws/install/human_data_buffer:/home/sadeep/mobile_receptionist_ws/install/button_localization:/home/sadeep/ekf_ws/install/turtlebot_ekf:/opt/ros/humble /usr/bin/cmake --build /home/sadeep/mobile_receptionist_ws/src/build/smrr_interfaces -- -j16 -l16
[7.391s] DEBUG:colcon.colcon_core.event_handler.log_command:Invoked command in '/home/sadeep/mobile_receptionist_ws/src/build/smrr_interfaces' returned '0': CMAKE_PREFIX_PATH=${CMAKE_PREFIX_PATH}:/home/sadeep/mobile_receptionist_ws/install/smrr_utilities:/home/sadeep/mobile_receptionist_ws/install/smrr_crowdnav:/home/sadeep/mobile_receptionist_ws/install/object_tracker:/home/sadeep/mobile_receptionist_ws/install/smrr_goal_predictor:/home/sadeep/mobile_receptionist_ws/install/smrr_crowd_nav:/home/sadeep/mobile_receptionist_ws/install/preffered_velocity_prediction:/home/sadeep/mobile_receptionist_ws/install/human_data_buffer:/home/sadeep/mobile_receptionist_ws/install/button_localization:/home/sadeep/ekf_ws/install/turtlebot_ekf:/opt/ros/humble /usr/bin/cmake --build /home/sadeep/mobile_receptionist_ws/src/build/smrr_interfaces -- -j16 -l16
[7.838s] DEBUG:colcon.colcon_core.event_handler.log_command:Invoking command in '/home/sadeep/mobile_receptionist_ws/src/build/smrr_interfaces': CMAKE_PREFIX_PATH=${CMAKE_PREFIX_PATH}:/home/sadeep/mobile_receptionist_ws/install/smrr_utilities:/home/sadeep/mobile_receptionist_ws/install/smrr_crowdnav:/home/sadeep/mobile_receptionist_ws/install/object_tracker:/home/sadeep/mobile_receptionist_ws/install/smrr_goal_predictor:/home/sadeep/mobile_receptionist_ws/install/smrr_crowd_nav:/home/sadeep/mobile_receptionist_ws/install/preffered_velocity_prediction:/home/sadeep/mobile_receptionist_ws/install/human_data_buffer:/home/sadeep/mobile_receptionist_ws/install/button_localization:/home/sadeep/ekf_ws/install/turtlebot_ekf:/opt/ros/humble /usr/bin/cmake --install /home/sadeep/mobile_receptionist_ws/src/build/smrr_interfaces
[9.847s] Level 1:colcon.colcon_core.environment:create_environment_scripts_only(smrr_interfaces)
[9.848s] DEBUG:colcon.colcon_core.event_handler.log_command:Invoked command in '/home/sadeep/mobile_receptionist_ws/src/build/smrr_interfaces' returned '0': CMAKE_PREFIX_PATH=${CMAKE_PREFIX_PATH}:/home/sadeep/mobile_receptionist_ws/install/smrr_utilities:/home/sadeep/mobile_receptionist_ws/install/smrr_crowdnav:/home/sadeep/mobile_receptionist_ws/install/object_tracker:/home/sadeep/mobile_receptionist_ws/install/smrr_goal_predictor:/home/sadeep/mobile_receptionist_ws/install/smrr_crowd_nav:/home/sadeep/mobile_receptionist_ws/install/preffered_velocity_prediction:/home/sadeep/mobile_receptionist_ws/install/human_data_buffer:/home/sadeep/mobile_receptionist_ws/install/button_localization:/home/sadeep/ekf_ws/install/turtlebot_ekf:/opt/ros/humble /usr/bin/cmake --install /home/sadeep/mobile_receptionist_ws/src/build/smrr_interfaces
[9.850s] Level 1:colcon.colcon_core.environment:checking '/home/sadeep/mobile_receptionist_ws/src/install/smrr_interfaces' for CMake module files
[9.851s] Level 1:colcon.colcon_core.environment:checking '/home/sadeep/mobile_receptionist_ws/src/install/smrr_interfaces' for CMake config files
[9.852s] Level 1:colcon.colcon_core.shell:create_environment_hook('smrr_interfaces', 'cmake_prefix_path')
[9.852s] INFO:colcon.colcon_core.shell:Creating environment hook '/home/sadeep/mobile_receptionist_ws/src/install/smrr_interfaces/share/smrr_interfaces/hook/cmake_prefix_path.ps1'
[9.853s] INFO:colcon.colcon_core.shell:Creating environment descriptor '/home/sadeep/mobile_receptionist_ws/src/install/smrr_interfaces/share/smrr_interfaces/hook/cmake_prefix_path.dsv'
[9.853s] INFO:colcon.colcon_core.shell:Creating environment hook '/home/sadeep/mobile_receptionist_ws/src/install/smrr_interfaces/share/smrr_interfaces/hook/cmake_prefix_path.sh'
[9.853s] Level 1:colcon.colcon_core.environment:checking '/home/sadeep/mobile_receptionist_ws/src/install/smrr_interfaces/lib'
[9.854s] Level 1:colcon.colcon_core.shell:create_environment_hook('smrr_interfaces', 'ld_library_path_lib')
[9.854s] INFO:colcon.colcon_core.shell:Creating environment hook '/home/sadeep/mobile_receptionist_ws/src/install/smrr_interfaces/share/smrr_interfaces/hook/ld_library_path_lib.ps1'
[9.854s] INFO:colcon.colcon_core.shell:Creating environment descriptor '/home/sadeep/mobile_receptionist_ws/src/install/smrr_interfaces/share/smrr_interfaces/hook/ld_library_path_lib.dsv'
[9.854s] INFO:colcon.colcon_core.shell:Creating environment hook '/home/sadeep/mobile_receptionist_ws/src/install/smrr_interfaces/share/smrr_interfaces/hook/ld_library_path_lib.sh'
[9.854s] Level 1:colcon.colcon_core.environment:checking '/home/sadeep/mobile_receptionist_ws/src/install/smrr_interfaces/bin'
[9.854s] Level 1:colcon.colcon_core.environment:checking '/home/sadeep/mobile_receptionist_ws/src/install/smrr_interfaces/lib/pkgconfig/smrr_interfaces.pc'
[9.854s] Level 1:colcon.colcon_core.environment:checking '/home/sadeep/mobile_receptionist_ws/src/install/smrr_interfaces/lib/python3.10/site-packages'
[9.854s] Level 1:colcon.colcon_core.environment:checking '/home/sadeep/mobile_receptionist_ws/src/install/smrr_interfaces/bin'
[9.855s] INFO:colcon.colcon_core.shell:Creating package script '/home/sadeep/mobile_receptionist_ws/src/install/smrr_interfaces/share/smrr_interfaces/package.ps1'
[9.857s] INFO:colcon.colcon_core.shell:Creating package descriptor '/home/sadeep/mobile_receptionist_ws/src/install/smrr_interfaces/share/smrr_interfaces/package.dsv'
[9.858s] INFO:colcon.colcon_core.shell:Creating package script '/home/sadeep/mobile_receptionist_ws/src/install/smrr_interfaces/share/smrr_interfaces/package.sh'
[9.858s] INFO:colcon.colcon_core.shell:Creating package script '/home/sadeep/mobile_receptionist_ws/src/install/smrr_interfaces/share/smrr_interfaces/package.bash'
[9.859s] INFO:colcon.colcon_core.shell:Creating package script '/home/sadeep/mobile_receptionist_ws/src/install/smrr_interfaces/share/smrr_interfaces/package.zsh'
[9.859s] Level 1:colcon.colcon_core.environment:create_file_with_runtime_dependencies(/home/sadeep/mobile_receptionist_ws/src/install/smrr_interfaces/share/colcon-core/packages/smrr_interfaces)
[10.303s] Level 1:colcon.colcon_core.environment:create_environment_scripts_only(smrr_interfaces)
[10.303s] Level 1:colcon.colcon_core.environment:checking '/home/sadeep/mobile_receptionist_ws/src/install/smrr_interfaces' for CMake module files
[10.304s] Level 1:colcon.colcon_core.environment:checking '/home/sadeep/mobile_receptionist_ws/src/install/smrr_interfaces' for CMake config files
[10.305s] Level 1:colcon.colcon_core.shell:create_environment_hook('smrr_interfaces', 'cmake_prefix_path')
[10.305s] INFO:colcon.colcon_core.shell:Creating environment hook '/home/sadeep/mobile_receptionist_ws/src/install/smrr_interfaces/share/smrr_interfaces/hook/cmake_prefix_path.ps1'
[10.305s] INFO:colcon.colcon_core.shell:Creating environment descriptor '/home/sadeep/mobile_receptionist_ws/src/install/smrr_interfaces/share/smrr_interfaces/hook/cmake_prefix_path.dsv'
[10.306s] INFO:colcon.colcon_core.shell:Creating environment hook '/home/sadeep/mobile_receptionist_ws/src/install/smrr_interfaces/share/smrr_interfaces/hook/cmake_prefix_path.sh'
[10.306s] Level 1:colcon.colcon_core.environment:checking '/home/sadeep/mobile_receptionist_ws/src/install/smrr_interfaces/lib'
[10.306s] Level 1:colcon.colcon_core.shell:create_environment_hook('smrr_interfaces', 'ld_library_path_lib')
[10.306s] INFO:colcon.colcon_core.shell:Creating environment hook '/home/sadeep/mobile_receptionist_ws/src/install/smrr_interfaces/share/smrr_interfaces/hook/ld_library_path_lib.ps1'
[10.306s] INFO:colcon.colcon_core.shell:Creating environment descriptor '/home/sadeep/mobile_receptionist_ws/src/install/smrr_interfaces/share/smrr_interfaces/hook/ld_library_path_lib.dsv'
[10.306s] INFO:colcon.colcon_core.shell:Creating environment hook '/home/sadeep/mobile_receptionist_ws/src/install/smrr_interfaces/share/smrr_interfaces/hook/ld_library_path_lib.sh'
[10.307s] Level 1:colcon.colcon_core.environment:checking '/home/sadeep/mobile_receptionist_ws/src/install/smrr_interfaces/bin'
[10.307s] Level 1:colcon.colcon_core.environment:checking '/home/sadeep/mobile_receptionist_ws/src/install/smrr_interfaces/lib/pkgconfig/smrr_interfaces.pc'
[10.307s] Level 1:colcon.colcon_core.environment:checking '/home/sadeep/mobile_receptionist_ws/src/install/smrr_interfaces/lib/python3.10/site-packages'
[10.307s] Level 1:colcon.colcon_core.environment:checking '/home/sadeep/mobile_receptionist_ws/src/install/smrr_interfaces/bin'
[10.307s] INFO:colcon.colcon_core.shell:Creating package script '/home/sadeep/mobile_receptionist_ws/src/install/smrr_interfaces/share/smrr_interfaces/package.ps1'
[10.307s] INFO:colcon.colcon_core.shell:Creating package descriptor '/home/sadeep/mobile_receptionist_ws/src/install/smrr_interfaces/share/smrr_interfaces/package.dsv'
[10.308s] INFO:colcon.colcon_core.shell:Creating package script '/home/sadeep/mobile_receptionist_ws/src/install/smrr_interfaces/share/smrr_interfaces/package.sh'
[10.308s] INFO:colcon.colcon_core.shell:Creating package script '/home/sadeep/mobile_receptionist_ws/src/install/smrr_interfaces/share/smrr_interfaces/package.bash'
[10.308s] INFO:colcon.colcon_core.shell:Creating package script '/home/sadeep/mobile_receptionist_ws/src/install/smrr_interfaces/share/smrr_interfaces/package.zsh'
[10.308s] Level 1:colcon.colcon_core.environment:create_file_with_runtime_dependencies(/home/sadeep/mobile_receptionist_ws/src/install/smrr_interfaces/share/colcon-core/packages/smrr_interfaces)
[10.309s] INFO:colcon.colcon_ros.task.ament_python.build:Building ROS package in '/home/sadeep/mobile_receptionist_ws/src/object_tracker' with build type 'ament_python'
[10.310s] Level 1:colcon.colcon_core.shell:create_environment_hook('object_tracker', 'ament_prefix_path')
[10.310s] INFO:colcon.colcon_core.shell:Creating environment hook '/home/sadeep/mobile_receptionist_ws/src/install/object_tracker/share/object_tracker/hook/ament_prefix_path.ps1'
[10.310s] INFO:colcon.colcon_core.shell:Creating environment descriptor '/home/sadeep/mobile_receptionist_ws/src/install/object_tracker/share/object_tracker/hook/ament_prefix_path.dsv'
[10.310s] INFO:colcon.colcon_core.shell:Creating environment hook '/home/sadeep/mobile_receptionist_ws/src/install/object_tracker/share/object_tracker/hook/ament_prefix_path.sh'
[10.311s] INFO:colcon.colcon_core.shell:Skip shell extension 'powershell' for command environment: Not usable outside of PowerShell
[10.311s] DEBUG:colcon.colcon_core.shell:Skip shell extension 'dsv' for command environment
[10.515s] INFO:colcon.colcon_core.task.python.build:Building Python package in '/home/sadeep/mobile_receptionist_ws/src/object_tracker'
[10.516s] INFO:colcon.colcon_core.shell:Skip shell extension 'powershell' for command environment: Not usable outside of PowerShell
[10.516s] DEBUG:colcon.colcon_core.shell:Skip shell extension 'dsv' for command environment
[10.976s] DEBUG:colcon.colcon_core.event_handler.log_command:Invoking command in '/home/sadeep/mobile_receptionist_ws/src/build/object_tracker': AMENT_PREFIX_PATH=/home/sadeep/mobile_receptionist_ws/src/install/smrr_interfaces:${AMENT_PREFIX_PATH} CMAKE_PREFIX_PATH=/home/sadeep/mobile_receptionist_ws/src/install/smrr_interfaces:${CMAKE_PREFIX_PATH} LD_LIBRARY_PATH=/home/sadeep/mobile_receptionist_ws/src/install/smrr_interfaces/lib:/home/sadeep/mobile_receptionist_ws/install/smrr_executions/lib:/home/sadeep/mobile_receptionist_ws/install/smrr_interfaces/lib:/home/sadeep/mobile_receptionist_ws/install/realsense_gazebo_plugin/lib:/home/sadeep/mobile_receptionist_ws/install/gazebo_sfm_plugin/lib:/home/sadeep/sansar_arm_ws/install/sansar_arm_controller/lib:/home/sadeep/Projects/turbobot_ws/install/turbobot_firmware/lib:/usr/lib/x86_64-linux-gnu/gazebo-11/plugins:/opt/ros/humble/opt/rviz_ogre_vendor/lib:/opt/ros/humble/lib/x86_64-linux-gnu:/opt/ros/humble/lib:/usr/lib/x86_64-linux-gnu/gazebo-11/plugins PYTHONPATH=/home/sadeep/mobile_receptionist_ws/src/build/object_tracker/prefix_override:/usr/lib/python3/dist-packages/colcon_core/task/python/colcon_distutils_commands:/home/sadeep/mobile_receptionist_ws/src/install/object_tracker/lib/python3.10/site-packages:/home/sadeep/mobile_receptionist_ws/src/install/smrr_interfaces/local/lib/python3.10/dist-packages:${PYTHONPATH} /usr/bin/python3 -W ignore:setup.py install is deprecated setup.py develop --editable --build-directory /home/sadeep/mobile_receptionist_ws/src/build/object_tracker/build --no-deps symlink_data
[11.346s] Level 1:colcon.colcon_core.shell:create_environment_hook('object_tracker', 'pythonpath_develop')
[11.346s] INFO:colcon.colcon_core.shell:Creating environment hook '/home/sadeep/mobile_receptionist_ws/src/build/object_tracker/share/object_tracker/hook/pythonpath_develop.ps1'
[11.347s] DEBUG:colcon.colcon_core.event_handler.log_command:Invoked command in '/home/sadeep/mobile_receptionist_ws/src/build/object_tracker' returned '0': AMENT_PREFIX_PATH=/home/sadeep/mobile_receptionist_ws/src/install/smrr_interfaces:${AMENT_PREFIX_PATH} CMAKE_PREFIX_PATH=/home/sadeep/mobile_receptionist_ws/src/install/smrr_interfaces:${CMAKE_PREFIX_PATH} LD_LIBRARY_PATH=/home/sadeep/mobile_receptionist_ws/src/install/smrr_interfaces/lib:/home/sadeep/mobile_receptionist_ws/install/smrr_executions/lib:/home/sadeep/mobile_receptionist_ws/install/smrr_interfaces/lib:/home/sadeep/mobile_receptionist_ws/install/realsense_gazebo_plugin/lib:/home/sadeep/mobile_receptionist_ws/install/gazebo_sfm_plugin/lib:/home/sadeep/sansar_arm_ws/install/sansar_arm_controller/lib:/home/sadeep/Projects/turbobot_ws/install/turbobot_firmware/lib:/usr/lib/x86_64-linux-gnu/gazebo-11/plugins:/opt/ros/humble/opt/rviz_ogre_vendor/lib:/opt/ros/humble/lib/x86_64-linux-gnu:/opt/ros/humble/lib:/usr/lib/x86_64-linux-gnu/gazebo-11/plugins PYTHONPATH=/home/sadeep/mobile_receptionist_ws/src/build/object_tracker/prefix_override:/usr/lib/python3/dist-packages/colcon_core/task/python/colcon_distutils_commands:/home/sadeep/mobile_receptionist_ws/src/install/object_tracker/lib/python3.10/site-packages:/home/sadeep/mobile_receptionist_ws/src/install/smrr_interfaces/local/lib/python3.10/dist-packages:${PYTHONPATH} /usr/bin/python3 -W ignore:setup.py install is deprecated setup.py develop --editable --build-directory /home/sadeep/mobile_receptionist_ws/src/build/object_tracker/build --no-deps symlink_data
[11.347s] INFO:colcon.colcon_core.shell:Creating environment descriptor '/home/sadeep/mobile_receptionist_ws/src/build/object_tracker/share/object_tracker/hook/pythonpath_develop.dsv'
[11.347s] INFO:colcon.colcon_core.shell:Creating environment hook '/home/sadeep/mobile_receptionist_ws/src/build/object_tracker/share/object_tracker/hook/pythonpath_develop.sh'
[11.348s] Level 1:colcon.colcon_core.environment:checking '/home/sadeep/mobile_receptionist_ws/src/install/object_tracker' for CMake module files
[11.348s] Level 1:colcon.colcon_core.environment:checking '/home/sadeep/mobile_receptionist_ws/src/install/object_tracker' for CMake config files
[11.348s] Level 1:colcon.colcon_core.environment:checking '/home/sadeep/mobile_receptionist_ws/src/install/object_tracker/lib'
[11.348s] Level 1:colcon.colcon_core.environment:checking '/home/sadeep/mobile_receptionist_ws/src/install/object_tracker/bin'
[11.348s] Level 1:colcon.colcon_core.environment:checking '/home/sadeep/mobile_receptionist_ws/src/install/object_tracker/lib/pkgconfig/object_tracker.pc'
[11.348s] Level 1:colcon.colcon_core.environment:checking '/home/sadeep/mobile_receptionist_ws/src/install/object_tracker/lib/python3.10/site-packages'
[11.348s] Level 1:colcon.colcon_core.shell:create_environment_hook('object_tracker', 'pythonpath')
[11.349s] INFO:colcon.colcon_core.shell:Creating environment hook '/home/sadeep/mobile_receptionist_ws/src/install/object_tracker/share/object_tracker/hook/pythonpath.ps1'
[11.349s] INFO:colcon.colcon_core.shell:Creating environment descriptor '/home/sadeep/mobile_receptionist_ws/src/install/object_tracker/share/object_tracker/hook/pythonpath.dsv'
[11.349s] INFO:colcon.colcon_core.shell:Creating environment hook '/home/sadeep/mobile_receptionist_ws/src/install/object_tracker/share/object_tracker/hook/pythonpath.sh'
[11.349s] Level 1:colcon.colcon_core.environment:checking '/home/sadeep/mobile_receptionist_ws/src/install/object_tracker/bin'
[11.349s] Level 1:colcon.colcon_core.environment:create_environment_scripts_only(object_tracker)
[11.349s] INFO:colcon.colcon_core.shell:Creating package script '/home/sadeep/mobile_receptionist_ws/src/install/object_tracker/share/object_tracker/package.ps1'
[11.350s] INFO:colcon.colcon_core.shell:Creating package descriptor '/home/sadeep/mobile_receptionist_ws/src/install/object_tracker/share/object_tracker/package.dsv'
[11.350s] INFO:colcon.colcon_core.shell:Creating package script '/home/sadeep/mobile_receptionist_ws/src/install/object_tracker/share/object_tracker/package.sh'
[11.350s] INFO:colcon.colcon_core.shell:Creating package script '/home/sadeep/mobile_receptionist_ws/src/install/object_tracker/share/object_tracker/package.bash'
[11.350s] INFO:colcon.colcon_core.shell:Creating package script '/home/sadeep/mobile_receptionist_ws/src/install/object_tracker/share/object_tracker/package.zsh'
[11.350s] Level 1:colcon.colcon_core.environment:create_file_with_runtime_dependencies(/home/sadeep/mobile_receptionist_ws/src/install/object_tracker/share/colcon-core/packages/object_tracker)
[11.350s] DEBUG:colcon.colcon_parallel_executor.executor.parallel:closing loop
[11.351s] DEBUG:colcon.colcon_parallel_executor.executor.parallel:loop closed
[11.351s] DEBUG:colcon.colcon_parallel_executor.executor.parallel:run_until_complete finished with '0'
[11.351s] DEBUG:colcon.colcon_core.event_reactor:joining thread
[11.359s] INFO:colcon.colcon_core.plugin_system:Skipping extension 'colcon_notification.desktop_notification.terminal_notifier': Not used on non-Darwin systems
[11.359s] INFO:colcon.colcon_core.plugin_system:Skipping extension 'colcon_notification.desktop_notification.win32': Not used on non-Windows systems
[11.359s] INFO:colcon.colcon_notification.desktop_notification:Sending desktop notification using 'notify2'
[11.377s] DEBUG:colcon.colcon_core.event_reactor:joined thread
[11.377s] INFO:colcon.colcon_core.shell:Creating prefix script '/home/sadeep/mobile_receptionist_ws/src/install/local_setup.ps1'
[11.378s] INFO:colcon.colcon_core.shell:Creating prefix util module '/home/sadeep/mobile_receptionist_ws/src/install/_local_setup_util_ps1.py'
[11.379s] INFO:colcon.colcon_core.shell:Creating prefix chain script '/home/sadeep/mobile_receptionist_ws/src/install/setup.ps1'
[11.381s] INFO:colcon.colcon_core.shell:Creating prefix script '/home/sadeep/mobile_receptionist_ws/src/install/local_setup.sh'
[11.381s] INFO:colcon.colcon_core.shell:Creating prefix util module '/home/sadeep/mobile_receptionist_ws/src/install/_local_setup_util_sh.py'
[11.382s] INFO:colcon.colcon_core.shell:Creating prefix chain script '/home/sadeep/mobile_receptionist_ws/src/install/setup.sh'
[11.384s] INFO:colcon.colcon_core.shell:Creating prefix script '/home/sadeep/mobile_receptionist_ws/src/install/local_setup.bash'
[11.384s] INFO:colcon.colcon_core.shell:Creating prefix chain script '/home/sadeep/mobile_receptionist_ws/src/install/setup.bash'
[11.386s] INFO:colcon.colcon_core.shell:Creating prefix script '/home/sadeep/mobile_receptionist_ws/src/install/local_setup.zsh'
[11.386s] INFO:colcon.colcon_core.shell:Creating prefix chain script '/home/sadeep/mobile_receptionist_ws/src/install/setup.zsh'
