-- The C compiler identification is GNU 11.4.0
-- The CXX compiler identification is GNU 11.4.0
-- Detecting C compiler ABI info
-- Detecting C compiler ABI info - done
-- Check for working C compiler: /usr/bin/cc - skipped
-- Detecting C compile features
-- Detecting C compile features - done
-- Detecting CXX compiler ABI info
-- Detecting CXX compiler ABI info - done
-- Check for working CXX compiler: /usr/bin/c++ - skipped
-- Detecting CXX compile features
-- Detecting CXX compile features - done
-- Found ament_cmake: 1.3.9 (/opt/ros/humble/share/ament_cmake/cmake)
-- Found Python3: /usr/bin/python3 (found version "3.10.12") found components: Interpreter 
-- Override CMake install command with custom implementation using symlinks instead of copying resources
-- Found std_msgs: 4.2.4 (/opt/ros/humble/share/std_msgs/cmake)
-- Found rosidl_generator_c: 3.1.5 (/opt/ros/humble/share/rosidl_generator_c/cmake)
-- Found rosidl_adapter: 3.1.5 (/opt/ros/humble/share/rosidl_adapter/cmake)
-- Found rosidl_generator_cpp: 3.1.5 (/opt/ros/humble/share/rosidl_generator_cpp/cmake)
-- Using all available rosidl_typesupport_c: rosidl_typesupport_fastrtps_c;rosidl_typesupport_introspection_c
-- Using all available rosidl_typesupport_cpp: rosidl_typesupport_fastrtps_cpp;rosidl_typesupport_introspection_cpp
-- Found geometry_msgs: 4.2.4 (/opt/ros/humble/share/geometry_msgs/cmake)
-- Found rosidl_default_generators: 1.2.0 (/opt/ros/humble/share/rosidl_default_generators/cmake)
-- Found ament_cmake_ros: 0.10.0 (/opt/ros/humble/share/ament_cmake_ros/cmake)
-- Using all available rosidl_typesupport_c: rosidl_typesupport_fastrtps_c;rosidl_typesupport_introspection_c
-- Using all available rosidl_typesupport_cpp: rosidl_typesupport_fastrtps_cpp;rosidl_typesupport_introspection_cpp
-- Found PythonInterp: /usr/bin/python3 (found suitable version "3.10.12", minimum required is "3.6") 
-- Found python_cmake_module: 0.10.0 (/opt/ros/humble/share/python_cmake_module/cmake)
-- Found PythonLibs: /usr/lib/x86_64-linux-gnu/libpython3.10.so (found suitable version "3.10.12", minimum required is "3.5") 
-- Using PYTHON_EXECUTABLE: /usr/bin/python3
-- Using PYTHON_INCLUDE_DIRS: /usr/include/python3.10
-- Using PYTHON_LIBRARIES: /usr/lib/x86_64-linux-gnu/libpython3.10.so
-- Found PythonExtra: .so  
-- Configuring done
-- Generating done
-- Build files have been written to: /home/sadeep/mobile_receptionist_ws/src/build/smrr_interfaces
[  1%] [34m[1mGenerating C code for ROS interfaces[0m
[  1%] [34m[1mGenerating C++ code for ROS interfaces[0m
[  1%] Built target ament_cmake_python_symlink_smrr_interfaces
running egg_info
creating smrr_interfaces.egg-info
writing smrr_interfaces.egg-info/PKG-INFO
writing dependency_links to smrr_interfaces.egg-info/dependency_links.txt
writing top-level names to smrr_interfaces.egg-info/top_level.txt
writing manifest file 'smrr_interfaces.egg-info/SOURCES.txt'
reading manifest file 'smrr_interfaces.egg-info/SOURCES.txt'
writing manifest file 'smrr_interfaces.egg-info/SOURCES.txt'
[  1%] Built target ament_cmake_python_build_smrr_interfaces_egg
[  1%] Built target smrr_interfaces__cpp
[  2%] [34m[1mGenerating C++ type support dispatch for ROS interfaces[0m
[  3%] [34m[1mGenerating C++ type support for eProsima Fast-RTPS[0m
[  3%] [34m[1mGenerating C++ introspection for ROS interfaces[0m
[  6%] [32mBuilding C object CMakeFiles/smrr_interfaces__rosidl_generator_c.dir/rosidl_generator_c/smrr_interfaces/msg/detail/inference_result__functions.c.o[0m
[  6%] [32mBuilding C object CMakeFiles/smrr_interfaces__rosidl_generator_c.dir/rosidl_generator_c/smrr_interfaces/msg/detail/data_element_string__functions.c.o[0m
[  6%] [32mBuilding C object CMakeFiles/smrr_interfaces__rosidl_generator_c.dir/rosidl_generator_c/smrr_interfaces/msg/detail/entities__functions.c.o[0m
[  8%] [32mBuilding C object CMakeFiles/smrr_interfaces__rosidl_generator_c.dir/rosidl_generator_c/smrr_interfaces/msg/detail/data_element_int__functions.c.o[0m
[  8%] [32mBuilding C object CMakeFiles/smrr_interfaces__rosidl_generator_c.dir/rosidl_generator_c/smrr_interfaces/msg/detail/buffer__functions.c.o[0m
[  9%] [32mBuilding C object CMakeFiles/smrr_interfaces__rosidl_generator_c.dir/rosidl_generator_c/smrr_interfaces/msg/detail/yolov10_inference__functions.c.o[0m
[ 10%] [32mBuilding C object CMakeFiles/smrr_interfaces__rosidl_generator_c.dir/rosidl_generator_c/smrr_interfaces/msg/detail/data_element_float__functions.c.o[0m
[ 11%] [32mBuilding C object CMakeFiles/smrr_interfaces__rosidl_generator_c.dir/rosidl_generator_c/smrr_interfaces/msg/detail/velocity_class_data__functions.c.o[0m
[ 12%] [32mBuilding C object CMakeFiles/smrr_interfaces__rosidl_generator_c.dir/rosidl_generator_c/smrr_interfaces/action/detail/navigate_to_goal__functions.c.o[0m
[ 12%] [32mBuilding C object CMakeFiles/smrr_interfaces__rosidl_generator_c.dir/rosidl_generator_c/smrr_interfaces/msg/detail/pref_velocity__functions.c.o[0m
[ 13%] [32mBuilding C object CMakeFiles/smrr_interfaces__rosidl_generator_c.dir/rosidl_generator_c/smrr_interfaces/action/detail/arm_control_server__functions.c.o[0m
[ 14%] [32m[1mLinking C shared library libsmrr_interfaces__rosidl_generator_c.so[0m
[ 14%] Built target smrr_interfaces__rosidl_generator_c
[ 17%] [34m[1mGenerating C introspection for ROS interfaces[0m
[ 17%] [34m[1mGenerating C type support dispatch for ROS interfaces[0m
[ 17%] [34m[1mGenerating C type support for eProsima Fast-RTPS[0m
[ 19%] [32mBuilding CXX object CMakeFiles/smrr_interfaces__rosidl_typesupport_cpp.dir/rosidl_typesupport_cpp/smrr_interfaces/msg/data_element_int__type_support.cpp.o[0m
[ 20%] [32mBuilding CXX object CMakeFiles/smrr_interfaces__rosidl_typesupport_cpp.dir/rosidl_typesupport_cpp/smrr_interfaces/msg/inference_result__type_support.cpp.o[0m
[ 20%] [32mBuilding CXX object CMakeFiles/smrr_interfaces__rosidl_typesupport_cpp.dir/rosidl_typesupport_cpp/smrr_interfaces/msg/entities__type_support.cpp.o[0m
[ 24%] [32mBuilding CXX object CMakeFiles/smrr_interfaces__rosidl_typesupport_cpp.dir/rosidl_typesupport_cpp/smrr_interfaces/msg/yolov10_inference__type_support.cpp.o[0m
[ 24%] [32mBuilding CXX object CMakeFiles/smrr_interfaces__rosidl_typesupport_cpp.dir/rosidl_typesupport_cpp/smrr_interfaces/msg/data_element_string__type_support.cpp.o[0m
[ 24%] [32mBuilding CXX object CMakeFiles/smrr_interfaces__rosidl_typesupport_cpp.dir/rosidl_typesupport_cpp/smrr_interfaces/msg/buffer__type_support.cpp.o[0m
[ 24%] [32mBuilding CXX object CMakeFiles/smrr_interfaces__rosidl_typesupport_cpp.dir/rosidl_typesupport_cpp/smrr_interfaces/msg/velocity_class_data__type_support.cpp.o[0m
[ 25%] [32mBuilding CXX object CMakeFiles/smrr_interfaces__rosidl_typesupport_cpp.dir/rosidl_typesupport_cpp/smrr_interfaces/action/arm_control_server__type_support.cpp.o[0m
[ 25%] [32mBuilding CXX object CMakeFiles/smrr_interfaces__rosidl_typesupport_cpp.dir/rosidl_typesupport_cpp/smrr_interfaces/msg/pref_velocity__type_support.cpp.o[0m
[ 26%] [32mBuilding CXX object CMakeFiles/smrr_interfaces__rosidl_typesupport_cpp.dir/rosidl_typesupport_cpp/smrr_interfaces/msg/data_element_float__type_support.cpp.o[0m
[ 27%] [32mBuilding CXX object CMakeFiles/smrr_interfaces__rosidl_typesupport_cpp.dir/rosidl_typesupport_cpp/smrr_interfaces/action/navigate_to_goal__type_support.cpp.o[0m
[ 28%] [32mBuilding CXX object CMakeFiles/smrr_interfaces__rosidl_typesupport_introspection_cpp.dir/rosidl_typesupport_introspection_cpp/smrr_interfaces/msg/detail/entities__type_support.cpp.o[0m
[ 29%] [32mBuilding CXX object CMakeFiles/smrr_interfaces__rosidl_typesupport_introspection_cpp.dir/rosidl_typesupport_introspection_cpp/smrr_interfaces/msg/detail/yolov10_inference__type_support.cpp.o[0m
[ 29%] [32mBuilding CXX object CMakeFiles/smrr_interfaces__rosidl_typesupport_introspection_cpp.dir/rosidl_typesupport_introspection_cpp/smrr_interfaces/msg/detail/inference_result__type_support.cpp.o[0m
[ 30%] [32mBuilding CXX object CMakeFiles/smrr_interfaces__rosidl_typesupport_introspection_cpp.dir/rosidl_typesupport_introspection_cpp/smrr_interfaces/msg/detail/buffer__type_support.cpp.o[0m
[ 31%] [32mBuilding CXX object CMakeFiles/smrr_interfaces__rosidl_typesupport_introspection_cpp.dir/rosidl_typesupport_introspection_cpp/smrr_interfaces/msg/detail/data_element_float__type_support.cpp.o[0m
[ 34%] [32mBuilding CXX object CMakeFiles/smrr_interfaces__rosidl_typesupport_introspection_cpp.dir/rosidl_typesupport_introspection_cpp/smrr_interfaces/msg/detail/velocity_class_data__type_support.cpp.o[0m
[ 34%] [32mBuilding CXX object CMakeFiles/smrr_interfaces__rosidl_typesupport_introspection_cpp.dir/rosidl_typesupport_introspection_cpp/smrr_interfaces/msg/detail/pref_velocity__type_support.cpp.o[0m
[ 34%] [32mBuilding CXX object CMakeFiles/smrr_interfaces__rosidl_typesupport_introspection_cpp.dir/rosidl_typesupport_introspection_cpp/smrr_interfaces/msg/detail/data_element_string__type_support.cpp.o[0m
[ 35%] [32mBuilding CXX object CMakeFiles/smrr_interfaces__rosidl_typesupport_introspection_cpp.dir/rosidl_typesupport_introspection_cpp/smrr_interfaces/msg/detail/data_element_int__type_support.cpp.o[0m
[ 36%] [32mBuilding CXX object CMakeFiles/smrr_interfaces__rosidl_typesupport_introspection_cpp.dir/rosidl_typesupport_introspection_cpp/smrr_interfaces/action/detail/navigate_to_goal__type_support.cpp.o[0m
[ 38%] [32mBuilding CXX object CMakeFiles/smrr_interfaces__rosidl_typesupport_fastrtps_cpp.dir/rosidl_typesupport_fastrtps_cpp/smrr_interfaces/msg/detail/dds_fastrtps/entities__type_support.cpp.o[0m
[ 38%] [32mBuilding CXX object CMakeFiles/smrr_interfaces__rosidl_typesupport_c.dir/rosidl_typesupport_c/smrr_interfaces/msg/entities__type_support.cpp.o[0m
[ 39%] [32mBuilding CXX object CMakeFiles/smrr_interfaces__rosidl_typesupport_c.dir/rosidl_typesupport_c/smrr_interfaces/msg/inference_result__type_support.cpp.o[0m
[ 39%] [32mBuilding CXX object CMakeFiles/smrr_interfaces__rosidl_typesupport_c.dir/rosidl_typesupport_c/smrr_interfaces/msg/yolov10_inference__type_support.cpp.o[0m
[ 40%] [32mBuilding CXX object CMakeFiles/smrr_interfaces__rosidl_typesupport_c.dir/rosidl_typesupport_c/smrr_interfaces/msg/buffer__type_support.cpp.o[0m
[ 41%] [32mBuilding CXX object CMakeFiles/smrr_interfaces__rosidl_typesupport_c.dir/rosidl_typesupport_c/smrr_interfaces/msg/data_element_float__type_support.cpp.o[0m
[ 42%] [32mBuilding CXX object CMakeFiles/smrr_interfaces__rosidl_typesupport_fastrtps_cpp.dir/rosidl_typesupport_fastrtps_cpp/smrr_interfaces/msg/detail/dds_fastrtps/inference_result__type_support.cpp.o[0m
[ 43%] [32m[1mLinking CXX shared library libsmrr_interfaces__rosidl_typesupport_cpp.so[0m
[ 44%] [32mBuilding CXX object CMakeFiles/smrr_interfaces__rosidl_typesupport_c.dir/rosidl_typesupport_c/smrr_interfaces/msg/data_element_int__type_support.cpp.o[0m
[ 45%] [32mBuilding CXX object CMakeFiles/smrr_interfaces__rosidl_typesupport_c.dir/rosidl_typesupport_c/smrr_interfaces/msg/data_element_string__type_support.cpp.o[0m
[ 45%] Built target smrr_interfaces__rosidl_typesupport_cpp
[ 46%] [32mBuilding CXX object CMakeFiles/smrr_interfaces__rosidl_typesupport_c.dir/rosidl_typesupport_c/smrr_interfaces/msg/pref_velocity__type_support.cpp.o[0m
[ 47%] [32mBuilding CXX object CMakeFiles/smrr_interfaces__rosidl_typesupport_c.dir/rosidl_typesupport_c/smrr_interfaces/msg/velocity_class_data__type_support.cpp.o[0m
[ 48%] [32mBuilding C object CMakeFiles/smrr_interfaces__rosidl_typesupport_introspection_c.dir/rosidl_typesupport_introspection_c/smrr_interfaces/msg/detail/inference_result__type_support.c.o[0m
[ 49%] [32mBuilding C object CMakeFiles/smrr_interfaces__rosidl_typesupport_introspection_c.dir/rosidl_typesupport_introspection_c/smrr_interfaces/msg/detail/entities__type_support.c.o[0m
[ 50%] [32mBuilding CXX object CMakeFiles/smrr_interfaces__rosidl_typesupport_c.dir/rosidl_typesupport_c/smrr_interfaces/action/navigate_to_goal__type_support.cpp.o[0m
[ 51%] [32mBuilding C object CMakeFiles/smrr_interfaces__rosidl_typesupport_introspection_c.dir/rosidl_typesupport_introspection_c/smrr_interfaces/msg/detail/yolov10_inference__type_support.c.o[0m
[ 52%] [32mBuilding CXX object CMakeFiles/smrr_interfaces__rosidl_typesupport_fastrtps_c.dir/rosidl_typesupport_fastrtps_c/smrr_interfaces/msg/detail/entities__type_support_c.cpp.o[0m
[ 53%] [32mBuilding CXX object CMakeFiles/smrr_interfaces__rosidl_typesupport_fastrtps_c.dir/rosidl_typesupport_fastrtps_c/smrr_interfaces/msg/detail/inference_result__type_support_c.cpp.o[0m
[ 54%] [32mBuilding CXX object CMakeFiles/smrr_interfaces__rosidl_typesupport_fastrtps_c.dir/rosidl_typesupport_fastrtps_c/smrr_interfaces/msg/detail/yolov10_inference__type_support_c.cpp.o[0m
[ 55%] [32mBuilding CXX object CMakeFiles/smrr_interfaces__rosidl_typesupport_fastrtps_c.dir/rosidl_typesupport_fastrtps_c/smrr_interfaces/msg/detail/buffer__type_support_c.cpp.o[0m
[ 57%] [32mBuilding CXX object CMakeFiles/smrr_interfaces__rosidl_typesupport_introspection_cpp.dir/rosidl_typesupport_introspection_cpp/smrr_interfaces/action/detail/arm_control_server__type_support.cpp.o[0m
[ 57%] [32mBuilding CXX object CMakeFiles/smrr_interfaces__rosidl_typesupport_c.dir/rosidl_typesupport_c/smrr_interfaces/action/arm_control_server__type_support.cpp.o[0m
[ 57%] [32mBuilding CXX object CMakeFiles/smrr_interfaces__rosidl_typesupport_fastrtps_c.dir/rosidl_typesupport_fastrtps_c/smrr_interfaces/msg/detail/data_element_float__type_support_c.cpp.o[0m
[ 59%] [32mBuilding C object CMakeFiles/smrr_interfaces__rosidl_typesupport_introspection_c.dir/rosidl_typesupport_introspection_c/smrr_interfaces/msg/detail/buffer__type_support.c.o[0m
[ 59%] [32mBuilding CXX object CMakeFiles/smrr_interfaces__rosidl_typesupport_fastrtps_c.dir/rosidl_typesupport_fastrtps_c/smrr_interfaces/msg/detail/data_element_int__type_support_c.cpp.o[0m
[ 60%] [32mBuilding CXX object CMakeFiles/smrr_interfaces__rosidl_typesupport_fastrtps_cpp.dir/rosidl_typesupport_fastrtps_cpp/smrr_interfaces/msg/detail/dds_fastrtps/yolov10_inference__type_support.cpp.o[0m
[ 61%] [32mBuilding CXX object CMakeFiles/smrr_interfaces__rosidl_typesupport_fastrtps_c.dir/rosidl_typesupport_fastrtps_c/smrr_interfaces/msg/detail/data_element_string__type_support_c.cpp.o[0m
[ 62%] [32m[1mLinking CXX shared library libsmrr_interfaces__rosidl_typesupport_c.so[0m
[ 63%] [32mBuilding C object CMakeFiles/smrr_interfaces__rosidl_typesupport_introspection_c.dir/rosidl_typesupport_introspection_c/smrr_interfaces/msg/detail/data_element_float__type_support.c.o[0m
[ 64%] [32mBuilding C object CMakeFiles/smrr_interfaces__rosidl_typesupport_introspection_c.dir/rosidl_typesupport_introspection_c/smrr_interfaces/msg/detail/data_element_int__type_support.c.o[0m
[ 64%] [32mBuilding C object CMakeFiles/smrr_interfaces__rosidl_typesupport_introspection_c.dir/rosidl_typesupport_introspection_c/smrr_interfaces/msg/detail/data_element_string__type_support.c.o[0m
[ 64%] Built target smrr_interfaces__rosidl_typesupport_c
[ 66%] [32mBuilding CXX object CMakeFiles/smrr_interfaces__rosidl_typesupport_fastrtps_cpp.dir/rosidl_typesupport_fastrtps_cpp/smrr_interfaces/msg/detail/dds_fastrtps/buffer__type_support.cpp.o[0m
[ 66%] [32mBuilding C object CMakeFiles/smrr_interfaces__rosidl_typesupport_introspection_c.dir/rosidl_typesupport_introspection_c/smrr_interfaces/msg/detail/pref_velocity__type_support.c.o[0m
[ 67%] [32mBuilding CXX object CMakeFiles/smrr_interfaces__rosidl_typesupport_fastrtps_cpp.dir/rosidl_typesupport_fastrtps_cpp/smrr_interfaces/msg/detail/dds_fastrtps/data_element_float__type_support.cpp.o[0m
[ 68%] [32mBuilding CXX object CMakeFiles/smrr_interfaces__rosidl_typesupport_fastrtps_cpp.dir/rosidl_typesupport_fastrtps_cpp/smrr_interfaces/msg/detail/dds_fastrtps/data_element_int__type_support.cpp.o[0m
[ 69%] [32mBuilding CXX object CMakeFiles/smrr_interfaces__rosidl_typesupport_fastrtps_cpp.dir/rosidl_typesupport_fastrtps_cpp/smrr_interfaces/msg/detail/dds_fastrtps/data_element_string__type_support.cpp.o[0m
[ 70%] [32mBuilding C object CMakeFiles/smrr_interfaces__rosidl_typesupport_introspection_c.dir/rosidl_typesupport_introspection_c/smrr_interfaces/msg/detail/velocity_class_data__type_support.c.o[0m
[ 71%] [32mBuilding C object CMakeFiles/smrr_interfaces__rosidl_typesupport_introspection_c.dir/rosidl_typesupport_introspection_c/smrr_interfaces/action/detail/navigate_to_goal__type_support.c.o[0m
[ 72%] [32mBuilding C object CMakeFiles/smrr_interfaces__rosidl_typesupport_introspection_c.dir/rosidl_typesupport_introspection_c/smrr_interfaces/action/detail/arm_control_server__type_support.c.o[0m
[ 73%] [32mBuilding CXX object CMakeFiles/smrr_interfaces__rosidl_typesupport_fastrtps_cpp.dir/rosidl_typesupport_fastrtps_cpp/smrr_interfaces/msg/detail/dds_fastrtps/pref_velocity__type_support.cpp.o[0m
[ 74%] [32mBuilding CXX object CMakeFiles/smrr_interfaces__rosidl_typesupport_fastrtps_cpp.dir/rosidl_typesupport_fastrtps_cpp/smrr_interfaces/msg/detail/dds_fastrtps/velocity_class_data__type_support.cpp.o[0m
[ 75%] [32m[1mLinking C shared library libsmrr_interfaces__rosidl_typesupport_introspection_c.so[0m
[ 76%] [32mBuilding CXX object CMakeFiles/smrr_interfaces__rosidl_typesupport_fastrtps_c.dir/rosidl_typesupport_fastrtps_c/smrr_interfaces/msg/detail/pref_velocity__type_support_c.cpp.o[0m
[ 77%] [32mBuilding CXX object CMakeFiles/smrr_interfaces__rosidl_typesupport_fastrtps_c.dir/rosidl_typesupport_fastrtps_c/smrr_interfaces/msg/detail/velocity_class_data__type_support_c.cpp.o[0m
[ 78%] [32mBuilding CXX object CMakeFiles/smrr_interfaces__rosidl_typesupport_fastrtps_c.dir/rosidl_typesupport_fastrtps_c/smrr_interfaces/action/detail/navigate_to_goal__type_support_c.cpp.o[0m
[ 79%] [32mBuilding CXX object CMakeFiles/smrr_interfaces__rosidl_typesupport_fastrtps_c.dir/rosidl_typesupport_fastrtps_c/smrr_interfaces/action/detail/arm_control_server__type_support_c.cpp.o[0m
[ 79%] Built target smrr_interfaces__rosidl_typesupport_introspection_c
[ 79%] [32mBuilding CXX object CMakeFiles/smrr_interfaces__rosidl_typesupport_fastrtps_cpp.dir/rosidl_typesupport_fastrtps_cpp/smrr_interfaces/action/detail/dds_fastrtps/navigate_to_goal__type_support.cpp.o[0m
[ 80%] [32mBuilding CXX object CMakeFiles/smrr_interfaces__rosidl_typesupport_fastrtps_cpp.dir/rosidl_typesupport_fastrtps_cpp/smrr_interfaces/action/detail/dds_fastrtps/arm_control_server__type_support.cpp.o[0m
[ 81%] [32m[1mLinking CXX shared library libsmrr_interfaces__rosidl_typesupport_introspection_cpp.so[0m
[ 81%] Built target smrr_interfaces__rosidl_typesupport_introspection_cpp
[ 82%] [32m[1mLinking CXX shared library libsmrr_interfaces__rosidl_typesupport_fastrtps_c.so[0m
[ 82%] Built target smrr_interfaces__rosidl_typesupport_fastrtps_c
[ 83%] [32m[1mLinking CXX shared library libsmrr_interfaces__rosidl_typesupport_fastrtps_cpp.so[0m
[ 83%] Built target smrr_interfaces__rosidl_typesupport_fastrtps_cpp
[ 83%] Built target smrr_interfaces
[ 84%] [34m[1mGenerating Python code for ROS interfaces[0m
[ 84%] Built target smrr_interfaces__py
[ 85%] [32mBuilding C object CMakeFiles/smrr_interfaces__rosidl_generator_py.dir/rosidl_generator_py/smrr_interfaces/msg/_data_element_int_s.c.o[0m
[ 88%] [32mBuilding C object CMakeFiles/smrr_interfaces__rosidl_generator_py.dir/rosidl_generator_py/smrr_interfaces/msg/_inference_result_s.c.o[0m
[ 88%] [32mBuilding C object CMakeFiles/smrr_interfaces__rosidl_generator_py.dir/rosidl_generator_py/smrr_interfaces/msg/_data_element_string_s.c.o[0m
[ 88%] [32mBuilding C object CMakeFiles/smrr_interfaces__rosidl_generator_py.dir/rosidl_generator_py/smrr_interfaces/msg/_entities_s.c.o[0m
[ 89%] [32mBuilding C object CMakeFiles/smrr_interfaces__rosidl_generator_py.dir/rosidl_generator_py/smrr_interfaces/action/_navigate_to_goal_s.c.o[0m
[ 89%] [32mBuilding C object CMakeFiles/smrr_interfaces__rosidl_generator_py.dir/rosidl_generator_py/smrr_interfaces/msg/_yolov10_inference_s.c.o[0m
[ 92%] [32mBuilding C object CMakeFiles/smrr_interfaces__rosidl_generator_py.dir/rosidl_generator_py/smrr_interfaces/msg/_buffer_s.c.o[0m
[ 92%] [32mBuilding C object CMakeFiles/smrr_interfaces__rosidl_generator_py.dir/rosidl_generator_py/smrr_interfaces/msg/_pref_velocity_s.c.o[0m
[ 92%] [32mBuilding C object CMakeFiles/smrr_interfaces__rosidl_generator_py.dir/rosidl_generator_py/smrr_interfaces/msg/_data_element_float_s.c.o[0m
[ 93%] [32mBuilding C object CMakeFiles/smrr_interfaces__rosidl_generator_py.dir/rosidl_generator_py/smrr_interfaces/msg/_velocity_class_data_s.c.o[0m
[ 94%] [32mBuilding C object CMakeFiles/smrr_interfaces__rosidl_generator_py.dir/rosidl_generator_py/smrr_interfaces/action/_arm_control_server_s.c.o[0m
[ 95%] [32m[1mLinking C shared library rosidl_generator_py/smrr_interfaces/libsmrr_interfaces__rosidl_generator_py.so[0m
[ 95%] Built target smrr_interfaces__rosidl_generator_py
[ 95%] [32mBuilding C object CMakeFiles/smrr_interfaces__rosidl_typesupport_c__pyext.dir/rosidl_generator_py/smrr_interfaces/_smrr_interfaces_s.ep.rosidl_typesupport_c.c.o[0m
[ 97%] [32mBuilding C object CMakeFiles/smrr_interfaces__rosidl_typesupport_fastrtps_c__pyext.dir/rosidl_generator_py/smrr_interfaces/_smrr_interfaces_s.ep.rosidl_typesupport_fastrtps_c.c.o[0m
[ 97%] [32mBuilding C object CMakeFiles/smrr_interfaces__rosidl_typesupport_introspection_c__pyext.dir/rosidl_generator_py/smrr_interfaces/_smrr_interfaces_s.ep.rosidl_typesupport_introspection_c.c.o[0m
[100%] [32m[1mLinking C shared library rosidl_generator_py/smrr_interfaces/smrr_interfaces_s__rosidl_typesupport_fastrtps_c.cpython-310-x86_64-linux-gnu.so[0m
[100%] [32m[1mLinking C shared library rosidl_generator_py/smrr_interfaces/smrr_interfaces_s__rosidl_typesupport_introspection_c.cpython-310-x86_64-linux-gnu.so[0m
[100%] [32m[1mLinking C shared library rosidl_generator_py/smrr_interfaces/smrr_interfaces_s__rosidl_typesupport_c.cpython-310-x86_64-linux-gnu.so[0m
[100%] Built target smrr_interfaces__rosidl_typesupport_c__pyext
[100%] Built target smrr_interfaces__rosidl_typesupport_fastrtps_c__pyext
[100%] Built target smrr_interfaces__rosidl_typesupport_introspection_c__pyext
-- Install configuration: ""
-- Execute custom install script
-- Symlinking: /home/sadeep/mobile_receptionist_ws/src/install/smrr_interfaces/share/ament_index/resource_index/rosidl_interfaces/smrr_interfaces
-- Symlinking: /home/sadeep/mobile_receptionist_ws/src/install/smrr_interfaces/include/smrr_interfaces/smrr_interfaces/action/arm_control_server.h
-- Symlinking: /home/sadeep/mobile_receptionist_ws/src/install/smrr_interfaces/include/smrr_interfaces/smrr_interfaces/action/detail/arm_control_server__functions.h
-- Symlinking: /home/sadeep/mobile_receptionist_ws/src/install/smrr_interfaces/include/smrr_interfaces/smrr_interfaces/action/detail/arm_control_server__struct.h
-- Symlinking: /home/sadeep/mobile_receptionist_ws/src/install/smrr_interfaces/include/smrr_interfaces/smrr_interfaces/action/detail/arm_control_server__type_support.h
-- Symlinking: /home/sadeep/mobile_receptionist_ws/src/install/smrr_interfaces/include/smrr_interfaces/smrr_interfaces/action/detail/navigate_to_goal__functions.h
-- Symlinking: /home/sadeep/mobile_receptionist_ws/src/install/smrr_interfaces/include/smrr_interfaces/smrr_interfaces/action/detail/navigate_to_goal__struct.h
-- Symlinking: /home/sadeep/mobile_receptionist_ws/src/install/smrr_interfaces/include/smrr_interfaces/smrr_interfaces/action/detail/navigate_to_goal__type_support.h
-- Symlinking: /home/sadeep/mobile_receptionist_ws/src/install/smrr_interfaces/include/smrr_interfaces/smrr_interfaces/action/navigate_to_goal.h
-- Symlinking: /home/sadeep/mobile_receptionist_ws/src/install/smrr_interfaces/include/smrr_interfaces/smrr_interfaces/msg/buffer.h
-- Symlinking: /home/sadeep/mobile_receptionist_ws/src/install/smrr_interfaces/include/smrr_interfaces/smrr_interfaces/msg/data_element_float.h
-- Symlinking: /home/sadeep/mobile_receptionist_ws/src/install/smrr_interfaces/include/smrr_interfaces/smrr_interfaces/msg/data_element_int.h
-- Symlinking: /home/sadeep/mobile_receptionist_ws/src/install/smrr_interfaces/include/smrr_interfaces/smrr_interfaces/msg/data_element_string.h
-- Symlinking: /home/sadeep/mobile_receptionist_ws/src/install/smrr_interfaces/include/smrr_interfaces/smrr_interfaces/msg/detail/buffer__functions.h
-- Symlinking: /home/sadeep/mobile_receptionist_ws/src/install/smrr_interfaces/include/smrr_interfaces/smrr_interfaces/msg/detail/buffer__struct.h
-- Symlinking: /home/sadeep/mobile_receptionist_ws/src/install/smrr_interfaces/include/smrr_interfaces/smrr_interfaces/msg/detail/buffer__type_support.h
-- Symlinking: /home/sadeep/mobile_receptionist_ws/src/install/smrr_interfaces/include/smrr_interfaces/smrr_interfaces/msg/detail/data_element_float__functions.h
-- Symlinking: /home/sadeep/mobile_receptionist_ws/src/install/smrr_interfaces/include/smrr_interfaces/smrr_interfaces/msg/detail/data_element_float__struct.h
-- Symlinking: /home/sadeep/mobile_receptionist_ws/src/install/smrr_interfaces/include/smrr_interfaces/smrr_interfaces/msg/detail/data_element_float__type_support.h
-- Symlinking: /home/sadeep/mobile_receptionist_ws/src/install/smrr_interfaces/include/smrr_interfaces/smrr_interfaces/msg/detail/data_element_int__functions.h
-- Symlinking: /home/sadeep/mobile_receptionist_ws/src/install/smrr_interfaces/include/smrr_interfaces/smrr_interfaces/msg/detail/data_element_int__struct.h
-- Symlinking: /home/sadeep/mobile_receptionist_ws/src/install/smrr_interfaces/include/smrr_interfaces/smrr_interfaces/msg/detail/data_element_int__type_support.h
-- Symlinking: /home/sadeep/mobile_receptionist_ws/src/install/smrr_interfaces/include/smrr_interfaces/smrr_interfaces/msg/detail/data_element_string__functions.h
-- Symlinking: /home/sadeep/mobile_receptionist_ws/src/install/smrr_interfaces/include/smrr_interfaces/smrr_interfaces/msg/detail/data_element_string__struct.h
-- Symlinking: /home/sadeep/mobile_receptionist_ws/src/install/smrr_interfaces/include/smrr_interfaces/smrr_interfaces/msg/detail/data_element_string__type_support.h
-- Symlinking: /home/sadeep/mobile_receptionist_ws/src/install/smrr_interfaces/include/smrr_interfaces/smrr_interfaces/msg/detail/entities__functions.h
-- Symlinking: /home/sadeep/mobile_receptionist_ws/src/install/smrr_interfaces/include/smrr_interfaces/smrr_interfaces/msg/detail/entities__struct.h
-- Symlinking: /home/sadeep/mobile_receptionist_ws/src/install/smrr_interfaces/include/smrr_interfaces/smrr_interfaces/msg/detail/entities__type_support.h
-- Symlinking: /home/sadeep/mobile_receptionist_ws/src/install/smrr_interfaces/include/smrr_interfaces/smrr_interfaces/msg/detail/inference_result__functions.h
-- Symlinking: /home/sadeep/mobile_receptionist_ws/src/install/smrr_interfaces/include/smrr_interfaces/smrr_interfaces/msg/detail/inference_result__struct.h
-- Symlinking: /home/sadeep/mobile_receptionist_ws/src/install/smrr_interfaces/include/smrr_interfaces/smrr_interfaces/msg/detail/inference_result__type_support.h
-- Symlinking: /home/sadeep/mobile_receptionist_ws/src/install/smrr_interfaces/include/smrr_interfaces/smrr_interfaces/msg/detail/pref_velocity__functions.h
-- Symlinking: /home/sadeep/mobile_receptionist_ws/src/install/smrr_interfaces/include/smrr_interfaces/smrr_interfaces/msg/detail/pref_velocity__struct.h
-- Symlinking: /home/sadeep/mobile_receptionist_ws/src/install/smrr_interfaces/include/smrr_interfaces/smrr_interfaces/msg/detail/pref_velocity__type_support.h
-- Symlinking: /home/sadeep/mobile_receptionist_ws/src/install/smrr_interfaces/include/smrr_interfaces/smrr_interfaces/msg/detail/velocity_class_data__functions.h
-- Symlinking: /home/sadeep/mobile_receptionist_ws/src/install/smrr_interfaces/include/smrr_interfaces/smrr_interfaces/msg/detail/velocity_class_data__struct.h
-- Symlinking: /home/sadeep/mobile_receptionist_ws/src/install/smrr_interfaces/include/smrr_interfaces/smrr_interfaces/msg/detail/velocity_class_data__type_support.h
-- Symlinking: /home/sadeep/mobile_receptionist_ws/src/install/smrr_interfaces/include/smrr_interfaces/smrr_interfaces/msg/detail/yolov10_inference__functions.h
-- Symlinking: /home/sadeep/mobile_receptionist_ws/src/install/smrr_interfaces/include/smrr_interfaces/smrr_interfaces/msg/detail/yolov10_inference__struct.h
-- Symlinking: /home/sadeep/mobile_receptionist_ws/src/install/smrr_interfaces/include/smrr_interfaces/smrr_interfaces/msg/detail/yolov10_inference__type_support.h
-- Symlinking: /home/sadeep/mobile_receptionist_ws/src/install/smrr_interfaces/include/smrr_interfaces/smrr_interfaces/msg/entities.h
-- Symlinking: /home/sadeep/mobile_receptionist_ws/src/install/smrr_interfaces/include/smrr_interfaces/smrr_interfaces/msg/inference_result.h
-- Symlinking: /home/sadeep/mobile_receptionist_ws/src/install/smrr_interfaces/include/smrr_interfaces/smrr_interfaces/msg/pref_velocity.h
-- Symlinking: /home/sadeep/mobile_receptionist_ws/src/install/smrr_interfaces/include/smrr_interfaces/smrr_interfaces/msg/rosidl_generator_c__visibility_control.h
-- Symlinking: /home/sadeep/mobile_receptionist_ws/src/install/smrr_interfaces/include/smrr_interfaces/smrr_interfaces/msg/velocity_class_data.h
-- Symlinking: /home/sadeep/mobile_receptionist_ws/src/install/smrr_interfaces/include/smrr_interfaces/smrr_interfaces/msg/yolov10_inference.h
-- Symlinking: /home/sadeep/mobile_receptionist_ws/src/install/smrr_interfaces/share/smrr_interfaces/environment/library_path.sh
-- Symlinking: /home/sadeep/mobile_receptionist_ws/src/install/smrr_interfaces/share/smrr_interfaces/environment/library_path.dsv
-- Symlinking: /home/sadeep/mobile_receptionist_ws/src/install/smrr_interfaces/include/smrr_interfaces/smrr_interfaces/action/detail/arm_control_server__rosidl_typesupport_fastrtps_c.h
-- Symlinking: /home/sadeep/mobile_receptionist_ws/src/install/smrr_interfaces/include/smrr_interfaces/smrr_interfaces/action/detail/navigate_to_goal__rosidl_typesupport_fastrtps_c.h
-- Symlinking: /home/sadeep/mobile_receptionist_ws/src/install/smrr_interfaces/include/smrr_interfaces/smrr_interfaces/msg/detail/buffer__rosidl_typesupport_fastrtps_c.h
-- Symlinking: /home/sadeep/mobile_receptionist_ws/src/install/smrr_interfaces/include/smrr_interfaces/smrr_interfaces/msg/detail/data_element_float__rosidl_typesupport_fastrtps_c.h
-- Symlinking: /home/sadeep/mobile_receptionist_ws/src/install/smrr_interfaces/include/smrr_interfaces/smrr_interfaces/msg/detail/data_element_int__rosidl_typesupport_fastrtps_c.h
-- Symlinking: /home/sadeep/mobile_receptionist_ws/src/install/smrr_interfaces/include/smrr_interfaces/smrr_interfaces/msg/detail/data_element_string__rosidl_typesupport_fastrtps_c.h
-- Symlinking: /home/sadeep/mobile_receptionist_ws/src/install/smrr_interfaces/include/smrr_interfaces/smrr_interfaces/msg/detail/entities__rosidl_typesupport_fastrtps_c.h
-- Symlinking: /home/sadeep/mobile_receptionist_ws/src/install/smrr_interfaces/include/smrr_interfaces/smrr_interfaces/msg/detail/inference_result__rosidl_typesupport_fastrtps_c.h
-- Symlinking: /home/sadeep/mobile_receptionist_ws/src/install/smrr_interfaces/include/smrr_interfaces/smrr_interfaces/msg/detail/pref_velocity__rosidl_typesupport_fastrtps_c.h
-- Symlinking: /home/sadeep/mobile_receptionist_ws/src/install/smrr_interfaces/include/smrr_interfaces/smrr_interfaces/msg/detail/velocity_class_data__rosidl_typesupport_fastrtps_c.h
-- Symlinking: /home/sadeep/mobile_receptionist_ws/src/install/smrr_interfaces/include/smrr_interfaces/smrr_interfaces/msg/detail/yolov10_inference__rosidl_typesupport_fastrtps_c.h
-- Symlinking: /home/sadeep/mobile_receptionist_ws/src/install/smrr_interfaces/include/smrr_interfaces/smrr_interfaces/msg/rosidl_typesupport_fastrtps_c__visibility_control.h
-- Symlinking: /home/sadeep/mobile_receptionist_ws/src/install/smrr_interfaces/include/smrr_interfaces/smrr_interfaces/action/arm_control_server.hpp
-- Symlinking: /home/sadeep/mobile_receptionist_ws/src/install/smrr_interfaces/include/smrr_interfaces/smrr_interfaces/action/detail/arm_control_server__builder.hpp
-- Symlinking: /home/sadeep/mobile_receptionist_ws/src/install/smrr_interfaces/include/smrr_interfaces/smrr_interfaces/action/detail/arm_control_server__struct.hpp
-- Symlinking: /home/sadeep/mobile_receptionist_ws/src/install/smrr_interfaces/include/smrr_interfaces/smrr_interfaces/action/detail/arm_control_server__traits.hpp
-- Symlinking: /home/sadeep/mobile_receptionist_ws/src/install/smrr_interfaces/include/smrr_interfaces/smrr_interfaces/action/detail/navigate_to_goal__builder.hpp
-- Symlinking: /home/sadeep/mobile_receptionist_ws/src/install/smrr_interfaces/include/smrr_interfaces/smrr_interfaces/action/detail/navigate_to_goal__struct.hpp
-- Symlinking: /home/sadeep/mobile_receptionist_ws/src/install/smrr_interfaces/include/smrr_interfaces/smrr_interfaces/action/detail/navigate_to_goal__traits.hpp
-- Symlinking: /home/sadeep/mobile_receptionist_ws/src/install/smrr_interfaces/include/smrr_interfaces/smrr_interfaces/action/navigate_to_goal.hpp
-- Symlinking: /home/sadeep/mobile_receptionist_ws/src/install/smrr_interfaces/include/smrr_interfaces/smrr_interfaces/msg/buffer.hpp
-- Symlinking: /home/sadeep/mobile_receptionist_ws/src/install/smrr_interfaces/include/smrr_interfaces/smrr_interfaces/msg/data_element_float.hpp
-- Symlinking: /home/sadeep/mobile_receptionist_ws/src/install/smrr_interfaces/include/smrr_interfaces/smrr_interfaces/msg/data_element_int.hpp
-- Symlinking: /home/sadeep/mobile_receptionist_ws/src/install/smrr_interfaces/include/smrr_interfaces/smrr_interfaces/msg/data_element_string.hpp
-- Symlinking: /home/sadeep/mobile_receptionist_ws/src/install/smrr_interfaces/include/smrr_interfaces/smrr_interfaces/msg/detail/buffer__builder.hpp
-- Symlinking: /home/sadeep/mobile_receptionist_ws/src/install/smrr_interfaces/include/smrr_interfaces/smrr_interfaces/msg/detail/buffer__struct.hpp
-- Symlinking: /home/sadeep/mobile_receptionist_ws/src/install/smrr_interfaces/include/smrr_interfaces/smrr_interfaces/msg/detail/buffer__traits.hpp
-- Symlinking: /home/sadeep/mobile_receptionist_ws/src/install/smrr_interfaces/include/smrr_interfaces/smrr_interfaces/msg/detail/data_element_float__builder.hpp
-- Symlinking: /home/sadeep/mobile_receptionist_ws/src/install/smrr_interfaces/include/smrr_interfaces/smrr_interfaces/msg/detail/data_element_float__struct.hpp
-- Symlinking: /home/sadeep/mobile_receptionist_ws/src/install/smrr_interfaces/include/smrr_interfaces/smrr_interfaces/msg/detail/data_element_float__traits.hpp
-- Symlinking: /home/sadeep/mobile_receptionist_ws/src/install/smrr_interfaces/include/smrr_interfaces/smrr_interfaces/msg/detail/data_element_int__builder.hpp
-- Symlinking: /home/sadeep/mobile_receptionist_ws/src/install/smrr_interfaces/include/smrr_interfaces/smrr_interfaces/msg/detail/data_element_int__struct.hpp
-- Symlinking: /home/sadeep/mobile_receptionist_ws/src/install/smrr_interfaces/include/smrr_interfaces/smrr_interfaces/msg/detail/data_element_int__traits.hpp
-- Symlinking: /home/sadeep/mobile_receptionist_ws/src/install/smrr_interfaces/include/smrr_interfaces/smrr_interfaces/msg/detail/data_element_string__builder.hpp
-- Symlinking: /home/sadeep/mobile_receptionist_ws/src/install/smrr_interfaces/include/smrr_interfaces/smrr_interfaces/msg/detail/data_element_string__struct.hpp
-- Symlinking: /home/sadeep/mobile_receptionist_ws/src/install/smrr_interfaces/include/smrr_interfaces/smrr_interfaces/msg/detail/data_element_string__traits.hpp
-- Symlinking: /home/sadeep/mobile_receptionist_ws/src/install/smrr_interfaces/include/smrr_interfaces/smrr_interfaces/msg/detail/entities__builder.hpp
-- Symlinking: /home/sadeep/mobile_receptionist_ws/src/install/smrr_interfaces/include/smrr_interfaces/smrr_interfaces/msg/detail/entities__struct.hpp
-- Symlinking: /home/sadeep/mobile_receptionist_ws/src/install/smrr_interfaces/include/smrr_interfaces/smrr_interfaces/msg/detail/entities__traits.hpp
-- Symlinking: /home/sadeep/mobile_receptionist_ws/src/install/smrr_interfaces/include/smrr_interfaces/smrr_interfaces/msg/detail/inference_result__builder.hpp
-- Symlinking: /home/sadeep/mobile_receptionist_ws/src/install/smrr_interfaces/include/smrr_interfaces/smrr_interfaces/msg/detail/inference_result__struct.hpp
-- Symlinking: /home/sadeep/mobile_receptionist_ws/src/install/smrr_interfaces/include/smrr_interfaces/smrr_interfaces/msg/detail/inference_result__traits.hpp
-- Symlinking: /home/sadeep/mobile_receptionist_ws/src/install/smrr_interfaces/include/smrr_interfaces/smrr_interfaces/msg/detail/pref_velocity__builder.hpp
-- Symlinking: /home/sadeep/mobile_receptionist_ws/src/install/smrr_interfaces/include/smrr_interfaces/smrr_interfaces/msg/detail/pref_velocity__struct.hpp
-- Symlinking: /home/sadeep/mobile_receptionist_ws/src/install/smrr_interfaces/include/smrr_interfaces/smrr_interfaces/msg/detail/pref_velocity__traits.hpp
-- Symlinking: /home/sadeep/mobile_receptionist_ws/src/install/smrr_interfaces/include/smrr_interfaces/smrr_interfaces/msg/detail/velocity_class_data__builder.hpp
-- Symlinking: /home/sadeep/mobile_receptionist_ws/src/install/smrr_interfaces/include/smrr_interfaces/smrr_interfaces/msg/detail/velocity_class_data__struct.hpp
-- Symlinking: /home/sadeep/mobile_receptionist_ws/src/install/smrr_interfaces/include/smrr_interfaces/smrr_interfaces/msg/detail/velocity_class_data__traits.hpp
-- Symlinking: /home/sadeep/mobile_receptionist_ws/src/install/smrr_interfaces/include/smrr_interfaces/smrr_interfaces/msg/detail/yolov10_inference__builder.hpp
-- Symlinking: /home/sadeep/mobile_receptionist_ws/src/install/smrr_interfaces/include/smrr_interfaces/smrr_interfaces/msg/detail/yolov10_inference__struct.hpp
-- Symlinking: /home/sadeep/mobile_receptionist_ws/src/install/smrr_interfaces/include/smrr_interfaces/smrr_interfaces/msg/detail/yolov10_inference__traits.hpp
-- Symlinking: /home/sadeep/mobile_receptionist_ws/src/install/smrr_interfaces/include/smrr_interfaces/smrr_interfaces/msg/entities.hpp
-- Symlinking: /home/sadeep/mobile_receptionist_ws/src/install/smrr_interfaces/include/smrr_interfaces/smrr_interfaces/msg/inference_result.hpp
-- Symlinking: /home/sadeep/mobile_receptionist_ws/src/install/smrr_interfaces/include/smrr_interfaces/smrr_interfaces/msg/pref_velocity.hpp
-- Symlinking: /home/sadeep/mobile_receptionist_ws/src/install/smrr_interfaces/include/smrr_interfaces/smrr_interfaces/msg/velocity_class_data.hpp
-- Symlinking: /home/sadeep/mobile_receptionist_ws/src/install/smrr_interfaces/include/smrr_interfaces/smrr_interfaces/msg/yolov10_inference.hpp
-- Symlinking: /home/sadeep/mobile_receptionist_ws/src/install/smrr_interfaces/include/smrr_interfaces/smrr_interfaces/action/detail/arm_control_server__rosidl_typesupport_fastrtps_cpp.hpp
-- Symlinking: /home/sadeep/mobile_receptionist_ws/src/install/smrr_interfaces/include/smrr_interfaces/smrr_interfaces/action/detail/navigate_to_goal__rosidl_typesupport_fastrtps_cpp.hpp
-- Symlinking: /home/sadeep/mobile_receptionist_ws/src/install/smrr_interfaces/include/smrr_interfaces/smrr_interfaces/msg/detail/buffer__rosidl_typesupport_fastrtps_cpp.hpp
-- Symlinking: /home/sadeep/mobile_receptionist_ws/src/install/smrr_interfaces/include/smrr_interfaces/smrr_interfaces/msg/detail/data_element_float__rosidl_typesupport_fastrtps_cpp.hpp
-- Symlinking: /home/sadeep/mobile_receptionist_ws/src/install/smrr_interfaces/include/smrr_interfaces/smrr_interfaces/msg/detail/data_element_int__rosidl_typesupport_fastrtps_cpp.hpp
-- Symlinking: /home/sadeep/mobile_receptionist_ws/src/install/smrr_interfaces/include/smrr_interfaces/smrr_interfaces/msg/detail/data_element_string__rosidl_typesupport_fastrtps_cpp.hpp
-- Symlinking: /home/sadeep/mobile_receptionist_ws/src/install/smrr_interfaces/include/smrr_interfaces/smrr_interfaces/msg/detail/entities__rosidl_typesupport_fastrtps_cpp.hpp
-- Symlinking: /home/sadeep/mobile_receptionist_ws/src/install/smrr_interfaces/include/smrr_interfaces/smrr_interfaces/msg/detail/inference_result__rosidl_typesupport_fastrtps_cpp.hpp
-- Symlinking: /home/sadeep/mobile_receptionist_ws/src/install/smrr_interfaces/include/smrr_interfaces/smrr_interfaces/msg/detail/pref_velocity__rosidl_typesupport_fastrtps_cpp.hpp
-- Symlinking: /home/sadeep/mobile_receptionist_ws/src/install/smrr_interfaces/include/smrr_interfaces/smrr_interfaces/msg/detail/velocity_class_data__rosidl_typesupport_fastrtps_cpp.hpp
-- Symlinking: /home/sadeep/mobile_receptionist_ws/src/install/smrr_interfaces/include/smrr_interfaces/smrr_interfaces/msg/detail/yolov10_inference__rosidl_typesupport_fastrtps_cpp.hpp
-- Symlinking: /home/sadeep/mobile_receptionist_ws/src/install/smrr_interfaces/include/smrr_interfaces/smrr_interfaces/msg/rosidl_typesupport_fastrtps_cpp__visibility_control.h
-- Symlinking: /home/sadeep/mobile_receptionist_ws/src/install/smrr_interfaces/include/smrr_interfaces/smrr_interfaces/action/detail/arm_control_server__rosidl_typesupport_introspection_c.h
-- Symlinking: /home/sadeep/mobile_receptionist_ws/src/install/smrr_interfaces/include/smrr_interfaces/smrr_interfaces/action/detail/navigate_to_goal__rosidl_typesupport_introspection_c.h
-- Symlinking: /home/sadeep/mobile_receptionist_ws/src/install/smrr_interfaces/include/smrr_interfaces/smrr_interfaces/msg/detail/buffer__rosidl_typesupport_introspection_c.h
-- Symlinking: /home/sadeep/mobile_receptionist_ws/src/install/smrr_interfaces/include/smrr_interfaces/smrr_interfaces/msg/detail/data_element_float__rosidl_typesupport_introspection_c.h
-- Symlinking: /home/sadeep/mobile_receptionist_ws/src/install/smrr_interfaces/include/smrr_interfaces/smrr_interfaces/msg/detail/data_element_int__rosidl_typesupport_introspection_c.h
-- Symlinking: /home/sadeep/mobile_receptionist_ws/src/install/smrr_interfaces/include/smrr_interfaces/smrr_interfaces/msg/detail/data_element_string__rosidl_typesupport_introspection_c.h
-- Symlinking: /home/sadeep/mobile_receptionist_ws/src/install/smrr_interfaces/include/smrr_interfaces/smrr_interfaces/msg/detail/entities__rosidl_typesupport_introspection_c.h
-- Symlinking: /home/sadeep/mobile_receptionist_ws/src/install/smrr_interfaces/include/smrr_interfaces/smrr_interfaces/msg/detail/inference_result__rosidl_typesupport_introspection_c.h
-- Symlinking: /home/sadeep/mobile_receptionist_ws/src/install/smrr_interfaces/include/smrr_interfaces/smrr_interfaces/msg/detail/pref_velocity__rosidl_typesupport_introspection_c.h
-- Symlinking: /home/sadeep/mobile_receptionist_ws/src/install/smrr_interfaces/include/smrr_interfaces/smrr_interfaces/msg/detail/velocity_class_data__rosidl_typesupport_introspection_c.h
-- Symlinking: /home/sadeep/mobile_receptionist_ws/src/install/smrr_interfaces/include/smrr_interfaces/smrr_interfaces/msg/detail/yolov10_inference__rosidl_typesupport_introspection_c.h
-- Symlinking: /home/sadeep/mobile_receptionist_ws/src/install/smrr_interfaces/include/smrr_interfaces/smrr_interfaces/msg/rosidl_typesupport_introspection_c__visibility_control.h
-- Symlinking: /home/sadeep/mobile_receptionist_ws/src/install/smrr_interfaces/include/smrr_interfaces/smrr_interfaces/action/detail/arm_control_server__rosidl_typesupport_introspection_cpp.hpp
-- Symlinking: /home/sadeep/mobile_receptionist_ws/src/install/smrr_interfaces/include/smrr_interfaces/smrr_interfaces/action/detail/navigate_to_goal__rosidl_typesupport_introspection_cpp.hpp
-- Symlinking: /home/sadeep/mobile_receptionist_ws/src/install/smrr_interfaces/include/smrr_interfaces/smrr_interfaces/msg/detail/buffer__rosidl_typesupport_introspection_cpp.hpp
-- Symlinking: /home/sadeep/mobile_receptionist_ws/src/install/smrr_interfaces/include/smrr_interfaces/smrr_interfaces/msg/detail/data_element_float__rosidl_typesupport_introspection_cpp.hpp
-- Symlinking: /home/sadeep/mobile_receptionist_ws/src/install/smrr_interfaces/include/smrr_interfaces/smrr_interfaces/msg/detail/data_element_int__rosidl_typesupport_introspection_cpp.hpp
-- Symlinking: /home/sadeep/mobile_receptionist_ws/src/install/smrr_interfaces/include/smrr_interfaces/smrr_interfaces/msg/detail/data_element_string__rosidl_typesupport_introspection_cpp.hpp
-- Symlinking: /home/sadeep/mobile_receptionist_ws/src/install/smrr_interfaces/include/smrr_interfaces/smrr_interfaces/msg/detail/entities__rosidl_typesupport_introspection_cpp.hpp
-- Symlinking: /home/sadeep/mobile_receptionist_ws/src/install/smrr_interfaces/include/smrr_interfaces/smrr_interfaces/msg/detail/inference_result__rosidl_typesupport_introspection_cpp.hpp
-- Symlinking: /home/sadeep/mobile_receptionist_ws/src/install/smrr_interfaces/include/smrr_interfaces/smrr_interfaces/msg/detail/pref_velocity__rosidl_typesupport_introspection_cpp.hpp
-- Symlinking: /home/sadeep/mobile_receptionist_ws/src/install/smrr_interfaces/include/smrr_interfaces/smrr_interfaces/msg/detail/velocity_class_data__rosidl_typesupport_introspection_cpp.hpp
-- Symlinking: /home/sadeep/mobile_receptionist_ws/src/install/smrr_interfaces/include/smrr_interfaces/smrr_interfaces/msg/detail/yolov10_inference__rosidl_typesupport_introspection_cpp.hpp
-- Symlinking: /home/sadeep/mobile_receptionist_ws/src/install/smrr_interfaces/share/smrr_interfaces/environment/pythonpath.sh
-- Symlinking: /home/sadeep/mobile_receptionist_ws/src/install/smrr_interfaces/share/smrr_interfaces/environment/pythonpath.dsv
-- Symlinking: /home/sadeep/mobile_receptionist_ws/src/install/smrr_interfaces/local/lib/python3.10/dist-packages/smrr_interfaces-0.0.0-py3.10.egg-info/PKG-INFO
-- Symlinking: /home/sadeep/mobile_receptionist_ws/src/install/smrr_interfaces/local/lib/python3.10/dist-packages/smrr_interfaces-0.0.0-py3.10.egg-info/SOURCES.txt
-- Symlinking: /home/sadeep/mobile_receptionist_ws/src/install/smrr_interfaces/local/lib/python3.10/dist-packages/smrr_interfaces-0.0.0-py3.10.egg-info/dependency_links.txt
-- Symlinking: /home/sadeep/mobile_receptionist_ws/src/install/smrr_interfaces/local/lib/python3.10/dist-packages/smrr_interfaces-0.0.0-py3.10.egg-info/top_level.txt
-- Symlinking: /home/sadeep/mobile_receptionist_ws/src/install/smrr_interfaces/local/lib/python3.10/dist-packages/smrr_interfaces/__init__.py
-- Symlinking: /home/sadeep/mobile_receptionist_ws/src/install/smrr_interfaces/local/lib/python3.10/dist-packages/smrr_interfaces/_smrr_interfaces_s.ep.rosidl_typesupport_c.c
-- Symlinking: /home/sadeep/mobile_receptionist_ws/src/install/smrr_interfaces/local/lib/python3.10/dist-packages/smrr_interfaces/_smrr_interfaces_s.ep.rosidl_typesupport_fastrtps_c.c
-- Symlinking: /home/sadeep/mobile_receptionist_ws/src/install/smrr_interfaces/local/lib/python3.10/dist-packages/smrr_interfaces/_smrr_interfaces_s.ep.rosidl_typesupport_introspection_c.c
-- Symlinking: /home/sadeep/mobile_receptionist_ws/src/install/smrr_interfaces/local/lib/python3.10/dist-packages/smrr_interfaces/action/__init__.py
-- Symlinking: /home/sadeep/mobile_receptionist_ws/src/install/smrr_interfaces/local/lib/python3.10/dist-packages/smrr_interfaces/action/_arm_control_server.py
-- Symlinking: /home/sadeep/mobile_receptionist_ws/src/install/smrr_interfaces/local/lib/python3.10/dist-packages/smrr_interfaces/action/_arm_control_server_s.c
-- Symlinking: /home/sadeep/mobile_receptionist_ws/src/install/smrr_interfaces/local/lib/python3.10/dist-packages/smrr_interfaces/action/_navigate_to_goal.py
-- Symlinking: /home/sadeep/mobile_receptionist_ws/src/install/smrr_interfaces/local/lib/python3.10/dist-packages/smrr_interfaces/action/_navigate_to_goal_s.c
-- Symlinking: /home/sadeep/mobile_receptionist_ws/src/install/smrr_interfaces/local/lib/python3.10/dist-packages/smrr_interfaces/libsmrr_interfaces__rosidl_generator_py.so
-- Symlinking: /home/sadeep/mobile_receptionist_ws/src/install/smrr_interfaces/local/lib/python3.10/dist-packages/smrr_interfaces/msg/__init__.py
-- Symlinking: /home/sadeep/mobile_receptionist_ws/src/install/smrr_interfaces/local/lib/python3.10/dist-packages/smrr_interfaces/msg/_buffer.py
-- Symlinking: /home/sadeep/mobile_receptionist_ws/src/install/smrr_interfaces/local/lib/python3.10/dist-packages/smrr_interfaces/msg/_buffer_s.c
-- Symlinking: /home/sadeep/mobile_receptionist_ws/src/install/smrr_interfaces/local/lib/python3.10/dist-packages/smrr_interfaces/msg/_data_element_float.py
-- Symlinking: /home/sadeep/mobile_receptionist_ws/src/install/smrr_interfaces/local/lib/python3.10/dist-packages/smrr_interfaces/msg/_data_element_float_s.c
-- Symlinking: /home/sadeep/mobile_receptionist_ws/src/install/smrr_interfaces/local/lib/python3.10/dist-packages/smrr_interfaces/msg/_data_element_int.py
-- Symlinking: /home/sadeep/mobile_receptionist_ws/src/install/smrr_interfaces/local/lib/python3.10/dist-packages/smrr_interfaces/msg/_data_element_int_s.c
-- Symlinking: /home/sadeep/mobile_receptionist_ws/src/install/smrr_interfaces/local/lib/python3.10/dist-packages/smrr_interfaces/msg/_data_element_string.py
-- Symlinking: /home/sadeep/mobile_receptionist_ws/src/install/smrr_interfaces/local/lib/python3.10/dist-packages/smrr_interfaces/msg/_data_element_string_s.c
-- Symlinking: /home/sadeep/mobile_receptionist_ws/src/install/smrr_interfaces/local/lib/python3.10/dist-packages/smrr_interfaces/msg/_entities.py
-- Symlinking: /home/sadeep/mobile_receptionist_ws/src/install/smrr_interfaces/local/lib/python3.10/dist-packages/smrr_interfaces/msg/_entities_s.c
-- Symlinking: /home/sadeep/mobile_receptionist_ws/src/install/smrr_interfaces/local/lib/python3.10/dist-packages/smrr_interfaces/msg/_inference_result.py
-- Symlinking: /home/sadeep/mobile_receptionist_ws/src/install/smrr_interfaces/local/lib/python3.10/dist-packages/smrr_interfaces/msg/_inference_result_s.c
-- Symlinking: /home/sadeep/mobile_receptionist_ws/src/install/smrr_interfaces/local/lib/python3.10/dist-packages/smrr_interfaces/msg/_pref_velocity.py
-- Symlinking: /home/sadeep/mobile_receptionist_ws/src/install/smrr_interfaces/local/lib/python3.10/dist-packages/smrr_interfaces/msg/_pref_velocity_s.c
-- Symlinking: /home/sadeep/mobile_receptionist_ws/src/install/smrr_interfaces/local/lib/python3.10/dist-packages/smrr_interfaces/msg/_velocity_class_data.py
-- Symlinking: /home/sadeep/mobile_receptionist_ws/src/install/smrr_interfaces/local/lib/python3.10/dist-packages/smrr_interfaces/msg/_velocity_class_data_s.c
-- Symlinking: /home/sadeep/mobile_receptionist_ws/src/install/smrr_interfaces/local/lib/python3.10/dist-packages/smrr_interfaces/msg/_yolov10_inference.py
-- Symlinking: /home/sadeep/mobile_receptionist_ws/src/install/smrr_interfaces/local/lib/python3.10/dist-packages/smrr_interfaces/msg/_yolov10_inference_s.c
-- Symlinking: /home/sadeep/mobile_receptionist_ws/src/install/smrr_interfaces/local/lib/python3.10/dist-packages/smrr_interfaces/smrr_interfaces_s__rosidl_typesupport_c.cpython-310-x86_64-linux-gnu.so
-- Symlinking: /home/sadeep/mobile_receptionist_ws/src/install/smrr_interfaces/local/lib/python3.10/dist-packages/smrr_interfaces/smrr_interfaces_s__rosidl_typesupport_fastrtps_c.cpython-310-x86_64-linux-gnu.so
-- Symlinking: /home/sadeep/mobile_receptionist_ws/src/install/smrr_interfaces/local/lib/python3.10/dist-packages/smrr_interfaces/smrr_interfaces_s__rosidl_typesupport_introspection_c.cpython-310-x86_64-linux-gnu.so
-- Up-to-date symlink: /home/sadeep/mobile_receptionist_ws/src/install/smrr_interfaces/local/lib/python3.10/dist-packages/smrr_interfaces/smrr_interfaces_s__rosidl_typesupport_fastrtps_c.cpython-310-x86_64-linux-gnu.so
-- Up-to-date symlink: /home/sadeep/mobile_receptionist_ws/src/install/smrr_interfaces/local/lib/python3.10/dist-packages/smrr_interfaces/smrr_interfaces_s__rosidl_typesupport_introspection_c.cpython-310-x86_64-linux-gnu.so
-- Up-to-date symlink: /home/sadeep/mobile_receptionist_ws/src/install/smrr_interfaces/local/lib/python3.10/dist-packages/smrr_interfaces/smrr_interfaces_s__rosidl_typesupport_c.cpython-310-x86_64-linux-gnu.so
-- Symlinking: /home/sadeep/mobile_receptionist_ws/src/install/smrr_interfaces/share/smrr_interfaces/msg/Entities.idl
-- Symlinking: /home/sadeep/mobile_receptionist_ws/src/install/smrr_interfaces/share/smrr_interfaces/msg/InferenceResult.idl
-- Symlinking: /home/sadeep/mobile_receptionist_ws/src/install/smrr_interfaces/share/smrr_interfaces/msg/Yolov10Inference.idl
-- Symlinking: /home/sadeep/mobile_receptionist_ws/src/install/smrr_interfaces/share/smrr_interfaces/msg/Buffer.idl
-- Symlinking: /home/sadeep/mobile_receptionist_ws/src/install/smrr_interfaces/share/smrr_interfaces/msg/DataElementFloat.idl
-- Symlinking: /home/sadeep/mobile_receptionist_ws/src/install/smrr_interfaces/share/smrr_interfaces/msg/DataElementInt.idl
-- Symlinking: /home/sadeep/mobile_receptionist_ws/src/install/smrr_interfaces/share/smrr_interfaces/msg/DataElementString.idl
-- Symlinking: /home/sadeep/mobile_receptionist_ws/src/install/smrr_interfaces/share/smrr_interfaces/msg/PrefVelocity.idl
-- Symlinking: /home/sadeep/mobile_receptionist_ws/src/install/smrr_interfaces/share/smrr_interfaces/msg/VelocityClassData.idl
-- Symlinking: /home/sadeep/mobile_receptionist_ws/src/install/smrr_interfaces/share/smrr_interfaces/action/NavigateToGoal.idl
-- Symlinking: /home/sadeep/mobile_receptionist_ws/src/install/smrr_interfaces/share/smrr_interfaces/action/ArmControlServer.idl
-- Symlinking: /home/sadeep/mobile_receptionist_ws/src/install/smrr_interfaces/share/smrr_interfaces/msg/Entities.msg
-- Symlinking: /home/sadeep/mobile_receptionist_ws/src/install/smrr_interfaces/share/smrr_interfaces/msg/InferenceResult.msg
-- Symlinking: /home/sadeep/mobile_receptionist_ws/src/install/smrr_interfaces/share/smrr_interfaces/msg/Yolov10Inference.msg
-- Symlinking: /home/sadeep/mobile_receptionist_ws/src/install/smrr_interfaces/share/smrr_interfaces/msg/Buffer.msg
-- Symlinking: /home/sadeep/mobile_receptionist_ws/src/install/smrr_interfaces/share/smrr_interfaces/msg/DataElementFloat.msg
-- Symlinking: /home/sadeep/mobile_receptionist_ws/src/install/smrr_interfaces/share/smrr_interfaces/msg/DataElementInt.msg
-- Symlinking: /home/sadeep/mobile_receptionist_ws/src/install/smrr_interfaces/share/smrr_interfaces/msg/DataElementString.msg
-- Symlinking: /home/sadeep/mobile_receptionist_ws/src/install/smrr_interfaces/share/smrr_interfaces/msg/PrefVelocity.msg
-- Symlinking: /home/sadeep/mobile_receptionist_ws/src/install/smrr_interfaces/share/smrr_interfaces/msg/VelocityClassData.msg
-- Symlinking: /home/sadeep/mobile_receptionist_ws/src/install/smrr_interfaces/share/smrr_interfaces/action/NavigateToGoal.action
-- Symlinking: /home/sadeep/mobile_receptionist_ws/src/install/smrr_interfaces/share/smrr_interfaces/action/ArmControlServer.action
-- Symlinking: /home/sadeep/mobile_receptionist_ws/src/install/smrr_interfaces/share/ament_index/resource_index/package_run_dependencies/smrr_interfaces
-- Symlinking: /home/sadeep/mobile_receptionist_ws/src/install/smrr_interfaces/share/ament_index/resource_index/parent_prefix_path/smrr_interfaces
-- Symlinking: /home/sadeep/mobile_receptionist_ws/src/install/smrr_interfaces/share/smrr_interfaces/environment/ament_prefix_path.sh
-- Symlinking: /home/sadeep/mobile_receptionist_ws/src/install/smrr_interfaces/share/smrr_interfaces/environment/ament_prefix_path.dsv
-- Symlinking: /home/sadeep/mobile_receptionist_ws/src/install/smrr_interfaces/share/smrr_interfaces/environment/path.sh
-- Symlinking: /home/sadeep/mobile_receptionist_ws/src/install/smrr_interfaces/share/smrr_interfaces/environment/path.dsv
-- Symlinking: /home/sadeep/mobile_receptionist_ws/src/install/smrr_interfaces/share/smrr_interfaces/local_setup.bash
-- Symlinking: /home/sadeep/mobile_receptionist_ws/src/install/smrr_interfaces/share/smrr_interfaces/local_setup.sh
-- Symlinking: /home/sadeep/mobile_receptionist_ws/src/install/smrr_interfaces/share/smrr_interfaces/local_setup.zsh
-- Symlinking: /home/sadeep/mobile_receptionist_ws/src/install/smrr_interfaces/share/smrr_interfaces/local_setup.dsv
-- Symlinking: /home/sadeep/mobile_receptionist_ws/src/install/smrr_interfaces/share/smrr_interfaces/package.dsv
-- Symlinking: /home/sadeep/mobile_receptionist_ws/src/install/smrr_interfaces/share/ament_index/resource_index/packages/smrr_interfaces
-- Symlinking: /home/sadeep/mobile_receptionist_ws/src/install/smrr_interfaces/share/smrr_interfaces/cmake/rosidl_cmake-extras.cmake
-- Symlinking: /home/sadeep/mobile_receptionist_ws/src/install/smrr_interfaces/share/smrr_interfaces/cmake/ament_cmake_export_dependencies-extras.cmake
-- Symlinking: /home/sadeep/mobile_receptionist_ws/src/install/smrr_interfaces/share/smrr_interfaces/cmake/ament_cmake_export_include_directories-extras.cmake
-- Symlinking: /home/sadeep/mobile_receptionist_ws/src/install/smrr_interfaces/share/smrr_interfaces/cmake/ament_cmake_export_libraries-extras.cmake
-- Symlinking: /home/sadeep/mobile_receptionist_ws/src/install/smrr_interfaces/share/smrr_interfaces/cmake/ament_cmake_export_targets-extras.cmake
-- Symlinking: /home/sadeep/mobile_receptionist_ws/src/install/smrr_interfaces/share/smrr_interfaces/cmake/rosidl_cmake_export_typesupport_targets-extras.cmake
-- Symlinking: /home/sadeep/mobile_receptionist_ws/src/install/smrr_interfaces/share/smrr_interfaces/cmake/rosidl_cmake_export_typesupport_libraries-extras.cmake
-- Symlinking: /home/sadeep/mobile_receptionist_ws/src/install/smrr_interfaces/share/smrr_interfaces/cmake/smrr_interfacesConfig.cmake
-- Symlinking: /home/sadeep/mobile_receptionist_ws/src/install/smrr_interfaces/share/smrr_interfaces/cmake/smrr_interfacesConfig-version.cmake
-- Symlinking: /home/sadeep/mobile_receptionist_ws/src/install/smrr_interfaces/share/smrr_interfaces/package.xml
-- Installing: /home/sadeep/mobile_receptionist_ws/src/install/smrr_interfaces/lib/libsmrr_interfaces__rosidl_generator_c.so
-- Set runtime path of "/home/sadeep/mobile_receptionist_ws/src/install/smrr_interfaces/lib/libsmrr_interfaces__rosidl_generator_c.so" to ""
-- Installing: /home/sadeep/mobile_receptionist_ws/src/install/smrr_interfaces/lib/libsmrr_interfaces__rosidl_typesupport_fastrtps_c.so
-- Set runtime path of "/home/sadeep/mobile_receptionist_ws/src/install/smrr_interfaces/lib/libsmrr_interfaces__rosidl_typesupport_fastrtps_c.so" to ""
-- Installing: /home/sadeep/mobile_receptionist_ws/src/install/smrr_interfaces/lib/libsmrr_interfaces__rosidl_typesupport_fastrtps_cpp.so
-- Set runtime path of "/home/sadeep/mobile_receptionist_ws/src/install/smrr_interfaces/lib/libsmrr_interfaces__rosidl_typesupport_fastrtps_cpp.so" to ""
-- Installing: /home/sadeep/mobile_receptionist_ws/src/install/smrr_interfaces/lib/libsmrr_interfaces__rosidl_typesupport_introspection_c.so
-- Set runtime path of "/home/sadeep/mobile_receptionist_ws/src/install/smrr_interfaces/lib/libsmrr_interfaces__rosidl_typesupport_introspection_c.so" to ""
-- Installing: /home/sadeep/mobile_receptionist_ws/src/install/smrr_interfaces/lib/libsmrr_interfaces__rosidl_typesupport_c.so
-- Set runtime path of "/home/sadeep/mobile_receptionist_ws/src/install/smrr_interfaces/lib/libsmrr_interfaces__rosidl_typesupport_c.so" to ""
-- Installing: /home/sadeep/mobile_receptionist_ws/src/install/smrr_interfaces/lib/libsmrr_interfaces__rosidl_typesupport_introspection_cpp.so
-- Set runtime path of "/home/sadeep/mobile_receptionist_ws/src/install/smrr_interfaces/lib/libsmrr_interfaces__rosidl_typesupport_introspection_cpp.so" to ""
-- Installing: /home/sadeep/mobile_receptionist_ws/src/install/smrr_interfaces/lib/libsmrr_interfaces__rosidl_typesupport_cpp.so
-- Set runtime path of "/home/sadeep/mobile_receptionist_ws/src/install/smrr_interfaces/lib/libsmrr_interfaces__rosidl_typesupport_cpp.so" to ""
Listing '/home/sadeep/mobile_receptionist_ws/src/install/smrr_interfaces/local/lib/python3.10/dist-packages/smrr_interfaces'...
Compiling '/home/sadeep/mobile_receptionist_ws/src/install/smrr_interfaces/local/lib/python3.10/dist-packages/smrr_interfaces/__init__.py'...
Listing '/home/sadeep/mobile_receptionist_ws/src/install/smrr_interfaces/local/lib/python3.10/dist-packages/smrr_interfaces/action'...
Compiling '/home/sadeep/mobile_receptionist_ws/src/install/smrr_interfaces/local/lib/python3.10/dist-packages/smrr_interfaces/action/__init__.py'...
Compiling '/home/sadeep/mobile_receptionist_ws/src/install/smrr_interfaces/local/lib/python3.10/dist-packages/smrr_interfaces/action/_arm_control_server.py'...
Compiling '/home/sadeep/mobile_receptionist_ws/src/install/smrr_interfaces/local/lib/python3.10/dist-packages/smrr_interfaces/action/_navigate_to_goal.py'...
Listing '/home/sadeep/mobile_receptionist_ws/src/install/smrr_interfaces/local/lib/python3.10/dist-packages/smrr_interfaces/msg'...
Compiling '/home/sadeep/mobile_receptionist_ws/src/install/smrr_interfaces/local/lib/python3.10/dist-packages/smrr_interfaces/msg/__init__.py'...
Compiling '/home/sadeep/mobile_receptionist_ws/src/install/smrr_interfaces/local/lib/python3.10/dist-packages/smrr_interfaces/msg/_buffer.py'...
Compiling '/home/sadeep/mobile_receptionist_ws/src/install/smrr_interfaces/local/lib/python3.10/dist-packages/smrr_interfaces/msg/_data_element_float.py'...
Compiling '/home/sadeep/mobile_receptionist_ws/src/install/smrr_interfaces/local/lib/python3.10/dist-packages/smrr_interfaces/msg/_data_element_int.py'...
Compiling '/home/sadeep/mobile_receptionist_ws/src/install/smrr_interfaces/local/lib/python3.10/dist-packages/smrr_interfaces/msg/_data_element_string.py'...
Compiling '/home/sadeep/mobile_receptionist_ws/src/install/smrr_interfaces/local/lib/python3.10/dist-packages/smrr_interfaces/msg/_entities.py'...
Compiling '/home/sadeep/mobile_receptionist_ws/src/install/smrr_interfaces/local/lib/python3.10/dist-packages/smrr_interfaces/msg/_inference_result.py'...
Compiling '/home/sadeep/mobile_receptionist_ws/src/install/smrr_interfaces/local/lib/python3.10/dist-packages/smrr_interfaces/msg/_pref_velocity.py'...
Compiling '/home/sadeep/mobile_receptionist_ws/src/install/smrr_interfaces/local/lib/python3.10/dist-packages/smrr_interfaces/msg/_velocity_class_data.py'...
Compiling '/home/sadeep/mobile_receptionist_ws/src/install/smrr_interfaces/local/lib/python3.10/dist-packages/smrr_interfaces/msg/_yolov10_inference.py'...
-- Installing: /home/sadeep/mobile_receptionist_ws/src/install/smrr_interfaces/lib/libsmrr_interfaces__rosidl_generator_py.so
-- Set runtime path of "/home/sadeep/mobile_receptionist_ws/src/install/smrr_interfaces/lib/libsmrr_interfaces__rosidl_generator_py.so" to ""
-- Installing: /home/sadeep/mobile_receptionist_ws/src/install/smrr_interfaces/share/smrr_interfaces/cmake/export_smrr_interfaces__rosidl_generator_cExport.cmake
-- Installing: /home/sadeep/mobile_receptionist_ws/src/install/smrr_interfaces/share/smrr_interfaces/cmake/export_smrr_interfaces__rosidl_generator_cExport-noconfig.cmake
-- Installing: /home/sadeep/mobile_receptionist_ws/src/install/smrr_interfaces/share/smrr_interfaces/cmake/export_smrr_interfaces__rosidl_typesupport_fastrtps_cExport.cmake
-- Installing: /home/sadeep/mobile_receptionist_ws/src/install/smrr_interfaces/share/smrr_interfaces/cmake/export_smrr_interfaces__rosidl_typesupport_fastrtps_cExport-noconfig.cmake
-- Installing: /home/sadeep/mobile_receptionist_ws/src/install/smrr_interfaces/share/smrr_interfaces/cmake/export_smrr_interfaces__rosidl_generator_cppExport.cmake
-- Installing: /home/sadeep/mobile_receptionist_ws/src/install/smrr_interfaces/share/smrr_interfaces/cmake/export_smrr_interfaces__rosidl_typesupport_fastrtps_cppExport.cmake
-- Installing: /home/sadeep/mobile_receptionist_ws/src/install/smrr_interfaces/share/smrr_interfaces/cmake/export_smrr_interfaces__rosidl_typesupport_fastrtps_cppExport-noconfig.cmake
-- Installing: /home/sadeep/mobile_receptionist_ws/src/install/smrr_interfaces/share/smrr_interfaces/cmake/smrr_interfaces__rosidl_typesupport_introspection_cExport.cmake
-- Installing: /home/sadeep/mobile_receptionist_ws/src/install/smrr_interfaces/share/smrr_interfaces/cmake/smrr_interfaces__rosidl_typesupport_introspection_cExport-noconfig.cmake
-- Installing: /home/sadeep/mobile_receptionist_ws/src/install/smrr_interfaces/share/smrr_interfaces/cmake/smrr_interfaces__rosidl_typesupport_cExport.cmake
-- Installing: /home/sadeep/mobile_receptionist_ws/src/install/smrr_interfaces/share/smrr_interfaces/cmake/smrr_interfaces__rosidl_typesupport_cExport-noconfig.cmake
-- Installing: /home/sadeep/mobile_receptionist_ws/src/install/smrr_interfaces/share/smrr_interfaces/cmake/smrr_interfaces__rosidl_typesupport_introspection_cppExport.cmake
-- Installing: /home/sadeep/mobile_receptionist_ws/src/install/smrr_interfaces/share/smrr_interfaces/cmake/smrr_interfaces__rosidl_typesupport_introspection_cppExport-noconfig.cmake
-- Installing: /home/sadeep/mobile_receptionist_ws/src/install/smrr_interfaces/share/smrr_interfaces/cmake/smrr_interfaces__rosidl_typesupport_cppExport.cmake
-- Installing: /home/sadeep/mobile_receptionist_ws/src/install/smrr_interfaces/share/smrr_interfaces/cmake/smrr_interfaces__rosidl_typesupport_cppExport-noconfig.cmake
-- Installing: /home/sadeep/mobile_receptionist_ws/src/install/smrr_interfaces/share/smrr_interfaces/cmake/export_smrr_interfaces__rosidl_generator_pyExport.cmake
-- Installing: /home/sadeep/mobile_receptionist_ws/src/install/smrr_interfaces/share/smrr_interfaces/cmake/export_smrr_interfaces__rosidl_generator_pyExport-noconfig.cmake
