[0.017s] Invoking command in '/home/sadeep/mobile_receptionist_ws/src/build/smrr_interfaces': CMAKE_PREFIX_PATH=${CMAKE_PREFIX_PATH}:/home/sadeep/mobile_receptionist_ws/install/smrr_utilities:/home/sadeep/mobile_receptionist_ws/install/smrr_crowdnav:/home/sadeep/mobile_receptionist_ws/install/object_tracker:/home/sadeep/mobile_receptionist_ws/install/smrr_goal_predictor:/home/sadeep/mobile_receptionist_ws/install/smrr_crowd_nav:/home/sadeep/mobile_receptionist_ws/install/preffered_velocity_prediction:/home/sadeep/mobile_receptionist_ws/install/human_data_buffer:/home/sadeep/mobile_receptionist_ws/install/button_localization:/home/sadeep/ekf_ws/install/turtlebot_ekf:/opt/ros/humble /usr/bin/cmake /home/sadeep/mobile_receptionist_ws/src/smrr_interfaces -DAMENT_CMAKE_SYMLINK_INSTALL=1 -DCMAKE_INSTALL_PREFIX=/home/sadeep/mobile_receptionist_ws/src/install/smrr_interfaces
[0.289s] -- The C compiler identification is GNU 11.4.0
[0.439s] -- The CXX compiler identification is GNU 11.4.0
[0.452s] -- Detecting C compiler ABI info
[0.608s] -- Detecting C compiler ABI info - done
[0.612s] -- Check for working C compiler: /usr/bin/cc - skipped
[0.613s] -- Detecting C compile features
[0.613s] -- Detecting C compile features - done
[0.622s] -- Detecting CXX compiler ABI info
[0.778s] -- Detecting CXX compiler ABI info - done
[0.782s] -- Check for working CXX compiler: /usr/bin/c++ - skipped
[0.782s] -- Detecting CXX compile features
[0.783s] -- Detecting CXX compile features - done
[0.806s] -- Found ament_cmake: 1.3.9 (/opt/ros/humble/share/ament_cmake/cmake)
[0.976s] -- Found Python3: /usr/bin/python3 (found version "3.10.12") found components: Interpreter 
[1.023s] -- Override CMake install command with custom implementation using symlinks instead of copying resources
[1.115s] -- Found std_msgs: 4.2.4 (/opt/ros/humble/share/std_msgs/cmake)
[1.186s] -- Found rosidl_generator_c: 3.1.5 (/opt/ros/humble/share/rosidl_generator_c/cmake)
[1.204s] -- Found rosidl_adapter: 3.1.5 (/opt/ros/humble/share/rosidl_adapter/cmake)
[1.223s] -- Found rosidl_generator_cpp: 3.1.5 (/opt/ros/humble/share/rosidl_generator_cpp/cmake)
[1.247s] -- Using all available rosidl_typesupport_c: rosidl_typesupport_fastrtps_c;rosidl_typesupport_introspection_c
[1.275s] -- Using all available rosidl_typesupport_cpp: rosidl_typesupport_fastrtps_cpp;rosidl_typesupport_introspection_cpp
[1.321s] -- Found geometry_msgs: 4.2.4 (/opt/ros/humble/share/geometry_msgs/cmake)
[1.361s] -- Found rosidl_default_generators: 1.2.0 (/opt/ros/humble/share/rosidl_default_generators/cmake)
[1.695s] -- Found ament_cmake_ros: 0.10.0 (/opt/ros/humble/share/ament_cmake_ros/cmake)
[2.031s] -- Using all available rosidl_typesupport_c: rosidl_typesupport_fastrtps_c;rosidl_typesupport_introspection_c
[2.165s] -- Using all available rosidl_typesupport_cpp: rosidl_typesupport_fastrtps_cpp;rosidl_typesupport_introspection_cpp
[2.186s] -- Found PythonInterp: /usr/bin/python3 (found suitable version "3.10.12", minimum required is "3.6") 
[2.191s] -- Found python_cmake_module: 0.10.0 (/opt/ros/humble/share/python_cmake_module/cmake)
[2.214s] -- Found PythonLibs: /usr/lib/x86_64-linux-gnu/libpython3.10.so (found suitable version "3.10.12", minimum required is "3.5") 
[2.214s] -- Using PYTHON_EXECUTABLE: /usr/bin/python3
[2.214s] -- Using PYTHON_INCLUDE_DIRS: /usr/include/python3.10
[2.214s] -- Using PYTHON_LIBRARIES: /usr/lib/x86_64-linux-gnu/libpython3.10.so
[2.230s] -- Found PythonExtra: .so  
[2.305s] -- Configuring done
[2.340s] -- Generating done
[2.342s] -- Build files have been written to: /home/sadeep/mobile_receptionist_ws/src/build/smrr_interfaces
[2.353s] Invoked command in '/home/sadeep/mobile_receptionist_ws/src/build/smrr_interfaces' returned '0': CMAKE_PREFIX_PATH=${CMAKE_PREFIX_PATH}:/home/sadeep/mobile_receptionist_ws/install/smrr_utilities:/home/sadeep/mobile_receptionist_ws/install/smrr_crowdnav:/home/sadeep/mobile_receptionist_ws/install/object_tracker:/home/sadeep/mobile_receptionist_ws/install/smrr_goal_predictor:/home/sadeep/mobile_receptionist_ws/install/smrr_crowd_nav:/home/sadeep/mobile_receptionist_ws/install/preffered_velocity_prediction:/home/sadeep/mobile_receptionist_ws/install/human_data_buffer:/home/sadeep/mobile_receptionist_ws/install/button_localization:/home/sadeep/ekf_ws/install/turtlebot_ekf:/opt/ros/humble /usr/bin/cmake /home/sadeep/mobile_receptionist_ws/src/smrr_interfaces -DAMENT_CMAKE_SYMLINK_INSTALL=1 -DCMAKE_INSTALL_PREFIX=/home/sadeep/mobile_receptionist_ws/src/install/smrr_interfaces
[2.354s] Invoking command in '/home/sadeep/mobile_receptionist_ws/src/build/smrr_interfaces': CMAKE_PREFIX_PATH=${CMAKE_PREFIX_PATH}:/home/sadeep/mobile_receptionist_ws/install/smrr_utilities:/home/sadeep/mobile_receptionist_ws/install/smrr_crowdnav:/home/sadeep/mobile_receptionist_ws/install/object_tracker:/home/sadeep/mobile_receptionist_ws/install/smrr_goal_predictor:/home/sadeep/mobile_receptionist_ws/install/smrr_crowd_nav:/home/sadeep/mobile_receptionist_ws/install/preffered_velocity_prediction:/home/sadeep/mobile_receptionist_ws/install/human_data_buffer:/home/sadeep/mobile_receptionist_ws/install/button_localization:/home/sadeep/ekf_ws/install/turtlebot_ekf:/opt/ros/humble /usr/bin/cmake --build /home/sadeep/mobile_receptionist_ws/src/build/smrr_interfaces -- -j16 -l16
[2.395s] [  1%] [34m[1mGenerating C code for ROS interfaces[0m
[2.405s] [  1%] [34m[1mGenerating C++ code for ROS interfaces[0m
[2.413s] [  1%] Built target ament_cmake_python_symlink_smrr_interfaces
[2.611s] running egg_info
[2.612s] creating smrr_interfaces.egg-info
[2.612s] writing smrr_interfaces.egg-info/PKG-INFO
[2.612s] writing dependency_links to smrr_interfaces.egg-info/dependency_links.txt
[2.612s] writing top-level names to smrr_interfaces.egg-info/top_level.txt
[2.612s] writing manifest file 'smrr_interfaces.egg-info/SOURCES.txt'
[2.614s] reading manifest file 'smrr_interfaces.egg-info/SOURCES.txt'
[2.614s] writing manifest file 'smrr_interfaces.egg-info/SOURCES.txt'
[2.636s] [  1%] Built target ament_cmake_python_build_smrr_interfaces_egg
[3.114s] [  1%] Built target smrr_interfaces__cpp
[3.123s] [  2%] [34m[1mGenerating C++ type support dispatch for ROS interfaces[0m
[3.124s] [  3%] [34m[1mGenerating C++ type support for eProsima Fast-RTPS[0m
[3.124s] [  3%] [34m[1mGenerating C++ introspection for ROS interfaces[0m
[3.136s] [  6%] [32mBuilding C object CMakeFiles/smrr_interfaces__rosidl_generator_c.dir/rosidl_generator_c/smrr_interfaces/msg/detail/inference_result__functions.c.o[0m
[3.137s] [  6%] [32mBuilding C object CMakeFiles/smrr_interfaces__rosidl_generator_c.dir/rosidl_generator_c/smrr_interfaces/msg/detail/data_element_string__functions.c.o[0m
[3.137s] [  6%] [32mBuilding C object CMakeFiles/smrr_interfaces__rosidl_generator_c.dir/rosidl_generator_c/smrr_interfaces/msg/detail/entities__functions.c.o[0m
[3.138s] [  8%] [32mBuilding C object CMakeFiles/smrr_interfaces__rosidl_generator_c.dir/rosidl_generator_c/smrr_interfaces/msg/detail/data_element_int__functions.c.o[0m
[3.138s] [  8%] [32mBuilding C object CMakeFiles/smrr_interfaces__rosidl_generator_c.dir/rosidl_generator_c/smrr_interfaces/msg/detail/buffer__functions.c.o[0m
[3.139s] [  9%] [32mBuilding C object CMakeFiles/smrr_interfaces__rosidl_generator_c.dir/rosidl_generator_c/smrr_interfaces/msg/detail/yolov10_inference__functions.c.o[0m
[3.139s] [ 10%] [32mBuilding C object CMakeFiles/smrr_interfaces__rosidl_generator_c.dir/rosidl_generator_c/smrr_interfaces/msg/detail/data_element_float__functions.c.o[0m
[3.140s] [ 11%] [32mBuilding C object CMakeFiles/smrr_interfaces__rosidl_generator_c.dir/rosidl_generator_c/smrr_interfaces/msg/detail/velocity_class_data__functions.c.o[0m
[3.140s] [ 12%] [32mBuilding C object CMakeFiles/smrr_interfaces__rosidl_generator_c.dir/rosidl_generator_c/smrr_interfaces/action/detail/navigate_to_goal__functions.c.o[0m
[3.140s] [ 12%] [32mBuilding C object CMakeFiles/smrr_interfaces__rosidl_generator_c.dir/rosidl_generator_c/smrr_interfaces/msg/detail/pref_velocity__functions.c.o[0m
[3.141s] [ 13%] [32mBuilding C object CMakeFiles/smrr_interfaces__rosidl_generator_c.dir/rosidl_generator_c/smrr_interfaces/action/detail/arm_control_server__functions.c.o[0m
[3.299s] [ 14%] [32m[1mLinking C shared library libsmrr_interfaces__rosidl_generator_c.so[0m
[3.338s] [ 14%] Built target smrr_interfaces__rosidl_generator_c
[3.351s] [ 17%] [34m[1mGenerating C introspection for ROS interfaces[0m
[3.351s] [ 17%] [34m[1mGenerating C type support dispatch for ROS interfaces[0m
[3.351s] [ 17%] [34m[1mGenerating C type support for eProsima Fast-RTPS[0m
[3.602s] [ 19%] [32mBuilding CXX object CMakeFiles/smrr_interfaces__rosidl_typesupport_cpp.dir/rosidl_typesupport_cpp/smrr_interfaces/msg/data_element_int__type_support.cpp.o[0m
[3.602s] [ 20%] [32mBuilding CXX object CMakeFiles/smrr_interfaces__rosidl_typesupport_cpp.dir/rosidl_typesupport_cpp/smrr_interfaces/msg/inference_result__type_support.cpp.o[0m
[3.602s] [ 20%] [32mBuilding CXX object CMakeFiles/smrr_interfaces__rosidl_typesupport_cpp.dir/rosidl_typesupport_cpp/smrr_interfaces/msg/entities__type_support.cpp.o[0m
[3.603s] [ 24%] [32mBuilding CXX object CMakeFiles/smrr_interfaces__rosidl_typesupport_cpp.dir/rosidl_typesupport_cpp/smrr_interfaces/msg/yolov10_inference__type_support.cpp.o[0m
[3.603s] [ 24%] [32mBuilding CXX object CMakeFiles/smrr_interfaces__rosidl_typesupport_cpp.dir/rosidl_typesupport_cpp/smrr_interfaces/msg/data_element_string__type_support.cpp.o[0m
[3.603s] [ 24%] [32mBuilding CXX object CMakeFiles/smrr_interfaces__rosidl_typesupport_cpp.dir/rosidl_typesupport_cpp/smrr_interfaces/msg/buffer__type_support.cpp.o[0m
[3.603s] [ 24%] [32mBuilding CXX object CMakeFiles/smrr_interfaces__rosidl_typesupport_cpp.dir/rosidl_typesupport_cpp/smrr_interfaces/msg/velocity_class_data__type_support.cpp.o[0m
[3.603s] [ 25%] [32mBuilding CXX object CMakeFiles/smrr_interfaces__rosidl_typesupport_cpp.dir/rosidl_typesupport_cpp/smrr_interfaces/action/arm_control_server__type_support.cpp.o[0m
[3.603s] [ 25%] [32mBuilding CXX object CMakeFiles/smrr_interfaces__rosidl_typesupport_cpp.dir/rosidl_typesupport_cpp/smrr_interfaces/msg/pref_velocity__type_support.cpp.o[0m
[3.604s] [ 26%] [32mBuilding CXX object CMakeFiles/smrr_interfaces__rosidl_typesupport_cpp.dir/rosidl_typesupport_cpp/smrr_interfaces/msg/data_element_float__type_support.cpp.o[0m
[3.613s] [ 27%] [32mBuilding CXX object CMakeFiles/smrr_interfaces__rosidl_typesupport_cpp.dir/rosidl_typesupport_cpp/smrr_interfaces/action/navigate_to_goal__type_support.cpp.o[0m
[3.935s] [ 28%] [32mBuilding CXX object CMakeFiles/smrr_interfaces__rosidl_typesupport_introspection_cpp.dir/rosidl_typesupport_introspection_cpp/smrr_interfaces/msg/detail/entities__type_support.cpp.o[0m
[4.021s] [ 29%] [32mBuilding CXX object CMakeFiles/smrr_interfaces__rosidl_typesupport_introspection_cpp.dir/rosidl_typesupport_introspection_cpp/smrr_interfaces/msg/detail/yolov10_inference__type_support.cpp.o[0m
[4.021s] [ 29%] [32mBuilding CXX object CMakeFiles/smrr_interfaces__rosidl_typesupport_introspection_cpp.dir/rosidl_typesupport_introspection_cpp/smrr_interfaces/msg/detail/inference_result__type_support.cpp.o[0m
[4.023s] [ 30%] [32mBuilding CXX object CMakeFiles/smrr_interfaces__rosidl_typesupport_introspection_cpp.dir/rosidl_typesupport_introspection_cpp/smrr_interfaces/msg/detail/buffer__type_support.cpp.o[0m
[4.023s] [ 31%] [32mBuilding CXX object CMakeFiles/smrr_interfaces__rosidl_typesupport_introspection_cpp.dir/rosidl_typesupport_introspection_cpp/smrr_interfaces/msg/detail/data_element_float__type_support.cpp.o[0m
[4.034s] [ 34%] [32mBuilding CXX object CMakeFiles/smrr_interfaces__rosidl_typesupport_introspection_cpp.dir/rosidl_typesupport_introspection_cpp/smrr_interfaces/msg/detail/velocity_class_data__type_support.cpp.o[0m
[4.034s] [ 34%] [32mBuilding CXX object CMakeFiles/smrr_interfaces__rosidl_typesupport_introspection_cpp.dir/rosidl_typesupport_introspection_cpp/smrr_interfaces/msg/detail/pref_velocity__type_support.cpp.o[0m
[4.034s] [ 34%] [32mBuilding CXX object CMakeFiles/smrr_interfaces__rosidl_typesupport_introspection_cpp.dir/rosidl_typesupport_introspection_cpp/smrr_interfaces/msg/detail/data_element_string__type_support.cpp.o[0m
[4.034s] [ 35%] [32mBuilding CXX object CMakeFiles/smrr_interfaces__rosidl_typesupport_introspection_cpp.dir/rosidl_typesupport_introspection_cpp/smrr_interfaces/msg/detail/data_element_int__type_support.cpp.o[0m
[4.034s] [ 36%] [32mBuilding CXX object CMakeFiles/smrr_interfaces__rosidl_typesupport_introspection_cpp.dir/rosidl_typesupport_introspection_cpp/smrr_interfaces/action/detail/navigate_to_goal__type_support.cpp.o[0m
[4.050s] [ 38%] [32mBuilding CXX object CMakeFiles/smrr_interfaces__rosidl_typesupport_fastrtps_cpp.dir/rosidl_typesupport_fastrtps_cpp/smrr_interfaces/msg/detail/dds_fastrtps/entities__type_support.cpp.o[0m
[4.050s] [ 38%] [32mBuilding CXX object CMakeFiles/smrr_interfaces__rosidl_typesupport_c.dir/rosidl_typesupport_c/smrr_interfaces/msg/entities__type_support.cpp.o[0m
[4.089s] [ 39%] [32mBuilding CXX object CMakeFiles/smrr_interfaces__rosidl_typesupport_c.dir/rosidl_typesupport_c/smrr_interfaces/msg/inference_result__type_support.cpp.o[0m
[4.127s] [ 39%] [32mBuilding CXX object CMakeFiles/smrr_interfaces__rosidl_typesupport_c.dir/rosidl_typesupport_c/smrr_interfaces/msg/yolov10_inference__type_support.cpp.o[0m
[4.176s] [ 40%] [32mBuilding CXX object CMakeFiles/smrr_interfaces__rosidl_typesupport_c.dir/rosidl_typesupport_c/smrr_interfaces/msg/buffer__type_support.cpp.o[0m
[4.219s] [ 41%] [32mBuilding CXX object CMakeFiles/smrr_interfaces__rosidl_typesupport_c.dir/rosidl_typesupport_c/smrr_interfaces/msg/data_element_float__type_support.cpp.o[0m
[4.222s] [ 42%] [32mBuilding CXX object CMakeFiles/smrr_interfaces__rosidl_typesupport_fastrtps_cpp.dir/rosidl_typesupport_fastrtps_cpp/smrr_interfaces/msg/detail/dds_fastrtps/inference_result__type_support.cpp.o[0m
[4.236s] [ 43%] [32m[1mLinking CXX shared library libsmrr_interfaces__rosidl_typesupport_cpp.so[0m
[4.263s] [ 44%] [32mBuilding CXX object CMakeFiles/smrr_interfaces__rosidl_typesupport_c.dir/rosidl_typesupport_c/smrr_interfaces/msg/data_element_int__type_support.cpp.o[0m
[4.304s] [ 45%] [32mBuilding CXX object CMakeFiles/smrr_interfaces__rosidl_typesupport_c.dir/rosidl_typesupport_c/smrr_interfaces/msg/data_element_string__type_support.cpp.o[0m
[4.305s] [ 45%] Built target smrr_interfaces__rosidl_typesupport_cpp
[4.346s] [ 46%] [32mBuilding CXX object CMakeFiles/smrr_interfaces__rosidl_typesupport_c.dir/rosidl_typesupport_c/smrr_interfaces/msg/pref_velocity__type_support.cpp.o[0m
[4.361s] [ 47%] [32mBuilding CXX object CMakeFiles/smrr_interfaces__rosidl_typesupport_c.dir/rosidl_typesupport_c/smrr_interfaces/msg/velocity_class_data__type_support.cpp.o[0m
[4.395s] [ 48%] [32mBuilding C object CMakeFiles/smrr_interfaces__rosidl_typesupport_introspection_c.dir/rosidl_typesupport_introspection_c/smrr_interfaces/msg/detail/inference_result__type_support.c.o[0m
[4.397s] [ 49%] [32mBuilding C object CMakeFiles/smrr_interfaces__rosidl_typesupport_introspection_c.dir/rosidl_typesupport_introspection_c/smrr_interfaces/msg/detail/entities__type_support.c.o[0m
[4.405s] [ 50%] [32mBuilding CXX object CMakeFiles/smrr_interfaces__rosidl_typesupport_c.dir/rosidl_typesupport_c/smrr_interfaces/action/navigate_to_goal__type_support.cpp.o[0m
[4.414s] [ 51%] [32mBuilding C object CMakeFiles/smrr_interfaces__rosidl_typesupport_introspection_c.dir/rosidl_typesupport_introspection_c/smrr_interfaces/msg/detail/yolov10_inference__type_support.c.o[0m
[4.417s] [ 52%] [32mBuilding CXX object CMakeFiles/smrr_interfaces__rosidl_typesupport_fastrtps_c.dir/rosidl_typesupport_fastrtps_c/smrr_interfaces/msg/detail/entities__type_support_c.cpp.o[0m
[4.423s] [ 53%] [32mBuilding CXX object CMakeFiles/smrr_interfaces__rosidl_typesupport_fastrtps_c.dir/rosidl_typesupport_fastrtps_c/smrr_interfaces/msg/detail/inference_result__type_support_c.cpp.o[0m
[4.438s] [ 54%] [32mBuilding CXX object CMakeFiles/smrr_interfaces__rosidl_typesupport_fastrtps_c.dir/rosidl_typesupport_fastrtps_c/smrr_interfaces/msg/detail/yolov10_inference__type_support_c.cpp.o[0m
[4.444s] [ 55%] [32mBuilding CXX object CMakeFiles/smrr_interfaces__rosidl_typesupport_fastrtps_c.dir/rosidl_typesupport_fastrtps_c/smrr_interfaces/msg/detail/buffer__type_support_c.cpp.o[0m
[4.451s] [ 57%] [32mBuilding CXX object CMakeFiles/smrr_interfaces__rosidl_typesupport_introspection_cpp.dir/rosidl_typesupport_introspection_cpp/smrr_interfaces/action/detail/arm_control_server__type_support.cpp.o[0m
[4.452s] [ 57%] [32mBuilding CXX object CMakeFiles/smrr_interfaces__rosidl_typesupport_c.dir/rosidl_typesupport_c/smrr_interfaces/action/arm_control_server__type_support.cpp.o[0m
[4.460s] [ 57%] [32mBuilding CXX object CMakeFiles/smrr_interfaces__rosidl_typesupport_fastrtps_c.dir/rosidl_typesupport_fastrtps_c/smrr_interfaces/msg/detail/data_element_float__type_support_c.cpp.o[0m
[4.469s] [ 59%] [32mBuilding C object CMakeFiles/smrr_interfaces__rosidl_typesupport_introspection_c.dir/rosidl_typesupport_introspection_c/smrr_interfaces/msg/detail/buffer__type_support.c.o[0m
[4.469s] [ 59%] [32mBuilding CXX object CMakeFiles/smrr_interfaces__rosidl_typesupport_fastrtps_c.dir/rosidl_typesupport_fastrtps_c/smrr_interfaces/msg/detail/data_element_int__type_support_c.cpp.o[0m
[4.469s] [ 60%] [32mBuilding CXX object CMakeFiles/smrr_interfaces__rosidl_typesupport_fastrtps_cpp.dir/rosidl_typesupport_fastrtps_cpp/smrr_interfaces/msg/detail/dds_fastrtps/yolov10_inference__type_support.cpp.o[0m
[4.501s] [ 61%] [32mBuilding CXX object CMakeFiles/smrr_interfaces__rosidl_typesupport_fastrtps_c.dir/rosidl_typesupport_fastrtps_c/smrr_interfaces/msg/detail/data_element_string__type_support_c.cpp.o[0m
[4.511s] [ 62%] [32m[1mLinking CXX shared library libsmrr_interfaces__rosidl_typesupport_c.so[0m
[4.528s] [ 63%] [32mBuilding C object CMakeFiles/smrr_interfaces__rosidl_typesupport_introspection_c.dir/rosidl_typesupport_introspection_c/smrr_interfaces/msg/detail/data_element_float__type_support.c.o[0m
[4.547s] [ 64%] [32mBuilding C object CMakeFiles/smrr_interfaces__rosidl_typesupport_introspection_c.dir/rosidl_typesupport_introspection_c/smrr_interfaces/msg/detail/data_element_int__type_support.c.o[0m
[4.584s] [ 64%] [32mBuilding C object CMakeFiles/smrr_interfaces__rosidl_typesupport_introspection_c.dir/rosidl_typesupport_introspection_c/smrr_interfaces/msg/detail/data_element_string__type_support.c.o[0m
[4.595s] [ 64%] Built target smrr_interfaces__rosidl_typesupport_c
[4.596s] [ 66%] [32mBuilding CXX object CMakeFiles/smrr_interfaces__rosidl_typesupport_fastrtps_cpp.dir/rosidl_typesupport_fastrtps_cpp/smrr_interfaces/msg/detail/dds_fastrtps/buffer__type_support.cpp.o[0m
[4.596s] [ 66%] [32mBuilding C object CMakeFiles/smrr_interfaces__rosidl_typesupport_introspection_c.dir/rosidl_typesupport_introspection_c/smrr_interfaces/msg/detail/pref_velocity__type_support.c.o[0m
[4.610s] [ 67%] [32mBuilding CXX object CMakeFiles/smrr_interfaces__rosidl_typesupport_fastrtps_cpp.dir/rosidl_typesupport_fastrtps_cpp/smrr_interfaces/msg/detail/dds_fastrtps/data_element_float__type_support.cpp.o[0m
[4.635s] [ 68%] [32mBuilding CXX object CMakeFiles/smrr_interfaces__rosidl_typesupport_fastrtps_cpp.dir/rosidl_typesupport_fastrtps_cpp/smrr_interfaces/msg/detail/dds_fastrtps/data_element_int__type_support.cpp.o[0m
[4.636s] [ 69%] [32mBuilding CXX object CMakeFiles/smrr_interfaces__rosidl_typesupport_fastrtps_cpp.dir/rosidl_typesupport_fastrtps_cpp/smrr_interfaces/msg/detail/dds_fastrtps/data_element_string__type_support.cpp.o[0m
[4.653s] [ 70%] [32mBuilding C object CMakeFiles/smrr_interfaces__rosidl_typesupport_introspection_c.dir/rosidl_typesupport_introspection_c/smrr_interfaces/msg/detail/velocity_class_data__type_support.c.o[0m
[4.660s] [ 71%] [32mBuilding C object CMakeFiles/smrr_interfaces__rosidl_typesupport_introspection_c.dir/rosidl_typesupport_introspection_c/smrr_interfaces/action/detail/navigate_to_goal__type_support.c.o[0m
[4.700s] [ 72%] [32mBuilding C object CMakeFiles/smrr_interfaces__rosidl_typesupport_introspection_c.dir/rosidl_typesupport_introspection_c/smrr_interfaces/action/detail/arm_control_server__type_support.c.o[0m
[4.712s] [ 73%] [32mBuilding CXX object CMakeFiles/smrr_interfaces__rosidl_typesupport_fastrtps_cpp.dir/rosidl_typesupport_fastrtps_cpp/smrr_interfaces/msg/detail/dds_fastrtps/pref_velocity__type_support.cpp.o[0m
[4.718s] [ 74%] [32mBuilding CXX object CMakeFiles/smrr_interfaces__rosidl_typesupport_fastrtps_cpp.dir/rosidl_typesupport_fastrtps_cpp/smrr_interfaces/msg/detail/dds_fastrtps/velocity_class_data__type_support.cpp.o[0m
[4.765s] [ 75%] [32m[1mLinking C shared library libsmrr_interfaces__rosidl_typesupport_introspection_c.so[0m
[4.774s] [ 76%] [32mBuilding CXX object CMakeFiles/smrr_interfaces__rosidl_typesupport_fastrtps_c.dir/rosidl_typesupport_fastrtps_c/smrr_interfaces/msg/detail/pref_velocity__type_support_c.cpp.o[0m
[4.777s] [ 77%] [32mBuilding CXX object CMakeFiles/smrr_interfaces__rosidl_typesupport_fastrtps_c.dir/rosidl_typesupport_fastrtps_c/smrr_interfaces/msg/detail/velocity_class_data__type_support_c.cpp.o[0m
[4.796s] [ 78%] [32mBuilding CXX object CMakeFiles/smrr_interfaces__rosidl_typesupport_fastrtps_c.dir/rosidl_typesupport_fastrtps_c/smrr_interfaces/action/detail/navigate_to_goal__type_support_c.cpp.o[0m
[4.804s] [ 79%] [32mBuilding CXX object CMakeFiles/smrr_interfaces__rosidl_typesupport_fastrtps_c.dir/rosidl_typesupport_fastrtps_c/smrr_interfaces/action/detail/arm_control_server__type_support_c.cpp.o[0m
[4.819s] [ 79%] Built target smrr_interfaces__rosidl_typesupport_introspection_c
[4.825s] [ 79%] [32mBuilding CXX object CMakeFiles/smrr_interfaces__rosidl_typesupport_fastrtps_cpp.dir/rosidl_typesupport_fastrtps_cpp/smrr_interfaces/action/detail/dds_fastrtps/navigate_to_goal__type_support.cpp.o[0m
[4.834s] [ 80%] [32mBuilding CXX object CMakeFiles/smrr_interfaces__rosidl_typesupport_fastrtps_cpp.dir/rosidl_typesupport_fastrtps_cpp/smrr_interfaces/action/detail/dds_fastrtps/arm_control_server__type_support.cpp.o[0m
[5.087s] [ 81%] [32m[1mLinking CXX shared library libsmrr_interfaces__rosidl_typesupport_introspection_cpp.so[0m
[5.173s] [ 81%] Built target smrr_interfaces__rosidl_typesupport_introspection_cpp
[5.195s] [ 82%] [32m[1mLinking CXX shared library libsmrr_interfaces__rosidl_typesupport_fastrtps_c.so[0m
[5.266s] [ 82%] Built target smrr_interfaces__rosidl_typesupport_fastrtps_c
[5.301s] [ 83%] [32m[1mLinking CXX shared library libsmrr_interfaces__rosidl_typesupport_fastrtps_cpp.so[0m
[5.375s] [ 83%] Built target smrr_interfaces__rosidl_typesupport_fastrtps_cpp
[5.397s] [ 83%] Built target smrr_interfaces
[5.418s] [ 84%] [34m[1mGenerating Python code for ROS interfaces[0m
[6.639s] [ 84%] Built target smrr_interfaces__py
[6.663s] [ 85%] [32mBuilding C object CMakeFiles/smrr_interfaces__rosidl_generator_py.dir/rosidl_generator_py/smrr_interfaces/msg/_data_element_int_s.c.o[0m
[6.664s] [ 88%] [32mBuilding C object CMakeFiles/smrr_interfaces__rosidl_generator_py.dir/rosidl_generator_py/smrr_interfaces/msg/_inference_result_s.c.o[0m
[6.664s] [ 88%] [32mBuilding C object CMakeFiles/smrr_interfaces__rosidl_generator_py.dir/rosidl_generator_py/smrr_interfaces/msg/_data_element_string_s.c.o[0m
[6.664s] [ 88%] [32mBuilding C object CMakeFiles/smrr_interfaces__rosidl_generator_py.dir/rosidl_generator_py/smrr_interfaces/msg/_entities_s.c.o[0m
[6.664s] [ 89%] [32mBuilding C object CMakeFiles/smrr_interfaces__rosidl_generator_py.dir/rosidl_generator_py/smrr_interfaces/action/_navigate_to_goal_s.c.o[0m
[6.664s] [ 89%] [32mBuilding C object CMakeFiles/smrr_interfaces__rosidl_generator_py.dir/rosidl_generator_py/smrr_interfaces/msg/_yolov10_inference_s.c.o[0m
[6.665s] [ 92%] [32mBuilding C object CMakeFiles/smrr_interfaces__rosidl_generator_py.dir/rosidl_generator_py/smrr_interfaces/msg/_buffer_s.c.o[0m
[6.665s] [ 92%] [32mBuilding C object CMakeFiles/smrr_interfaces__rosidl_generator_py.dir/rosidl_generator_py/smrr_interfaces/msg/_pref_velocity_s.c.o[0m
[6.665s] [ 92%] [32mBuilding C object CMakeFiles/smrr_interfaces__rosidl_generator_py.dir/rosidl_generator_py/smrr_interfaces/msg/_data_element_float_s.c.o[0m
[6.665s] [ 93%] [32mBuilding C object CMakeFiles/smrr_interfaces__rosidl_generator_py.dir/rosidl_generator_py/smrr_interfaces/msg/_velocity_class_data_s.c.o[0m
[6.665s] [ 94%] [32mBuilding C object CMakeFiles/smrr_interfaces__rosidl_generator_py.dir/rosidl_generator_py/smrr_interfaces/action/_arm_control_server_s.c.o[0m
[6.833s] [ 95%] [32m[1mLinking C shared library rosidl_generator_py/smrr_interfaces/libsmrr_interfaces__rosidl_generator_py.so[0m
[6.879s] [ 95%] Built target smrr_interfaces__rosidl_generator_py
[6.901s] [ 95%] [32mBuilding C object CMakeFiles/smrr_interfaces__rosidl_typesupport_c__pyext.dir/rosidl_generator_py/smrr_interfaces/_smrr_interfaces_s.ep.rosidl_typesupport_c.c.o[0m
[6.901s] [ 97%] [32mBuilding C object CMakeFiles/smrr_interfaces__rosidl_typesupport_fastrtps_c__pyext.dir/rosidl_generator_py/smrr_interfaces/_smrr_interfaces_s.ep.rosidl_typesupport_fastrtps_c.c.o[0m
[6.901s] [ 97%] [32mBuilding C object CMakeFiles/smrr_interfaces__rosidl_typesupport_introspection_c__pyext.dir/rosidl_generator_py/smrr_interfaces/_smrr_interfaces_s.ep.rosidl_typesupport_introspection_c.c.o[0m
[7.016s] [100%] [32m[1mLinking C shared library rosidl_generator_py/smrr_interfaces/smrr_interfaces_s__rosidl_typesupport_fastrtps_c.cpython-310-x86_64-linux-gnu.so[0m
[7.016s] [100%] [32m[1mLinking C shared library rosidl_generator_py/smrr_interfaces/smrr_interfaces_s__rosidl_typesupport_introspection_c.cpython-310-x86_64-linux-gnu.so[0m
[7.016s] [100%] [32m[1mLinking C shared library rosidl_generator_py/smrr_interfaces/smrr_interfaces_s__rosidl_typesupport_c.cpython-310-x86_64-linux-gnu.so[0m
[7.056s] [100%] Built target smrr_interfaces__rosidl_typesupport_c__pyext
[7.056s] [100%] Built target smrr_interfaces__rosidl_typesupport_fastrtps_c__pyext
[7.056s] [100%] Built target smrr_interfaces__rosidl_typesupport_introspection_c__pyext
[7.070s] Invoked command in '/home/sadeep/mobile_receptionist_ws/src/build/smrr_interfaces' returned '0': CMAKE_PREFIX_PATH=${CMAKE_PREFIX_PATH}:/home/sadeep/mobile_receptionist_ws/install/smrr_utilities:/home/sadeep/mobile_receptionist_ws/install/smrr_crowdnav:/home/sadeep/mobile_receptionist_ws/install/object_tracker:/home/sadeep/mobile_receptionist_ws/install/smrr_goal_predictor:/home/sadeep/mobile_receptionist_ws/install/smrr_crowd_nav:/home/sadeep/mobile_receptionist_ws/install/preffered_velocity_prediction:/home/sadeep/mobile_receptionist_ws/install/human_data_buffer:/home/sadeep/mobile_receptionist_ws/install/button_localization:/home/sadeep/ekf_ws/install/turtlebot_ekf:/opt/ros/humble /usr/bin/cmake --build /home/sadeep/mobile_receptionist_ws/src/build/smrr_interfaces -- -j16 -l16
[7.517s] Invoking command in '/home/sadeep/mobile_receptionist_ws/src/build/smrr_interfaces': CMAKE_PREFIX_PATH=${CMAKE_PREFIX_PATH}:/home/sadeep/mobile_receptionist_ws/install/smrr_utilities:/home/sadeep/mobile_receptionist_ws/install/smrr_crowdnav:/home/sadeep/mobile_receptionist_ws/install/object_tracker:/home/sadeep/mobile_receptionist_ws/install/smrr_goal_predictor:/home/sadeep/mobile_receptionist_ws/install/smrr_crowd_nav:/home/sadeep/mobile_receptionist_ws/install/preffered_velocity_prediction:/home/sadeep/mobile_receptionist_ws/install/human_data_buffer:/home/sadeep/mobile_receptionist_ws/install/button_localization:/home/sadeep/ekf_ws/install/turtlebot_ekf:/opt/ros/humble /usr/bin/cmake --install /home/sadeep/mobile_receptionist_ws/src/build/smrr_interfaces
[7.523s] -- Install configuration: ""
[7.523s] -- Execute custom install script
[7.524s] -- Symlinking: /home/sadeep/mobile_receptionist_ws/src/install/smrr_interfaces/share/ament_index/resource_index/rosidl_interfaces/smrr_interfaces
[7.532s] -- Symlinking: /home/sadeep/mobile_receptionist_ws/src/install/smrr_interfaces/include/smrr_interfaces/smrr_interfaces/action/arm_control_server.h
[7.541s] -- Symlinking: /home/sadeep/mobile_receptionist_ws/src/install/smrr_interfaces/include/smrr_interfaces/smrr_interfaces/action/detail/arm_control_server__functions.h
[7.548s] -- Symlinking: /home/sadeep/mobile_receptionist_ws/src/install/smrr_interfaces/include/smrr_interfaces/smrr_interfaces/action/detail/arm_control_server__struct.h
[7.559s] -- Symlinking: /home/sadeep/mobile_receptionist_ws/src/install/smrr_interfaces/include/smrr_interfaces/smrr_interfaces/action/detail/arm_control_server__type_support.h
[7.569s] -- Symlinking: /home/sadeep/mobile_receptionist_ws/src/install/smrr_interfaces/include/smrr_interfaces/smrr_interfaces/action/detail/navigate_to_goal__functions.h
[7.577s] -- Symlinking: /home/sadeep/mobile_receptionist_ws/src/install/smrr_interfaces/include/smrr_interfaces/smrr_interfaces/action/detail/navigate_to_goal__struct.h
[7.586s] -- Symlinking: /home/sadeep/mobile_receptionist_ws/src/install/smrr_interfaces/include/smrr_interfaces/smrr_interfaces/action/detail/navigate_to_goal__type_support.h
[7.595s] -- Symlinking: /home/sadeep/mobile_receptionist_ws/src/install/smrr_interfaces/include/smrr_interfaces/smrr_interfaces/action/navigate_to_goal.h
[7.604s] -- Symlinking: /home/sadeep/mobile_receptionist_ws/src/install/smrr_interfaces/include/smrr_interfaces/smrr_interfaces/msg/buffer.h
[7.612s] -- Symlinking: /home/sadeep/mobile_receptionist_ws/src/install/smrr_interfaces/include/smrr_interfaces/smrr_interfaces/msg/data_element_float.h
[7.619s] -- Symlinking: /home/sadeep/mobile_receptionist_ws/src/install/smrr_interfaces/include/smrr_interfaces/smrr_interfaces/msg/data_element_int.h
[7.629s] -- Symlinking: /home/sadeep/mobile_receptionist_ws/src/install/smrr_interfaces/include/smrr_interfaces/smrr_interfaces/msg/data_element_string.h
[7.636s] -- Symlinking: /home/sadeep/mobile_receptionist_ws/src/install/smrr_interfaces/include/smrr_interfaces/smrr_interfaces/msg/detail/buffer__functions.h
[7.645s] -- Symlinking: /home/sadeep/mobile_receptionist_ws/src/install/smrr_interfaces/include/smrr_interfaces/smrr_interfaces/msg/detail/buffer__struct.h
[7.656s] -- Symlinking: /home/sadeep/mobile_receptionist_ws/src/install/smrr_interfaces/include/smrr_interfaces/smrr_interfaces/msg/detail/buffer__type_support.h
[7.665s] -- Symlinking: /home/sadeep/mobile_receptionist_ws/src/install/smrr_interfaces/include/smrr_interfaces/smrr_interfaces/msg/detail/data_element_float__functions.h
[7.673s] -- Symlinking: /home/sadeep/mobile_receptionist_ws/src/install/smrr_interfaces/include/smrr_interfaces/smrr_interfaces/msg/detail/data_element_float__struct.h
[7.683s] -- Symlinking: /home/sadeep/mobile_receptionist_ws/src/install/smrr_interfaces/include/smrr_interfaces/smrr_interfaces/msg/detail/data_element_float__type_support.h
[7.691s] -- Symlinking: /home/sadeep/mobile_receptionist_ws/src/install/smrr_interfaces/include/smrr_interfaces/smrr_interfaces/msg/detail/data_element_int__functions.h
[7.700s] -- Symlinking: /home/sadeep/mobile_receptionist_ws/src/install/smrr_interfaces/include/smrr_interfaces/smrr_interfaces/msg/detail/data_element_int__struct.h
[7.707s] -- Symlinking: /home/sadeep/mobile_receptionist_ws/src/install/smrr_interfaces/include/smrr_interfaces/smrr_interfaces/msg/detail/data_element_int__type_support.h
[7.716s] -- Symlinking: /home/sadeep/mobile_receptionist_ws/src/install/smrr_interfaces/include/smrr_interfaces/smrr_interfaces/msg/detail/data_element_string__functions.h
[7.723s] -- Symlinking: /home/sadeep/mobile_receptionist_ws/src/install/smrr_interfaces/include/smrr_interfaces/smrr_interfaces/msg/detail/data_element_string__struct.h
[7.732s] -- Symlinking: /home/sadeep/mobile_receptionist_ws/src/install/smrr_interfaces/include/smrr_interfaces/smrr_interfaces/msg/detail/data_element_string__type_support.h
[7.740s] -- Symlinking: /home/sadeep/mobile_receptionist_ws/src/install/smrr_interfaces/include/smrr_interfaces/smrr_interfaces/msg/detail/entities__functions.h
[7.747s] -- Symlinking: /home/sadeep/mobile_receptionist_ws/src/install/smrr_interfaces/include/smrr_interfaces/smrr_interfaces/msg/detail/entities__struct.h
[7.760s] -- Symlinking: /home/sadeep/mobile_receptionist_ws/src/install/smrr_interfaces/include/smrr_interfaces/smrr_interfaces/msg/detail/entities__type_support.h
[7.769s] -- Symlinking: /home/sadeep/mobile_receptionist_ws/src/install/smrr_interfaces/include/smrr_interfaces/smrr_interfaces/msg/detail/inference_result__functions.h
[7.777s] -- Symlinking: /home/sadeep/mobile_receptionist_ws/src/install/smrr_interfaces/include/smrr_interfaces/smrr_interfaces/msg/detail/inference_result__struct.h
[7.786s] -- Symlinking: /home/sadeep/mobile_receptionist_ws/src/install/smrr_interfaces/include/smrr_interfaces/smrr_interfaces/msg/detail/inference_result__type_support.h
[7.796s] -- Symlinking: /home/sadeep/mobile_receptionist_ws/src/install/smrr_interfaces/include/smrr_interfaces/smrr_interfaces/msg/detail/pref_velocity__functions.h
[7.804s] -- Symlinking: /home/sadeep/mobile_receptionist_ws/src/install/smrr_interfaces/include/smrr_interfaces/smrr_interfaces/msg/detail/pref_velocity__struct.h
[7.812s] -- Symlinking: /home/sadeep/mobile_receptionist_ws/src/install/smrr_interfaces/include/smrr_interfaces/smrr_interfaces/msg/detail/pref_velocity__type_support.h
[7.823s] -- Symlinking: /home/sadeep/mobile_receptionist_ws/src/install/smrr_interfaces/include/smrr_interfaces/smrr_interfaces/msg/detail/velocity_class_data__functions.h
[7.832s] -- Symlinking: /home/sadeep/mobile_receptionist_ws/src/install/smrr_interfaces/include/smrr_interfaces/smrr_interfaces/msg/detail/velocity_class_data__struct.h
[7.840s] -- Symlinking: /home/sadeep/mobile_receptionist_ws/src/install/smrr_interfaces/include/smrr_interfaces/smrr_interfaces/msg/detail/velocity_class_data__type_support.h
[7.847s] -- Symlinking: /home/sadeep/mobile_receptionist_ws/src/install/smrr_interfaces/include/smrr_interfaces/smrr_interfaces/msg/detail/yolov10_inference__functions.h
[7.859s] -- Symlinking: /home/sadeep/mobile_receptionist_ws/src/install/smrr_interfaces/include/smrr_interfaces/smrr_interfaces/msg/detail/yolov10_inference__struct.h
[7.869s] -- Symlinking: /home/sadeep/mobile_receptionist_ws/src/install/smrr_interfaces/include/smrr_interfaces/smrr_interfaces/msg/detail/yolov10_inference__type_support.h
[7.877s] -- Symlinking: /home/sadeep/mobile_receptionist_ws/src/install/smrr_interfaces/include/smrr_interfaces/smrr_interfaces/msg/entities.h
[7.886s] -- Symlinking: /home/sadeep/mobile_receptionist_ws/src/install/smrr_interfaces/include/smrr_interfaces/smrr_interfaces/msg/inference_result.h
[7.895s] -- Symlinking: /home/sadeep/mobile_receptionist_ws/src/install/smrr_interfaces/include/smrr_interfaces/smrr_interfaces/msg/pref_velocity.h
[7.903s] -- Symlinking: /home/sadeep/mobile_receptionist_ws/src/install/smrr_interfaces/include/smrr_interfaces/smrr_interfaces/msg/rosidl_generator_c__visibility_control.h
[7.911s] -- Symlinking: /home/sadeep/mobile_receptionist_ws/src/install/smrr_interfaces/include/smrr_interfaces/smrr_interfaces/msg/velocity_class_data.h
[7.919s] -- Symlinking: /home/sadeep/mobile_receptionist_ws/src/install/smrr_interfaces/include/smrr_interfaces/smrr_interfaces/msg/yolov10_inference.h
[7.928s] -- Symlinking: /home/sadeep/mobile_receptionist_ws/src/install/smrr_interfaces/share/smrr_interfaces/environment/library_path.sh
[7.936s] -- Symlinking: /home/sadeep/mobile_receptionist_ws/src/install/smrr_interfaces/share/smrr_interfaces/environment/library_path.dsv
[7.945s] -- Symlinking: /home/sadeep/mobile_receptionist_ws/src/install/smrr_interfaces/include/smrr_interfaces/smrr_interfaces/action/detail/arm_control_server__rosidl_typesupport_fastrtps_c.h
[7.958s] -- Symlinking: /home/sadeep/mobile_receptionist_ws/src/install/smrr_interfaces/include/smrr_interfaces/smrr_interfaces/action/detail/navigate_to_goal__rosidl_typesupport_fastrtps_c.h
[7.968s] -- Symlinking: /home/sadeep/mobile_receptionist_ws/src/install/smrr_interfaces/include/smrr_interfaces/smrr_interfaces/msg/detail/buffer__rosidl_typesupport_fastrtps_c.h
[7.976s] -- Symlinking: /home/sadeep/mobile_receptionist_ws/src/install/smrr_interfaces/include/smrr_interfaces/smrr_interfaces/msg/detail/data_element_float__rosidl_typesupport_fastrtps_c.h
[7.985s] -- Symlinking: /home/sadeep/mobile_receptionist_ws/src/install/smrr_interfaces/include/smrr_interfaces/smrr_interfaces/msg/detail/data_element_int__rosidl_typesupport_fastrtps_c.h
[7.994s] -- Symlinking: /home/sadeep/mobile_receptionist_ws/src/install/smrr_interfaces/include/smrr_interfaces/smrr_interfaces/msg/detail/data_element_string__rosidl_typesupport_fastrtps_c.h
[8.003s] -- Symlinking: /home/sadeep/mobile_receptionist_ws/src/install/smrr_interfaces/include/smrr_interfaces/smrr_interfaces/msg/detail/entities__rosidl_typesupport_fastrtps_c.h
[8.011s] -- Symlinking: /home/sadeep/mobile_receptionist_ws/src/install/smrr_interfaces/include/smrr_interfaces/smrr_interfaces/msg/detail/inference_result__rosidl_typesupport_fastrtps_c.h
[8.018s] -- Symlinking: /home/sadeep/mobile_receptionist_ws/src/install/smrr_interfaces/include/smrr_interfaces/smrr_interfaces/msg/detail/pref_velocity__rosidl_typesupport_fastrtps_c.h
[8.026s] -- Symlinking: /home/sadeep/mobile_receptionist_ws/src/install/smrr_interfaces/include/smrr_interfaces/smrr_interfaces/msg/detail/velocity_class_data__rosidl_typesupport_fastrtps_c.h
[8.035s] -- Symlinking: /home/sadeep/mobile_receptionist_ws/src/install/smrr_interfaces/include/smrr_interfaces/smrr_interfaces/msg/detail/yolov10_inference__rosidl_typesupport_fastrtps_c.h
[8.043s] -- Symlinking: /home/sadeep/mobile_receptionist_ws/src/install/smrr_interfaces/include/smrr_interfaces/smrr_interfaces/msg/rosidl_typesupport_fastrtps_c__visibility_control.h
[8.055s] -- Symlinking: /home/sadeep/mobile_receptionist_ws/src/install/smrr_interfaces/include/smrr_interfaces/smrr_interfaces/action/arm_control_server.hpp
[8.065s] -- Symlinking: /home/sadeep/mobile_receptionist_ws/src/install/smrr_interfaces/include/smrr_interfaces/smrr_interfaces/action/detail/arm_control_server__builder.hpp
[8.073s] -- Symlinking: /home/sadeep/mobile_receptionist_ws/src/install/smrr_interfaces/include/smrr_interfaces/smrr_interfaces/action/detail/arm_control_server__struct.hpp
[8.081s] -- Symlinking: /home/sadeep/mobile_receptionist_ws/src/install/smrr_interfaces/include/smrr_interfaces/smrr_interfaces/action/detail/arm_control_server__traits.hpp
[8.090s] -- Symlinking: /home/sadeep/mobile_receptionist_ws/src/install/smrr_interfaces/include/smrr_interfaces/smrr_interfaces/action/detail/navigate_to_goal__builder.hpp
[8.100s] -- Symlinking: /home/sadeep/mobile_receptionist_ws/src/install/smrr_interfaces/include/smrr_interfaces/smrr_interfaces/action/detail/navigate_to_goal__struct.hpp
[8.107s] -- Symlinking: /home/sadeep/mobile_receptionist_ws/src/install/smrr_interfaces/include/smrr_interfaces/smrr_interfaces/action/detail/navigate_to_goal__traits.hpp
[8.115s] -- Symlinking: /home/sadeep/mobile_receptionist_ws/src/install/smrr_interfaces/include/smrr_interfaces/smrr_interfaces/action/navigate_to_goal.hpp
[8.122s] -- Symlinking: /home/sadeep/mobile_receptionist_ws/src/install/smrr_interfaces/include/smrr_interfaces/smrr_interfaces/msg/buffer.hpp
[8.130s] -- Symlinking: /home/sadeep/mobile_receptionist_ws/src/install/smrr_interfaces/include/smrr_interfaces/smrr_interfaces/msg/data_element_float.hpp
[8.137s] -- Symlinking: /home/sadeep/mobile_receptionist_ws/src/install/smrr_interfaces/include/smrr_interfaces/smrr_interfaces/msg/data_element_int.hpp
[8.145s] -- Symlinking: /home/sadeep/mobile_receptionist_ws/src/install/smrr_interfaces/include/smrr_interfaces/smrr_interfaces/msg/data_element_string.hpp
[8.157s] -- Symlinking: /home/sadeep/mobile_receptionist_ws/src/install/smrr_interfaces/include/smrr_interfaces/smrr_interfaces/msg/detail/buffer__builder.hpp
[8.165s] -- Symlinking: /home/sadeep/mobile_receptionist_ws/src/install/smrr_interfaces/include/smrr_interfaces/smrr_interfaces/msg/detail/buffer__struct.hpp
[8.174s] -- Symlinking: /home/sadeep/mobile_receptionist_ws/src/install/smrr_interfaces/include/smrr_interfaces/smrr_interfaces/msg/detail/buffer__traits.hpp
[8.183s] -- Symlinking: /home/sadeep/mobile_receptionist_ws/src/install/smrr_interfaces/include/smrr_interfaces/smrr_interfaces/msg/detail/data_element_float__builder.hpp
[8.192s] -- Symlinking: /home/sadeep/mobile_receptionist_ws/src/install/smrr_interfaces/include/smrr_interfaces/smrr_interfaces/msg/detail/data_element_float__struct.hpp
[8.201s] -- Symlinking: /home/sadeep/mobile_receptionist_ws/src/install/smrr_interfaces/include/smrr_interfaces/smrr_interfaces/msg/detail/data_element_float__traits.hpp
[8.209s] -- Symlinking: /home/sadeep/mobile_receptionist_ws/src/install/smrr_interfaces/include/smrr_interfaces/smrr_interfaces/msg/detail/data_element_int__builder.hpp
[8.218s] -- Symlinking: /home/sadeep/mobile_receptionist_ws/src/install/smrr_interfaces/include/smrr_interfaces/smrr_interfaces/msg/detail/data_element_int__struct.hpp
[8.227s] -- Symlinking: /home/sadeep/mobile_receptionist_ws/src/install/smrr_interfaces/include/smrr_interfaces/smrr_interfaces/msg/detail/data_element_int__traits.hpp
[8.237s] -- Symlinking: /home/sadeep/mobile_receptionist_ws/src/install/smrr_interfaces/include/smrr_interfaces/smrr_interfaces/msg/detail/data_element_string__builder.hpp
[8.245s] -- Symlinking: /home/sadeep/mobile_receptionist_ws/src/install/smrr_interfaces/include/smrr_interfaces/smrr_interfaces/msg/detail/data_element_string__struct.hpp
[8.256s] -- Symlinking: /home/sadeep/mobile_receptionist_ws/src/install/smrr_interfaces/include/smrr_interfaces/smrr_interfaces/msg/detail/data_element_string__traits.hpp
[8.265s] -- Symlinking: /home/sadeep/mobile_receptionist_ws/src/install/smrr_interfaces/include/smrr_interfaces/smrr_interfaces/msg/detail/entities__builder.hpp
[8.275s] -- Symlinking: /home/sadeep/mobile_receptionist_ws/src/install/smrr_interfaces/include/smrr_interfaces/smrr_interfaces/msg/detail/entities__struct.hpp
[8.284s] -- Symlinking: /home/sadeep/mobile_receptionist_ws/src/install/smrr_interfaces/include/smrr_interfaces/smrr_interfaces/msg/detail/entities__traits.hpp
[8.293s] -- Symlinking: /home/sadeep/mobile_receptionist_ws/src/install/smrr_interfaces/include/smrr_interfaces/smrr_interfaces/msg/detail/inference_result__builder.hpp
[8.301s] -- Symlinking: /home/sadeep/mobile_receptionist_ws/src/install/smrr_interfaces/include/smrr_interfaces/smrr_interfaces/msg/detail/inference_result__struct.hpp
[8.309s] -- Symlinking: /home/sadeep/mobile_receptionist_ws/src/install/smrr_interfaces/include/smrr_interfaces/smrr_interfaces/msg/detail/inference_result__traits.hpp
[8.317s] -- Symlinking: /home/sadeep/mobile_receptionist_ws/src/install/smrr_interfaces/include/smrr_interfaces/smrr_interfaces/msg/detail/pref_velocity__builder.hpp
[8.324s] -- Symlinking: /home/sadeep/mobile_receptionist_ws/src/install/smrr_interfaces/include/smrr_interfaces/smrr_interfaces/msg/detail/pref_velocity__struct.hpp
[8.333s] -- Symlinking: /home/sadeep/mobile_receptionist_ws/src/install/smrr_interfaces/include/smrr_interfaces/smrr_interfaces/msg/detail/pref_velocity__traits.hpp
[8.341s] -- Symlinking: /home/sadeep/mobile_receptionist_ws/src/install/smrr_interfaces/include/smrr_interfaces/smrr_interfaces/msg/detail/velocity_class_data__builder.hpp
[8.348s] -- Symlinking: /home/sadeep/mobile_receptionist_ws/src/install/smrr_interfaces/include/smrr_interfaces/smrr_interfaces/msg/detail/velocity_class_data__struct.hpp
[8.359s] -- Symlinking: /home/sadeep/mobile_receptionist_ws/src/install/smrr_interfaces/include/smrr_interfaces/smrr_interfaces/msg/detail/velocity_class_data__traits.hpp
[8.368s] -- Symlinking: /home/sadeep/mobile_receptionist_ws/src/install/smrr_interfaces/include/smrr_interfaces/smrr_interfaces/msg/detail/yolov10_inference__builder.hpp
[8.377s] -- Symlinking: /home/sadeep/mobile_receptionist_ws/src/install/smrr_interfaces/include/smrr_interfaces/smrr_interfaces/msg/detail/yolov10_inference__struct.hpp
[8.385s] -- Symlinking: /home/sadeep/mobile_receptionist_ws/src/install/smrr_interfaces/include/smrr_interfaces/smrr_interfaces/msg/detail/yolov10_inference__traits.hpp
[8.395s] -- Symlinking: /home/sadeep/mobile_receptionist_ws/src/install/smrr_interfaces/include/smrr_interfaces/smrr_interfaces/msg/entities.hpp
[8.404s] -- Symlinking: /home/sadeep/mobile_receptionist_ws/src/install/smrr_interfaces/include/smrr_interfaces/smrr_interfaces/msg/inference_result.hpp
[8.412s] -- Symlinking: /home/sadeep/mobile_receptionist_ws/src/install/smrr_interfaces/include/smrr_interfaces/smrr_interfaces/msg/pref_velocity.hpp
[8.420s] -- Symlinking: /home/sadeep/mobile_receptionist_ws/src/install/smrr_interfaces/include/smrr_interfaces/smrr_interfaces/msg/velocity_class_data.hpp
[8.428s] -- Symlinking: /home/sadeep/mobile_receptionist_ws/src/install/smrr_interfaces/include/smrr_interfaces/smrr_interfaces/msg/yolov10_inference.hpp
[8.437s] -- Symlinking: /home/sadeep/mobile_receptionist_ws/src/install/smrr_interfaces/include/smrr_interfaces/smrr_interfaces/action/detail/arm_control_server__rosidl_typesupport_fastrtps_cpp.hpp
[8.445s] -- Symlinking: /home/sadeep/mobile_receptionist_ws/src/install/smrr_interfaces/include/smrr_interfaces/smrr_interfaces/action/detail/navigate_to_goal__rosidl_typesupport_fastrtps_cpp.hpp
[8.455s] -- Symlinking: /home/sadeep/mobile_receptionist_ws/src/install/smrr_interfaces/include/smrr_interfaces/smrr_interfaces/msg/detail/buffer__rosidl_typesupport_fastrtps_cpp.hpp
[8.465s] -- Symlinking: /home/sadeep/mobile_receptionist_ws/src/install/smrr_interfaces/include/smrr_interfaces/smrr_interfaces/msg/detail/data_element_float__rosidl_typesupport_fastrtps_cpp.hpp
[8.474s] -- Symlinking: /home/sadeep/mobile_receptionist_ws/src/install/smrr_interfaces/include/smrr_interfaces/smrr_interfaces/msg/detail/data_element_int__rosidl_typesupport_fastrtps_cpp.hpp
[8.482s] -- Symlinking: /home/sadeep/mobile_receptionist_ws/src/install/smrr_interfaces/include/smrr_interfaces/smrr_interfaces/msg/detail/data_element_string__rosidl_typesupport_fastrtps_cpp.hpp
[8.491s] -- Symlinking: /home/sadeep/mobile_receptionist_ws/src/install/smrr_interfaces/include/smrr_interfaces/smrr_interfaces/msg/detail/entities__rosidl_typesupport_fastrtps_cpp.hpp
[8.500s] -- Symlinking: /home/sadeep/mobile_receptionist_ws/src/install/smrr_interfaces/include/smrr_interfaces/smrr_interfaces/msg/detail/inference_result__rosidl_typesupport_fastrtps_cpp.hpp
[8.507s] -- Symlinking: /home/sadeep/mobile_receptionist_ws/src/install/smrr_interfaces/include/smrr_interfaces/smrr_interfaces/msg/detail/pref_velocity__rosidl_typesupport_fastrtps_cpp.hpp
[8.515s] -- Symlinking: /home/sadeep/mobile_receptionist_ws/src/install/smrr_interfaces/include/smrr_interfaces/smrr_interfaces/msg/detail/velocity_class_data__rosidl_typesupport_fastrtps_cpp.hpp
[8.523s] -- Symlinking: /home/sadeep/mobile_receptionist_ws/src/install/smrr_interfaces/include/smrr_interfaces/smrr_interfaces/msg/detail/yolov10_inference__rosidl_typesupport_fastrtps_cpp.hpp
[8.532s] -- Symlinking: /home/sadeep/mobile_receptionist_ws/src/install/smrr_interfaces/include/smrr_interfaces/smrr_interfaces/msg/rosidl_typesupport_fastrtps_cpp__visibility_control.h
[8.541s] -- Symlinking: /home/sadeep/mobile_receptionist_ws/src/install/smrr_interfaces/include/smrr_interfaces/smrr_interfaces/action/detail/arm_control_server__rosidl_typesupport_introspection_c.h
[8.548s] -- Symlinking: /home/sadeep/mobile_receptionist_ws/src/install/smrr_interfaces/include/smrr_interfaces/smrr_interfaces/action/detail/navigate_to_goal__rosidl_typesupport_introspection_c.h
[8.560s] -- Symlinking: /home/sadeep/mobile_receptionist_ws/src/install/smrr_interfaces/include/smrr_interfaces/smrr_interfaces/msg/detail/buffer__rosidl_typesupport_introspection_c.h
[8.569s] -- Symlinking: /home/sadeep/mobile_receptionist_ws/src/install/smrr_interfaces/include/smrr_interfaces/smrr_interfaces/msg/detail/data_element_float__rosidl_typesupport_introspection_c.h
[8.578s] -- Symlinking: /home/sadeep/mobile_receptionist_ws/src/install/smrr_interfaces/include/smrr_interfaces/smrr_interfaces/msg/detail/data_element_int__rosidl_typesupport_introspection_c.h
[8.586s] -- Symlinking: /home/sadeep/mobile_receptionist_ws/src/install/smrr_interfaces/include/smrr_interfaces/smrr_interfaces/msg/detail/data_element_string__rosidl_typesupport_introspection_c.h
[8.596s] -- Symlinking: /home/sadeep/mobile_receptionist_ws/src/install/smrr_interfaces/include/smrr_interfaces/smrr_interfaces/msg/detail/entities__rosidl_typesupport_introspection_c.h
[8.604s] -- Symlinking: /home/sadeep/mobile_receptionist_ws/src/install/smrr_interfaces/include/smrr_interfaces/smrr_interfaces/msg/detail/inference_result__rosidl_typesupport_introspection_c.h
[8.612s] -- Symlinking: /home/sadeep/mobile_receptionist_ws/src/install/smrr_interfaces/include/smrr_interfaces/smrr_interfaces/msg/detail/pref_velocity__rosidl_typesupport_introspection_c.h
[8.620s] -- Symlinking: /home/sadeep/mobile_receptionist_ws/src/install/smrr_interfaces/include/smrr_interfaces/smrr_interfaces/msg/detail/velocity_class_data__rosidl_typesupport_introspection_c.h
[8.627s] -- Symlinking: /home/sadeep/mobile_receptionist_ws/src/install/smrr_interfaces/include/smrr_interfaces/smrr_interfaces/msg/detail/yolov10_inference__rosidl_typesupport_introspection_c.h
[8.636s] -- Symlinking: /home/sadeep/mobile_receptionist_ws/src/install/smrr_interfaces/include/smrr_interfaces/smrr_interfaces/msg/rosidl_typesupport_introspection_c__visibility_control.h
[8.645s] -- Symlinking: /home/sadeep/mobile_receptionist_ws/src/install/smrr_interfaces/include/smrr_interfaces/smrr_interfaces/action/detail/arm_control_server__rosidl_typesupport_introspection_cpp.hpp
[8.655s] -- Symlinking: /home/sadeep/mobile_receptionist_ws/src/install/smrr_interfaces/include/smrr_interfaces/smrr_interfaces/action/detail/navigate_to_goal__rosidl_typesupport_introspection_cpp.hpp
[8.664s] -- Symlinking: /home/sadeep/mobile_receptionist_ws/src/install/smrr_interfaces/include/smrr_interfaces/smrr_interfaces/msg/detail/buffer__rosidl_typesupport_introspection_cpp.hpp
[8.673s] -- Symlinking: /home/sadeep/mobile_receptionist_ws/src/install/smrr_interfaces/include/smrr_interfaces/smrr_interfaces/msg/detail/data_element_float__rosidl_typesupport_introspection_cpp.hpp
[8.682s] -- Symlinking: /home/sadeep/mobile_receptionist_ws/src/install/smrr_interfaces/include/smrr_interfaces/smrr_interfaces/msg/detail/data_element_int__rosidl_typesupport_introspection_cpp.hpp
[8.691s] -- Symlinking: /home/sadeep/mobile_receptionist_ws/src/install/smrr_interfaces/include/smrr_interfaces/smrr_interfaces/msg/detail/data_element_string__rosidl_typesupport_introspection_cpp.hpp
[8.700s] -- Symlinking: /home/sadeep/mobile_receptionist_ws/src/install/smrr_interfaces/include/smrr_interfaces/smrr_interfaces/msg/detail/entities__rosidl_typesupport_introspection_cpp.hpp
[8.708s] -- Symlinking: /home/sadeep/mobile_receptionist_ws/src/install/smrr_interfaces/include/smrr_interfaces/smrr_interfaces/msg/detail/inference_result__rosidl_typesupport_introspection_cpp.hpp
[8.716s] -- Symlinking: /home/sadeep/mobile_receptionist_ws/src/install/smrr_interfaces/include/smrr_interfaces/smrr_interfaces/msg/detail/pref_velocity__rosidl_typesupport_introspection_cpp.hpp
[8.725s] -- Symlinking: /home/sadeep/mobile_receptionist_ws/src/install/smrr_interfaces/include/smrr_interfaces/smrr_interfaces/msg/detail/velocity_class_data__rosidl_typesupport_introspection_cpp.hpp
[8.733s] -- Symlinking: /home/sadeep/mobile_receptionist_ws/src/install/smrr_interfaces/include/smrr_interfaces/smrr_interfaces/msg/detail/yolov10_inference__rosidl_typesupport_introspection_cpp.hpp
[8.741s] -- Symlinking: /home/sadeep/mobile_receptionist_ws/src/install/smrr_interfaces/share/smrr_interfaces/environment/pythonpath.sh
[8.749s] -- Symlinking: /home/sadeep/mobile_receptionist_ws/src/install/smrr_interfaces/share/smrr_interfaces/environment/pythonpath.dsv
[8.761s] -- Symlinking: /home/sadeep/mobile_receptionist_ws/src/install/smrr_interfaces/local/lib/python3.10/dist-packages/smrr_interfaces-0.0.0-py3.10.egg-info/PKG-INFO
[8.769s] -- Symlinking: /home/sadeep/mobile_receptionist_ws/src/install/smrr_interfaces/local/lib/python3.10/dist-packages/smrr_interfaces-0.0.0-py3.10.egg-info/SOURCES.txt
[8.779s] -- Symlinking: /home/sadeep/mobile_receptionist_ws/src/install/smrr_interfaces/local/lib/python3.10/dist-packages/smrr_interfaces-0.0.0-py3.10.egg-info/dependency_links.txt
[8.788s] -- Symlinking: /home/sadeep/mobile_receptionist_ws/src/install/smrr_interfaces/local/lib/python3.10/dist-packages/smrr_interfaces-0.0.0-py3.10.egg-info/top_level.txt
[8.798s] -- Symlinking: /home/sadeep/mobile_receptionist_ws/src/install/smrr_interfaces/local/lib/python3.10/dist-packages/smrr_interfaces/__init__.py
[8.805s] -- Symlinking: /home/sadeep/mobile_receptionist_ws/src/install/smrr_interfaces/local/lib/python3.10/dist-packages/smrr_interfaces/_smrr_interfaces_s.ep.rosidl_typesupport_c.c
[8.813s] -- Symlinking: /home/sadeep/mobile_receptionist_ws/src/install/smrr_interfaces/local/lib/python3.10/dist-packages/smrr_interfaces/_smrr_interfaces_s.ep.rosidl_typesupport_fastrtps_c.c
[8.821s] -- Symlinking: /home/sadeep/mobile_receptionist_ws/src/install/smrr_interfaces/local/lib/python3.10/dist-packages/smrr_interfaces/_smrr_interfaces_s.ep.rosidl_typesupport_introspection_c.c
[8.830s] -- Symlinking: /home/sadeep/mobile_receptionist_ws/src/install/smrr_interfaces/local/lib/python3.10/dist-packages/smrr_interfaces/action/__init__.py
[8.837s] -- Symlinking: /home/sadeep/mobile_receptionist_ws/src/install/smrr_interfaces/local/lib/python3.10/dist-packages/smrr_interfaces/action/_arm_control_server.py
[8.845s] -- Symlinking: /home/sadeep/mobile_receptionist_ws/src/install/smrr_interfaces/local/lib/python3.10/dist-packages/smrr_interfaces/action/_arm_control_server_s.c
[8.854s] -- Symlinking: /home/sadeep/mobile_receptionist_ws/src/install/smrr_interfaces/local/lib/python3.10/dist-packages/smrr_interfaces/action/_navigate_to_goal.py
[8.864s] -- Symlinking: /home/sadeep/mobile_receptionist_ws/src/install/smrr_interfaces/local/lib/python3.10/dist-packages/smrr_interfaces/action/_navigate_to_goal_s.c
[8.873s] -- Symlinking: /home/sadeep/mobile_receptionist_ws/src/install/smrr_interfaces/local/lib/python3.10/dist-packages/smrr_interfaces/libsmrr_interfaces__rosidl_generator_py.so
[8.882s] -- Symlinking: /home/sadeep/mobile_receptionist_ws/src/install/smrr_interfaces/local/lib/python3.10/dist-packages/smrr_interfaces/msg/__init__.py
[8.891s] -- Symlinking: /home/sadeep/mobile_receptionist_ws/src/install/smrr_interfaces/local/lib/python3.10/dist-packages/smrr_interfaces/msg/_buffer.py
[8.900s] -- Symlinking: /home/sadeep/mobile_receptionist_ws/src/install/smrr_interfaces/local/lib/python3.10/dist-packages/smrr_interfaces/msg/_buffer_s.c
[8.909s] -- Symlinking: /home/sadeep/mobile_receptionist_ws/src/install/smrr_interfaces/local/lib/python3.10/dist-packages/smrr_interfaces/msg/_data_element_float.py
[8.916s] -- Symlinking: /home/sadeep/mobile_receptionist_ws/src/install/smrr_interfaces/local/lib/python3.10/dist-packages/smrr_interfaces/msg/_data_element_float_s.c
[8.923s] -- Symlinking: /home/sadeep/mobile_receptionist_ws/src/install/smrr_interfaces/local/lib/python3.10/dist-packages/smrr_interfaces/msg/_data_element_int.py
[8.930s] -- Symlinking: /home/sadeep/mobile_receptionist_ws/src/install/smrr_interfaces/local/lib/python3.10/dist-packages/smrr_interfaces/msg/_data_element_int_s.c
[8.937s] -- Symlinking: /home/sadeep/mobile_receptionist_ws/src/install/smrr_interfaces/local/lib/python3.10/dist-packages/smrr_interfaces/msg/_data_element_string.py
[8.945s] -- Symlinking: /home/sadeep/mobile_receptionist_ws/src/install/smrr_interfaces/local/lib/python3.10/dist-packages/smrr_interfaces/msg/_data_element_string_s.c
[8.957s] -- Symlinking: /home/sadeep/mobile_receptionist_ws/src/install/smrr_interfaces/local/lib/python3.10/dist-packages/smrr_interfaces/msg/_entities.py
[8.966s] -- Symlinking: /home/sadeep/mobile_receptionist_ws/src/install/smrr_interfaces/local/lib/python3.10/dist-packages/smrr_interfaces/msg/_entities_s.c
[8.976s] -- Symlinking: /home/sadeep/mobile_receptionist_ws/src/install/smrr_interfaces/local/lib/python3.10/dist-packages/smrr_interfaces/msg/_inference_result.py
[8.985s] -- Symlinking: /home/sadeep/mobile_receptionist_ws/src/install/smrr_interfaces/local/lib/python3.10/dist-packages/smrr_interfaces/msg/_inference_result_s.c
[8.993s] -- Symlinking: /home/sadeep/mobile_receptionist_ws/src/install/smrr_interfaces/local/lib/python3.10/dist-packages/smrr_interfaces/msg/_pref_velocity.py
[9.002s] -- Symlinking: /home/sadeep/mobile_receptionist_ws/src/install/smrr_interfaces/local/lib/python3.10/dist-packages/smrr_interfaces/msg/_pref_velocity_s.c
[9.011s] -- Symlinking: /home/sadeep/mobile_receptionist_ws/src/install/smrr_interfaces/local/lib/python3.10/dist-packages/smrr_interfaces/msg/_velocity_class_data.py
[9.019s] -- Symlinking: /home/sadeep/mobile_receptionist_ws/src/install/smrr_interfaces/local/lib/python3.10/dist-packages/smrr_interfaces/msg/_velocity_class_data_s.c
[9.027s] -- Symlinking: /home/sadeep/mobile_receptionist_ws/src/install/smrr_interfaces/local/lib/python3.10/dist-packages/smrr_interfaces/msg/_yolov10_inference.py
[9.035s] -- Symlinking: /home/sadeep/mobile_receptionist_ws/src/install/smrr_interfaces/local/lib/python3.10/dist-packages/smrr_interfaces/msg/_yolov10_inference_s.c
[9.043s] -- Symlinking: /home/sadeep/mobile_receptionist_ws/src/install/smrr_interfaces/local/lib/python3.10/dist-packages/smrr_interfaces/smrr_interfaces_s__rosidl_typesupport_c.cpython-310-x86_64-linux-gnu.so
[9.051s] -- Symlinking: /home/sadeep/mobile_receptionist_ws/src/install/smrr_interfaces/local/lib/python3.10/dist-packages/smrr_interfaces/smrr_interfaces_s__rosidl_typesupport_fastrtps_c.cpython-310-x86_64-linux-gnu.so
[9.063s] -- Symlinking: /home/sadeep/mobile_receptionist_ws/src/install/smrr_interfaces/local/lib/python3.10/dist-packages/smrr_interfaces/smrr_interfaces_s__rosidl_typesupport_introspection_c.cpython-310-x86_64-linux-gnu.so
[9.072s] -- Up-to-date symlink: /home/sadeep/mobile_receptionist_ws/src/install/smrr_interfaces/local/lib/python3.10/dist-packages/smrr_interfaces/smrr_interfaces_s__rosidl_typesupport_fastrtps_c.cpython-310-x86_64-linux-gnu.so
[9.073s] -- Up-to-date symlink: /home/sadeep/mobile_receptionist_ws/src/install/smrr_interfaces/local/lib/python3.10/dist-packages/smrr_interfaces/smrr_interfaces_s__rosidl_typesupport_introspection_c.cpython-310-x86_64-linux-gnu.so
[9.073s] -- Up-to-date symlink: /home/sadeep/mobile_receptionist_ws/src/install/smrr_interfaces/local/lib/python3.10/dist-packages/smrr_interfaces/smrr_interfaces_s__rosidl_typesupport_c.cpython-310-x86_64-linux-gnu.so
[9.073s] -- Symlinking: /home/sadeep/mobile_receptionist_ws/src/install/smrr_interfaces/share/smrr_interfaces/msg/Entities.idl
[9.081s] -- Symlinking: /home/sadeep/mobile_receptionist_ws/src/install/smrr_interfaces/share/smrr_interfaces/msg/InferenceResult.idl
[9.090s] -- Symlinking: /home/sadeep/mobile_receptionist_ws/src/install/smrr_interfaces/share/smrr_interfaces/msg/Yolov10Inference.idl
[9.100s] -- Symlinking: /home/sadeep/mobile_receptionist_ws/src/install/smrr_interfaces/share/smrr_interfaces/msg/Buffer.idl
[9.107s] -- Symlinking: /home/sadeep/mobile_receptionist_ws/src/install/smrr_interfaces/share/smrr_interfaces/msg/DataElementFloat.idl
[9.116s] -- Symlinking: /home/sadeep/mobile_receptionist_ws/src/install/smrr_interfaces/share/smrr_interfaces/msg/DataElementInt.idl
[9.124s] -- Symlinking: /home/sadeep/mobile_receptionist_ws/src/install/smrr_interfaces/share/smrr_interfaces/msg/DataElementString.idl
[9.132s] -- Symlinking: /home/sadeep/mobile_receptionist_ws/src/install/smrr_interfaces/share/smrr_interfaces/msg/PrefVelocity.idl
[9.141s] -- Symlinking: /home/sadeep/mobile_receptionist_ws/src/install/smrr_interfaces/share/smrr_interfaces/msg/VelocityClassData.idl
[9.149s] -- Symlinking: /home/sadeep/mobile_receptionist_ws/src/install/smrr_interfaces/share/smrr_interfaces/action/NavigateToGoal.idl
[9.161s] -- Symlinking: /home/sadeep/mobile_receptionist_ws/src/install/smrr_interfaces/share/smrr_interfaces/action/ArmControlServer.idl
[9.171s] -- Symlinking: /home/sadeep/mobile_receptionist_ws/src/install/smrr_interfaces/share/smrr_interfaces/msg/Entities.msg
[9.180s] -- Symlinking: /home/sadeep/mobile_receptionist_ws/src/install/smrr_interfaces/share/smrr_interfaces/msg/InferenceResult.msg
[9.189s] -- Symlinking: /home/sadeep/mobile_receptionist_ws/src/install/smrr_interfaces/share/smrr_interfaces/msg/Yolov10Inference.msg
[9.197s] -- Symlinking: /home/sadeep/mobile_receptionist_ws/src/install/smrr_interfaces/share/smrr_interfaces/msg/Buffer.msg
[9.207s] -- Symlinking: /home/sadeep/mobile_receptionist_ws/src/install/smrr_interfaces/share/smrr_interfaces/msg/DataElementFloat.msg
[9.215s] -- Symlinking: /home/sadeep/mobile_receptionist_ws/src/install/smrr_interfaces/share/smrr_interfaces/msg/DataElementInt.msg
[9.224s] -- Symlinking: /home/sadeep/mobile_receptionist_ws/src/install/smrr_interfaces/share/smrr_interfaces/msg/DataElementString.msg
[9.231s] -- Symlinking: /home/sadeep/mobile_receptionist_ws/src/install/smrr_interfaces/share/smrr_interfaces/msg/PrefVelocity.msg
[9.240s] -- Symlinking: /home/sadeep/mobile_receptionist_ws/src/install/smrr_interfaces/share/smrr_interfaces/msg/VelocityClassData.msg
[9.248s] -- Symlinking: /home/sadeep/mobile_receptionist_ws/src/install/smrr_interfaces/share/smrr_interfaces/action/NavigateToGoal.action
[9.259s] -- Symlinking: /home/sadeep/mobile_receptionist_ws/src/install/smrr_interfaces/share/smrr_interfaces/action/ArmControlServer.action
[9.269s] -- Symlinking: /home/sadeep/mobile_receptionist_ws/src/install/smrr_interfaces/share/ament_index/resource_index/package_run_dependencies/smrr_interfaces
[9.278s] -- Symlinking: /home/sadeep/mobile_receptionist_ws/src/install/smrr_interfaces/share/ament_index/resource_index/parent_prefix_path/smrr_interfaces
[9.287s] -- Symlinking: /home/sadeep/mobile_receptionist_ws/src/install/smrr_interfaces/share/smrr_interfaces/environment/ament_prefix_path.sh
[9.295s] -- Symlinking: /home/sadeep/mobile_receptionist_ws/src/install/smrr_interfaces/share/smrr_interfaces/environment/ament_prefix_path.dsv
[9.303s] -- Symlinking: /home/sadeep/mobile_receptionist_ws/src/install/smrr_interfaces/share/smrr_interfaces/environment/path.sh
[9.311s] -- Symlinking: /home/sadeep/mobile_receptionist_ws/src/install/smrr_interfaces/share/smrr_interfaces/environment/path.dsv
[9.318s] -- Symlinking: /home/sadeep/mobile_receptionist_ws/src/install/smrr_interfaces/share/smrr_interfaces/local_setup.bash
[9.325s] -- Symlinking: /home/sadeep/mobile_receptionist_ws/src/install/smrr_interfaces/share/smrr_interfaces/local_setup.sh
[9.333s] -- Symlinking: /home/sadeep/mobile_receptionist_ws/src/install/smrr_interfaces/share/smrr_interfaces/local_setup.zsh
[9.342s] -- Symlinking: /home/sadeep/mobile_receptionist_ws/src/install/smrr_interfaces/share/smrr_interfaces/local_setup.dsv
[9.349s] -- Symlinking: /home/sadeep/mobile_receptionist_ws/src/install/smrr_interfaces/share/smrr_interfaces/package.dsv
[9.361s] -- Symlinking: /home/sadeep/mobile_receptionist_ws/src/install/smrr_interfaces/share/ament_index/resource_index/packages/smrr_interfaces
[9.371s] -- Symlinking: /home/sadeep/mobile_receptionist_ws/src/install/smrr_interfaces/share/smrr_interfaces/cmake/rosidl_cmake-extras.cmake
[9.380s] -- Symlinking: /home/sadeep/mobile_receptionist_ws/src/install/smrr_interfaces/share/smrr_interfaces/cmake/ament_cmake_export_dependencies-extras.cmake
[9.389s] -- Symlinking: /home/sadeep/mobile_receptionist_ws/src/install/smrr_interfaces/share/smrr_interfaces/cmake/ament_cmake_export_include_directories-extras.cmake
[9.398s] -- Symlinking: /home/sadeep/mobile_receptionist_ws/src/install/smrr_interfaces/share/smrr_interfaces/cmake/ament_cmake_export_libraries-extras.cmake
[9.406s] -- Symlinking: /home/sadeep/mobile_receptionist_ws/src/install/smrr_interfaces/share/smrr_interfaces/cmake/ament_cmake_export_targets-extras.cmake
[9.415s] -- Symlinking: /home/sadeep/mobile_receptionist_ws/src/install/smrr_interfaces/share/smrr_interfaces/cmake/rosidl_cmake_export_typesupport_targets-extras.cmake
[9.423s] -- Symlinking: /home/sadeep/mobile_receptionist_ws/src/install/smrr_interfaces/share/smrr_interfaces/cmake/rosidl_cmake_export_typesupport_libraries-extras.cmake
[9.430s] -- Symlinking: /home/sadeep/mobile_receptionist_ws/src/install/smrr_interfaces/share/smrr_interfaces/cmake/smrr_interfacesConfig.cmake
[9.439s] -- Symlinking: /home/sadeep/mobile_receptionist_ws/src/install/smrr_interfaces/share/smrr_interfaces/cmake/smrr_interfacesConfig-version.cmake
[9.447s] -- Symlinking: /home/sadeep/mobile_receptionist_ws/src/install/smrr_interfaces/share/smrr_interfaces/package.xml
[9.458s] -- Installing: /home/sadeep/mobile_receptionist_ws/src/install/smrr_interfaces/lib/libsmrr_interfaces__rosidl_generator_c.so
[9.460s] -- Set runtime path of "/home/sadeep/mobile_receptionist_ws/src/install/smrr_interfaces/lib/libsmrr_interfaces__rosidl_generator_c.so" to ""
[9.460s] -- Installing: /home/sadeep/mobile_receptionist_ws/src/install/smrr_interfaces/lib/libsmrr_interfaces__rosidl_typesupport_fastrtps_c.so
[9.460s] -- Set runtime path of "/home/sadeep/mobile_receptionist_ws/src/install/smrr_interfaces/lib/libsmrr_interfaces__rosidl_typesupport_fastrtps_c.so" to ""
[9.460s] -- Installing: /home/sadeep/mobile_receptionist_ws/src/install/smrr_interfaces/lib/libsmrr_interfaces__rosidl_typesupport_fastrtps_cpp.so
[9.461s] -- Set runtime path of "/home/sadeep/mobile_receptionist_ws/src/install/smrr_interfaces/lib/libsmrr_interfaces__rosidl_typesupport_fastrtps_cpp.so" to ""
[9.461s] -- Installing: /home/sadeep/mobile_receptionist_ws/src/install/smrr_interfaces/lib/libsmrr_interfaces__rosidl_typesupport_introspection_c.so
[9.462s] -- Set runtime path of "/home/sadeep/mobile_receptionist_ws/src/install/smrr_interfaces/lib/libsmrr_interfaces__rosidl_typesupport_introspection_c.so" to ""
[9.462s] -- Installing: /home/sadeep/mobile_receptionist_ws/src/install/smrr_interfaces/lib/libsmrr_interfaces__rosidl_typesupport_c.so
[9.462s] -- Set runtime path of "/home/sadeep/mobile_receptionist_ws/src/install/smrr_interfaces/lib/libsmrr_interfaces__rosidl_typesupport_c.so" to ""
[9.462s] -- Installing: /home/sadeep/mobile_receptionist_ws/src/install/smrr_interfaces/lib/libsmrr_interfaces__rosidl_typesupport_introspection_cpp.so
[9.463s] -- Set runtime path of "/home/sadeep/mobile_receptionist_ws/src/install/smrr_interfaces/lib/libsmrr_interfaces__rosidl_typesupport_introspection_cpp.so" to ""
[9.463s] -- Installing: /home/sadeep/mobile_receptionist_ws/src/install/smrr_interfaces/lib/libsmrr_interfaces__rosidl_typesupport_cpp.so
[9.463s] -- Set runtime path of "/home/sadeep/mobile_receptionist_ws/src/install/smrr_interfaces/lib/libsmrr_interfaces__rosidl_typesupport_cpp.so" to ""
[9.519s] Listing '/home/sadeep/mobile_receptionist_ws/src/install/smrr_interfaces/local/lib/python3.10/dist-packages/smrr_interfaces'...
[9.519s] Compiling '/home/sadeep/mobile_receptionist_ws/src/install/smrr_interfaces/local/lib/python3.10/dist-packages/smrr_interfaces/__init__.py'...
[9.519s] Listing '/home/sadeep/mobile_receptionist_ws/src/install/smrr_interfaces/local/lib/python3.10/dist-packages/smrr_interfaces/action'...
[9.519s] Compiling '/home/sadeep/mobile_receptionist_ws/src/install/smrr_interfaces/local/lib/python3.10/dist-packages/smrr_interfaces/action/__init__.py'...
[9.519s] Compiling '/home/sadeep/mobile_receptionist_ws/src/install/smrr_interfaces/local/lib/python3.10/dist-packages/smrr_interfaces/action/_arm_control_server.py'...
[9.519s] Compiling '/home/sadeep/mobile_receptionist_ws/src/install/smrr_interfaces/local/lib/python3.10/dist-packages/smrr_interfaces/action/_navigate_to_goal.py'...
[9.519s] Listing '/home/sadeep/mobile_receptionist_ws/src/install/smrr_interfaces/local/lib/python3.10/dist-packages/smrr_interfaces/msg'...
[9.519s] Compiling '/home/sadeep/mobile_receptionist_ws/src/install/smrr_interfaces/local/lib/python3.10/dist-packages/smrr_interfaces/msg/__init__.py'...
[9.519s] Compiling '/home/sadeep/mobile_receptionist_ws/src/install/smrr_interfaces/local/lib/python3.10/dist-packages/smrr_interfaces/msg/_buffer.py'...
[9.519s] Compiling '/home/sadeep/mobile_receptionist_ws/src/install/smrr_interfaces/local/lib/python3.10/dist-packages/smrr_interfaces/msg/_data_element_float.py'...
[9.520s] Compiling '/home/sadeep/mobile_receptionist_ws/src/install/smrr_interfaces/local/lib/python3.10/dist-packages/smrr_interfaces/msg/_data_element_int.py'...
[9.520s] Compiling '/home/sadeep/mobile_receptionist_ws/src/install/smrr_interfaces/local/lib/python3.10/dist-packages/smrr_interfaces/msg/_data_element_string.py'...
[9.520s] Compiling '/home/sadeep/mobile_receptionist_ws/src/install/smrr_interfaces/local/lib/python3.10/dist-packages/smrr_interfaces/msg/_entities.py'...
[9.520s] Compiling '/home/sadeep/mobile_receptionist_ws/src/install/smrr_interfaces/local/lib/python3.10/dist-packages/smrr_interfaces/msg/_inference_result.py'...
[9.520s] Compiling '/home/sadeep/mobile_receptionist_ws/src/install/smrr_interfaces/local/lib/python3.10/dist-packages/smrr_interfaces/msg/_pref_velocity.py'...
[9.520s] Compiling '/home/sadeep/mobile_receptionist_ws/src/install/smrr_interfaces/local/lib/python3.10/dist-packages/smrr_interfaces/msg/_velocity_class_data.py'...
[9.520s] Compiling '/home/sadeep/mobile_receptionist_ws/src/install/smrr_interfaces/local/lib/python3.10/dist-packages/smrr_interfaces/msg/_yolov10_inference.py'...
[9.521s] -- Installing: /home/sadeep/mobile_receptionist_ws/src/install/smrr_interfaces/lib/libsmrr_interfaces__rosidl_generator_py.so
[9.522s] -- Set runtime path of "/home/sadeep/mobile_receptionist_ws/src/install/smrr_interfaces/lib/libsmrr_interfaces__rosidl_generator_py.so" to ""
[9.522s] -- Installing: /home/sadeep/mobile_receptionist_ws/src/install/smrr_interfaces/share/smrr_interfaces/cmake/export_smrr_interfaces__rosidl_generator_cExport.cmake
[9.523s] -- Installing: /home/sadeep/mobile_receptionist_ws/src/install/smrr_interfaces/share/smrr_interfaces/cmake/export_smrr_interfaces__rosidl_generator_cExport-noconfig.cmake
[9.523s] -- Installing: /home/sadeep/mobile_receptionist_ws/src/install/smrr_interfaces/share/smrr_interfaces/cmake/export_smrr_interfaces__rosidl_typesupport_fastrtps_cExport.cmake
[9.523s] -- Installing: /home/sadeep/mobile_receptionist_ws/src/install/smrr_interfaces/share/smrr_interfaces/cmake/export_smrr_interfaces__rosidl_typesupport_fastrtps_cExport-noconfig.cmake
[9.523s] -- Installing: /home/sadeep/mobile_receptionist_ws/src/install/smrr_interfaces/share/smrr_interfaces/cmake/export_smrr_interfaces__rosidl_generator_cppExport.cmake
[9.523s] -- Installing: /home/sadeep/mobile_receptionist_ws/src/install/smrr_interfaces/share/smrr_interfaces/cmake/export_smrr_interfaces__rosidl_typesupport_fastrtps_cppExport.cmake
[9.523s] -- Installing: /home/sadeep/mobile_receptionist_ws/src/install/smrr_interfaces/share/smrr_interfaces/cmake/export_smrr_interfaces__rosidl_typesupport_fastrtps_cppExport-noconfig.cmake
[9.523s] -- Installing: /home/sadeep/mobile_receptionist_ws/src/install/smrr_interfaces/share/smrr_interfaces/cmake/smrr_interfaces__rosidl_typesupport_introspection_cExport.cmake
[9.523s] -- Installing: /home/sadeep/mobile_receptionist_ws/src/install/smrr_interfaces/share/smrr_interfaces/cmake/smrr_interfaces__rosidl_typesupport_introspection_cExport-noconfig.cmake
[9.523s] -- Installing: /home/sadeep/mobile_receptionist_ws/src/install/smrr_interfaces/share/smrr_interfaces/cmake/smrr_interfaces__rosidl_typesupport_cExport.cmake
[9.523s] -- Installing: /home/sadeep/mobile_receptionist_ws/src/install/smrr_interfaces/share/smrr_interfaces/cmake/smrr_interfaces__rosidl_typesupport_cExport-noconfig.cmake
[9.523s] -- Installing: /home/sadeep/mobile_receptionist_ws/src/install/smrr_interfaces/share/smrr_interfaces/cmake/smrr_interfaces__rosidl_typesupport_introspection_cppExport.cmake
[9.523s] -- Installing: /home/sadeep/mobile_receptionist_ws/src/install/smrr_interfaces/share/smrr_interfaces/cmake/smrr_interfaces__rosidl_typesupport_introspection_cppExport-noconfig.cmake
[9.523s] -- Installing: /home/sadeep/mobile_receptionist_ws/src/install/smrr_interfaces/share/smrr_interfaces/cmake/smrr_interfaces__rosidl_typesupport_cppExport.cmake
[9.524s] -- Installing: /home/sadeep/mobile_receptionist_ws/src/install/smrr_interfaces/share/smrr_interfaces/cmake/smrr_interfaces__rosidl_typesupport_cppExport-noconfig.cmake
[9.524s] -- Installing: /home/sadeep/mobile_receptionist_ws/src/install/smrr_interfaces/share/smrr_interfaces/cmake/export_smrr_interfaces__rosidl_generator_pyExport.cmake
[9.524s] -- Installing: /home/sadeep/mobile_receptionist_ws/src/install/smrr_interfaces/share/smrr_interfaces/cmake/export_smrr_interfaces__rosidl_generator_pyExport-noconfig.cmake
[9.526s] Invoked command in '/home/sadeep/mobile_receptionist_ws/src/build/smrr_interfaces' returned '0': CMAKE_PREFIX_PATH=${CMAKE_PREFIX_PATH}:/home/sadeep/mobile_receptionist_ws/install/smrr_utilities:/home/sadeep/mobile_receptionist_ws/install/smrr_crowdnav:/home/sadeep/mobile_receptionist_ws/install/object_tracker:/home/sadeep/mobile_receptionist_ws/install/smrr_goal_predictor:/home/sadeep/mobile_receptionist_ws/install/smrr_crowd_nav:/home/sadeep/mobile_receptionist_ws/install/preffered_velocity_prediction:/home/sadeep/mobile_receptionist_ws/install/human_data_buffer:/home/sadeep/mobile_receptionist_ws/install/button_localization:/home/sadeep/ekf_ws/install/turtlebot_ekf:/opt/ros/humble /usr/bin/cmake --install /home/sadeep/mobile_receptionist_ws/src/build/smrr_interfaces
