running develop
/usr/lib/python3/dist-packages/setuptools/command/easy_install.py:158: EasyInstallDeprecationWarning: easy_install command is deprecated. Use build and pip and other standards-based tools.
  warnings.warn(
running egg_info
creating object_tracker.egg-info
writing object_tracker.egg-info/PKG-INFO
writing dependency_links to object_tracker.egg-info/dependency_links.txt
writing entry points to object_tracker.egg-info/entry_points.txt
writing requirements to object_tracker.egg-info/requires.txt
writing top-level names to object_tracker.egg-info/top_level.txt
writing manifest file 'object_tracker.egg-info/SOURCES.txt'
reading manifest file 'object_tracker.egg-info/SOURCES.txt'
writing manifest file 'object_tracker.egg-info/SOURCES.txt'
running build_ext
Creating /home/sadeep/mobile_receptionist_ws/src/install/object_tracker/lib/python3.10/site-packages/object-tracker.egg-link (link to .)
Installing inference_node script to /home/sadeep/mobile_receptionist_ws/src/install/object_tracker/lib/object_tracker
Installing lidar_subscriber script to /home/sadeep/mobile_receptionist_ws/src/install/object_tracker/lib/object_tracker
Installing lidar_subscriber_v2 script to /home/sadeep/mobile_receptionist_ws/src/install/object_tracker/lib/object_tracker
Installing visualizer script to /home/sadeep/mobile_receptionist_ws/src/install/object_tracker/lib/object_tracker

Installed /home/sadeep/mobile_receptionist_ws/src/build/object_tracker
running symlink_data
creating /home/sadeep/mobile_receptionist_ws/src/install/object_tracker/share/ament_index
creating /home/sadeep/mobile_receptionist_ws/src/install/object_tracker/share/ament_index/resource_index
creating /home/sadeep/mobile_receptionist_ws/src/install/object_tracker/share/ament_index/resource_index/packages
symbolically linking /home/sadeep/mobile_receptionist_ws/src/build/object_tracker/resource/object_tracker -> /home/sadeep/mobile_receptionist_ws/src/install/object_tracker/share/ament_index/resource_index/packages
symbolically linking /home/sadeep/mobile_receptionist_ws/src/build/object_tracker/package.xml -> /home/sadeep/mobile_receptionist_ws/src/install/object_tracker/share/object_tracker
