[0.667s] Invoking command in '/home/sadeep/mobile_receptionist_ws/src/build/object_tracker': AMENT_PREFIX_PATH=/home/sadeep/mobile_receptionist_ws/src/install/smrr_interfaces:${AMENT_PREFIX_PATH} CMAKE_PREFIX_PATH=/home/sadeep/mobile_receptionist_ws/src/install/smrr_interfaces:${CMAKE_PREFIX_PATH} LD_LIBRARY_PATH=/home/sadeep/mobile_receptionist_ws/src/install/smrr_interfaces/lib:/home/sadeep/mobile_receptionist_ws/install/smrr_executions/lib:/home/sadeep/mobile_receptionist_ws/install/smrr_interfaces/lib:/home/sadeep/mobile_receptionist_ws/install/realsense_gazebo_plugin/lib:/home/sadeep/mobile_receptionist_ws/install/gazebo_sfm_plugin/lib:/home/sadeep/sansar_arm_ws/install/sansar_arm_controller/lib:/home/sadeep/Projects/turbobot_ws/install/turbobot_firmware/lib:/usr/lib/x86_64-linux-gnu/gazebo-11/plugins:/opt/ros/humble/opt/rviz_ogre_vendor/lib:/opt/ros/humble/lib/x86_64-linux-gnu:/opt/ros/humble/lib:/usr/lib/x86_64-linux-gnu/gazebo-11/plugins PYTHONPATH=/home/sadeep/mobile_receptionist_ws/src/build/object_tracker/prefix_override:/usr/lib/python3/dist-packages/colcon_core/task/python/colcon_distutils_commands:/home/sadeep/mobile_receptionist_ws/src/install/object_tracker/lib/python3.10/site-packages:/home/sadeep/mobile_receptionist_ws/src/install/smrr_interfaces/local/lib/python3.10/dist-packages:${PYTHONPATH} /usr/bin/python3 -W ignore:setup.py install is deprecated setup.py develop --editable --build-directory /home/sadeep/mobile_receptionist_ws/src/build/object_tracker/build --no-deps symlink_data
[0.848s] running develop
[0.849s] /usr/lib/python3/dist-packages/setuptools/command/easy_install.py:158: EasyInstallDeprecationWarning: easy_install command is deprecated. Use build and pip and other standards-based tools.
[0.849s]   warnings.warn(
[0.982s] running egg_info
[0.982s] creating object_tracker.egg-info
[0.982s] writing object_tracker.egg-info/PKG-INFO
[0.982s] writing dependency_links to object_tracker.egg-info/dependency_links.txt
[0.982s] writing entry points to object_tracker.egg-info/entry_points.txt
[0.983s] writing requirements to object_tracker.egg-info/requires.txt
[0.983s] writing top-level names to object_tracker.egg-info/top_level.txt
[0.983s] writing manifest file 'object_tracker.egg-info/SOURCES.txt'
[0.984s] reading manifest file 'object_tracker.egg-info/SOURCES.txt'
[0.984s] writing manifest file 'object_tracker.egg-info/SOURCES.txt'
[1.013s] running build_ext
[1.013s] Creating /home/sadeep/mobile_receptionist_ws/src/install/object_tracker/lib/python3.10/site-packages/object-tracker.egg-link (link to .)
[1.014s] Installing inference_node script to /home/sadeep/mobile_receptionist_ws/src/install/object_tracker/lib/object_tracker
[1.014s] Installing lidar_subscriber script to /home/sadeep/mobile_receptionist_ws/src/install/object_tracker/lib/object_tracker
[1.014s] Installing lidar_subscriber_v2 script to /home/sadeep/mobile_receptionist_ws/src/install/object_tracker/lib/object_tracker
[1.014s] Installing visualizer script to /home/sadeep/mobile_receptionist_ws/src/install/object_tracker/lib/object_tracker
[1.014s] 
[1.014s] Installed /home/sadeep/mobile_receptionist_ws/src/build/object_tracker
[1.014s] running symlink_data
[1.014s] creating /home/sadeep/mobile_receptionist_ws/src/install/object_tracker/share/ament_index
[1.014s] creating /home/sadeep/mobile_receptionist_ws/src/install/object_tracker/share/ament_index/resource_index
[1.014s] creating /home/sadeep/mobile_receptionist_ws/src/install/object_tracker/share/ament_index/resource_index/packages
[1.014s] symbolically linking /home/sadeep/mobile_receptionist_ws/src/build/object_tracker/resource/object_tracker -> /home/sadeep/mobile_receptionist_ws/src/install/object_tracker/share/ament_index/resource_index/packages
[1.014s] symbolically linking /home/sadeep/mobile_receptionist_ws/src/build/object_tracker/package.xml -> /home/sadeep/mobile_receptionist_ws/src/install/object_tracker/share/object_tracker
[1.037s] Invoked command in '/home/sadeep/mobile_receptionist_ws/src/build/object_tracker' returned '0': AMENT_PREFIX_PATH=/home/sadeep/mobile_receptionist_ws/src/install/smrr_interfaces:${AMENT_PREFIX_PATH} CMAKE_PREFIX_PATH=/home/sadeep/mobile_receptionist_ws/src/install/smrr_interfaces:${CMAKE_PREFIX_PATH} LD_LIBRARY_PATH=/home/sadeep/mobile_receptionist_ws/src/install/smrr_interfaces/lib:/home/sadeep/mobile_receptionist_ws/install/smrr_executions/lib:/home/sadeep/mobile_receptionist_ws/install/smrr_interfaces/lib:/home/sadeep/mobile_receptionist_ws/install/realsense_gazebo_plugin/lib:/home/sadeep/mobile_receptionist_ws/install/gazebo_sfm_plugin/lib:/home/sadeep/sansar_arm_ws/install/sansar_arm_controller/lib:/home/sadeep/Projects/turbobot_ws/install/turbobot_firmware/lib:/usr/lib/x86_64-linux-gnu/gazebo-11/plugins:/opt/ros/humble/opt/rviz_ogre_vendor/lib:/opt/ros/humble/lib/x86_64-linux-gnu:/opt/ros/humble/lib:/usr/lib/x86_64-linux-gnu/gazebo-11/plugins PYTHONPATH=/home/sadeep/mobile_receptionist_ws/src/build/object_tracker/prefix_override:/usr/lib/python3/dist-packages/colcon_core/task/python/colcon_distutils_commands:/home/sadeep/mobile_receptionist_ws/src/install/object_tracker/lib/python3.10/site-packages:/home/sadeep/mobile_receptionist_ws/src/install/smrr_interfaces/local/lib/python3.10/dist-packages:${PYTHONPATH} /usr/bin/python3 -W ignore:setup.py install is deprecated setup.py develop --editable --build-directory /home/sadeep/mobile_receptionist_ws/src/build/object_tracker/build --no-deps symlink_data
